[ 2018-03-28T13:52:45+08:00 ] 127.0.0.1 /shop/index.php/home/index/index
INFO: [ app_init ] --START--
INFO: Run Behavior\BuildLiteBehavior [ RunTime:0.000028s ]
INFO: [ app_init ] --END-- [ RunTime:0.001065s ]
INFO: [ app_begin ] --START--
INFO: Run Behavior\ReadHtmlCacheBehavior [ RunTime:0.001556s ]
INFO: [ app_begin ] --END-- [ RunTime:0.001659s ]
SQL: SHOW COLUMNS FROM `sp_category` [ RunTime:0.0041s ]
SQL: SELECT * FROM `sp_category` WHERE `type` = 1  [ RunTime:0.0003s ]
SQL: SHOW COLUMNS FROM `sp_article` [ RunTime:0.0041s ]
SQL: SELECT * FROM `sp_article` WHERE `cateid` = 1  [ RunTime:0.0002s ]
SQL: SELECT * FROM `sp_article` WHERE `cateid` = 3  [ RunTime:0.0004s ]
SQL: SELECT * FROM `sp_article` WHERE `cateid` = 4  [ RunTime:0.0002s ]
SQL: SELECT * FROM `sp_article` WHERE `cateid` = 5  [ RunTime:0.0002s ]
SQL: SHOW COLUMNS FROM `sp_nav` [ RunTime:0.0041s ]
SQL: SELECT * FROM `sp_nav`  [ RunTime:0.0002s ]
NOTIC: [8] Undefined offset: 3 G:\phpstudy\PHPTutorial\WWW\shop\Application\Home\Controller\CommonController.class.php 第 30 行.
SQL: SHOW COLUMNS FROM `sp_config` [ RunTime:0.0041s ]
SQL: SELECT `enname`,`value` FROM `sp_config`  [ RunTime:0.0003s ]
SQL: SHOW COLUMNS FROM `sp_goods` [ RunTime:0.0042s ]
SQL: SHOW COLUMNS FROM `sp_recvalue` [ RunTime:0.0035s ]
SQL: SELECT `valueid` FROM `sp_recvalue` WHERE `recid` = 3 LIMIT 5   [ RunTime:0.0002s ]
SQL: SELECT * FROM `sp_goods` WHERE `id` = 1 LIMIT 1   [ RunTime:0.0002s ]
SQL: SELECT `valueid` FROM `sp_recvalue` WHERE `recid` = 2 LIMIT 5   [ RunTime:0.0001s ]
SQL: SELECT * FROM `sp_goods` WHERE `id` = 1 LIMIT 1   [ RunTime:0.0002s ]
SQL: SELECT `valueid` FROM `sp_recvalue` WHERE `recid` = 1 LIMIT 5   [ RunTime:0.0001s ]
SQL: SELECT `valueid` FROM `sp_recvalue` WHERE `recid` = 4 LIMIT 4   [ RunTime:0.0001s ]
SQL: SELECT * FROM `sp_goods` WHERE `id` = 1 LIMIT 1   [ RunTime:0.0002s ]
INFO: [ view_parse ] --START--
INFO: [ template_filter ] --START--
INFO: Run Behavior\ContentReplaceBehavior [ RunTime:0.000338s ]
INFO: [ template_filter ] --END-- [ RunTime:0.000378s ]
INFO: Run Behavior\ParseTemplateBehavior [ RunTime:0.048907s ]
INFO: [ view_parse ] --END-- [ RunTime:0.048955s ]
INFO: [ view_filter ] --START--
INFO: Run Behavior\WriteHtmlCacheBehavior [ RunTime:0.000615s ]
INFO: [ view_filter ] --END-- [ RunTime:0.000665s ]
INFO: [ app_end ] --START--
INFO: Run Behavior\ShowPageTraceBehavior [ RunTime:0.001025s ]
INFO: [ app_end ] --END-- [ RunTime:0.001062s ]

[ 2018-03-28T13:52:46+08:00 ] 127.0.0.1 /shop/index.php/home/index/list_files/transport.js
INFO: [ app_init ] --START--
INFO: Run Behavior\BuildLiteBehavior [ RunTime:0.000013s ]
INFO: [ app_init ] --END-- [ RunTime:0.000571s ]
INFO: [ app_begin ] --START--
INFO: Run Behavior\ReadHtmlCacheBehavior [ RunTime:0.000856s ]
INFO: [ app_begin ] --END-- [ RunTime:0.000913s ]
SQL: SHOW COLUMNS FROM `sp_category` [ RunTime:0.0058s ]
SQL: SELECT * FROM `sp_category` WHERE `type` = 1  [ RunTime:0.0002s ]
SQL: SHOW COLUMNS FROM `sp_article` [ RunTime:0.0045s ]
SQL: SELECT * FROM `sp_article` WHERE `cateid` = 1  [ RunTime:0.0002s ]
SQL: SELECT * FROM `sp_article` WHERE `cateid` = 3  [ RunTime:0.0001s ]
SQL: SELECT * FROM `sp_article` WHERE `cateid` = 4  [ RunTime:0.0001s ]
SQL: SELECT * FROM `sp_article` WHERE `cateid` = 5  [ RunTime:0.0001s ]
SQL: SHOW COLUMNS FROM `sp_nav` [ RunTime:0.0035s ]
SQL: SELECT * FROM `sp_nav`  [ RunTime:0.0003s ]
NOTIC: [8] Undefined offset: 3 G:\phpstudy\PHPTutorial\WWW\shop\Application\Home\Controller\CommonController.class.php 第 30 行.
SQL: SHOW COLUMNS FROM `sp_config` [ RunTime:0.0038s ]
SQL: SELECT `enname`,`value` FROM `sp_config`  [ RunTime:0.0002s ]
ERR: 非法操作:list_files

[ 2018-03-28T13:52:47+08:00 ] 127.0.0.1 /shop/index.php/home/index/list_files/utils.js
INFO: [ app_init ] --START--
INFO: Run Behavior\BuildLiteBehavior [ RunTime:0.000018s ]
INFO: [ app_init ] --END-- [ RunTime:0.000727s ]
INFO: [ app_begin ] --START--
INFO: Run Behavior\ReadHtmlCacheBehavior [ RunTime:0.001248s ]
INFO: [ app_begin ] --END-- [ RunTime:0.001309s ]
SQL: SHOW COLUMNS FROM `sp_category` [ RunTime:0.0065s ]
SQL: SELECT * FROM `sp_category` WHERE `type` = 1  [ RunTime:0.0002s ]
SQL: SHOW COLUMNS FROM `sp_article` [ RunTime:0.0044s ]
SQL: SELECT * FROM `sp_article` WHERE `cateid` = 1  [ RunTime:0.0004s ]
SQL: SELECT * FROM `sp_article` WHERE `cateid` = 3  [ RunTime:0.0002s ]
SQL: SELECT * FROM `sp_article` WHERE `cateid` = 4  [ RunTime:0.0002s ]
SQL: SELECT * FROM `sp_article` WHERE `cateid` = 5  [ RunTime:0.0002s ]
SQL: SHOW COLUMNS FROM `sp_nav` [ RunTime:0.0036s ]
SQL: SELECT * FROM `sp_nav`  [ RunTime:0.0002s ]
NOTIC: [8] Undefined offset: 3 G:\phpstudy\PHPTutorial\WWW\shop\Application\Home\Controller\CommonController.class.php 第 30 行.
SQL: SHOW COLUMNS FROM `sp_config` [ RunTime:0.0048s ]
SQL: SELECT `enname`,`value` FROM `sp_config`  [ RunTime:0.0002s ]
ERR: 非法操作:list_files

[ 2018-03-28T13:52:48+08:00 ] 127.0.0.1 /shop/index.php/home/index/mbmeilishuo/animated_favicon.gif
INFO: [ app_init ] --START--
INFO: Run Behavior\BuildLiteBehavior [ RunTime:0.000010s ]
INFO: [ app_init ] --END-- [ RunTime:0.000398s ]

[ 2018-03-28T13:52:48+08:00 ] 127.0.0.1 /shop/index.php/home/index/mbmeilishuo/favicon.ico
INFO: [ app_init ] --START--
INFO: Run Behavior\BuildLiteBehavior [ RunTime:0.000012s ]
INFO: [ app_init ] --END-- [ RunTime:0.000480s ]

[ 2018-03-28T13:54:10+08:00 ] 127.0.0.1 /shop/index.php/home/index/index
INFO: [ app_init ] --START--
INFO: Run Behavior\BuildLiteBehavior [ RunTime:0.000014s ]
INFO: [ app_init ] --END-- [ RunTime:0.000529s ]
INFO: [ app_begin ] --START--
INFO: Run Behavior\ReadHtmlCacheBehavior [ RunTime:0.000813s ]
INFO: [ app_begin ] --END-- [ RunTime:0.000868s ]
SQL: SHOW COLUMNS FROM `sp_category` [ RunTime:0.0043s ]
SQL: SELECT * FROM `sp_category` WHERE `type` = 1  [ RunTime:0.0002s ]
SQL: SHOW COLUMNS FROM `sp_article` [ RunTime:0.0038s ]
SQL: SELECT * FROM `sp_article` WHERE `cateid` = 1  [ RunTime:0.0002s ]
SQL: SELECT * FROM `sp_article` WHERE `cateid` = 3  [ RunTime:0.0001s ]
SQL: SELECT * FROM `sp_article` WHERE `cateid` = 4  [ RunTime:0.0001s ]
SQL: SELECT * FROM `sp_article` WHERE `cateid` = 5  [ RunTime:0.0001s ]
SQL: SHOW COLUMNS FROM `sp_nav` [ RunTime:0.0047s ]
SQL: SELECT * FROM `sp_nav`  [ RunTime:0.0003s ]
NOTIC: [8] Undefined offset: 3 G:\phpstudy\PHPTutorial\WWW\shop\Application\Home\Controller\CommonController.class.php 第 30 行.
SQL: SHOW COLUMNS FROM `sp_config` [ RunTime:0.0038s ]
SQL: SELECT `enname`,`value` FROM `sp_config`  [ RunTime:0.0002s ]
SQL: SHOW COLUMNS FROM `sp_goods` [ RunTime:0.0041s ]
SQL: SHOW COLUMNS FROM `sp_recvalue` [ RunTime:0.0034s ]
SQL: SELECT `valueid` FROM `sp_recvalue` WHERE `recid` = 3 LIMIT 5   [ RunTime:0.0002s ]
SQL: SELECT * FROM `sp_goods` WHERE `id` = 1 LIMIT 1   [ RunTime:0.0002s ]
SQL: SELECT * FROM `sp_goods` WHERE `id` = 2 LIMIT 1   [ RunTime:0.0002s ]
SQL: SELECT * FROM `sp_goods` WHERE `id` = 3 LIMIT 1   [ RunTime:0.0002s ]
SQL: SELECT `valueid` FROM `sp_recvalue` WHERE `recid` = 2 LIMIT 5   [ RunTime:0.0002s ]
SQL: SELECT * FROM `sp_goods` WHERE `id` = 1 LIMIT 1   [ RunTime:0.0002s ]
SQL: SELECT * FROM `sp_goods` WHERE `id` = 2 LIMIT 1   [ RunTime:0.0003s ]
SQL: SELECT * FROM `sp_goods` WHERE `id` = 3 LIMIT 1   [ RunTime:0.0002s ]
SQL: SELECT `valueid` FROM `sp_recvalue` WHERE `recid` = 1 LIMIT 5   [ RunTime:0.0002s ]
SQL: SELECT * FROM `sp_goods` WHERE `id` = 2 LIMIT 1   [ RunTime:0.0002s ]
SQL: SELECT * FROM `sp_goods` WHERE `id` = 3 LIMIT 1   [ RunTime:0.0003s ]
SQL: SELECT `valueid` FROM `sp_recvalue` WHERE `recid` = 4 LIMIT 4   [ RunTime:0.0002s ]
SQL: SELECT * FROM `sp_goods` WHERE `id` = 1 LIMIT 1   [ RunTime:0.0004s ]
SQL: SELECT * FROM `sp_goods` WHERE `id` = 2 LIMIT 1   [ RunTime:0.0002s ]
SQL: SELECT * FROM `sp_goods` WHERE `id` = 3 LIMIT 1   [ RunTime:0.0003s ]
INFO: [ view_parse ] --START--
INFO: [ template_filter ] --START--
INFO: Run Behavior\ContentReplaceBehavior [ RunTime:0.000307s ]
INFO: [ template_filter ] --END-- [ RunTime:0.000346s ]
INFO: Run Behavior\ParseTemplateBehavior [ RunTime:0.020491s ]
INFO: [ view_parse ] --END-- [ RunTime:0.020543s ]
INFO: [ view_filter ] --START--
INFO: Run Behavior\WriteHtmlCacheBehavior [ RunTime:0.000351s ]
INFO: [ view_filter ] --END-- [ RunTime:0.000378s ]
INFO: [ app_end ] --START--
INFO: Run Behavior\ShowPageTraceBehavior [ RunTime:0.000860s ]
INFO: [ app_end ] --END-- [ RunTime:0.000893s ]

[ 2018-03-28T13:54:11+08:00 ] 127.0.0.1 /shop/index.php/home/index/list_files/utils.js
INFO: [ app_init ] --START--
INFO: Run Behavior\BuildLiteBehavior [ RunTime:0.000014s ]
INFO: [ app_init ] --END-- [ RunTime:0.000585s ]
INFO: [ app_begin ] --START--
INFO: Run Behavior\ReadHtmlCacheBehavior [ RunTime:0.000828s ]
INFO: [ app_begin ] --END-- [ RunTime:0.000887s ]
SQL: SHOW COLUMNS FROM `sp_category` [ RunTime:0.0067s ]
SQL: SELECT * FROM `sp_category` WHERE `type` = 1  [ RunTime:0.0002s ]
SQL: SHOW COLUMNS FROM `sp_article` [ RunTime:0.0042s ]
SQL: SELECT * FROM `sp_article` WHERE `cateid` = 1  [ RunTime:0.0002s ]
SQL: SELECT * FROM `sp_article` WHERE `cateid` = 3  [ RunTime:0.0002s ]
SQL: SELECT * FROM `sp_article` WHERE `cateid` = 4  [ RunTime:0.0002s ]
SQL: SELECT * FROM `sp_article` WHERE `cateid` = 5  [ RunTime:0.0002s ]
SQL: SHOW COLUMNS FROM `sp_nav` [ RunTime:0.0039s ]
SQL: SELECT * FROM `sp_nav`  [ RunTime:0.0002s ]
NOTIC: [8] Undefined offset: 3 G:\phpstudy\PHPTutorial\WWW\shop\Application\Home\Controller\CommonController.class.php 第 30 行.
SQL: SHOW COLUMNS FROM `sp_config` [ RunTime:0.0034s ]
SQL: SELECT `enname`,`value` FROM `sp_config`  [ RunTime:0.0002s ]
ERR: 非法操作:list_files

[ 2018-03-28T13:54:12+08:00 ] 127.0.0.1 /shop/index.php/home/index/list_files/transport.js
INFO: [ app_init ] --START--
INFO: Run Behavior\BuildLiteBehavior [ RunTime:0.000017s ]
INFO: [ app_init ] --END-- [ RunTime:0.000544s ]
INFO: [ app_begin ] --START--
INFO: Run Behavior\ReadHtmlCacheBehavior [ RunTime:0.000754s ]
INFO: [ app_begin ] --END-- [ RunTime:0.000795s ]
SQL: SHOW COLUMNS FROM `sp_category` [ RunTime:0.0064s ]
SQL: SELECT * FROM `sp_category` WHERE `type` = 1  [ RunTime:0.0002s ]
SQL: SHOW COLUMNS FROM `sp_article` [ RunTime:0.0037s ]
SQL: SELECT * FROM `sp_article` WHERE `cateid` = 1  [ RunTime:0.0003s ]
SQL: SELECT * FROM `sp_article` WHERE `cateid` = 3  [ RunTime:0.0002s ]
SQL: SELECT * FROM `sp_article` WHERE `cateid` = 4  [ RunTime:0.0002s ]
SQL: SELECT * FROM `sp_article` WHERE `cateid` = 5  [ RunTime:0.0002s ]
SQL: SHOW COLUMNS FROM `sp_nav` [ RunTime:0.0041s ]
SQL: SELECT * FROM `sp_nav`  [ RunTime:0.0002s ]
NOTIC: [8] Undefined offset: 3 G:\phpstudy\PHPTutorial\WWW\shop\Application\Home\Controller\CommonController.class.php 第 30 行.
SQL: SHOW COLUMNS FROM `sp_config` [ RunTime:0.0037s ]
SQL: SELECT `enname`,`value` FROM `sp_config`  [ RunTime:0.0003s ]
ERR: 非法操作:list_files

[ 2018-03-28T13:54:13+08:00 ] 127.0.0.1 /shop/index.php/home/index/list_files/utils.js
INFO: [ app_init ] --START--
INFO: Run Behavior\BuildLiteBehavior [ RunTime:0.000016s ]
INFO: [ app_init ] --END-- [ RunTime:0.000533s ]
INFO: [ app_begin ] --START--
INFO: Run Behavior\ReadHtmlCacheBehavior [ RunTime:0.000774s ]
INFO: [ app_begin ] --END-- [ RunTime:0.000822s ]
SQL: SHOW COLUMNS FROM `sp_category` [ RunTime:0.0066s ]
SQL: SELECT * FROM `sp_category` WHERE `type` = 1  [ RunTime:0.0002s ]
SQL: SHOW COLUMNS FROM `sp_article` [ RunTime:0.0046s ]
SQL: SELECT * FROM `sp_article` WHERE `cateid` = 1  [ RunTime:0.0002s ]
SQL: SELECT * FROM `sp_article` WHERE `cateid` = 3  [ RunTime:0.0002s ]
SQL: SELECT * FROM `sp_article` WHERE `cateid` = 4  [ RunTime:0.0002s ]
SQL: SELECT * FROM `sp_article` WHERE `cateid` = 5  [ RunTime:0.0002s ]
SQL: SHOW COLUMNS FROM `sp_nav` [ RunTime:0.0040s ]
SQL: SELECT * FROM `sp_nav`  [ RunTime:0.0003s ]
NOTIC: [8] Undefined offset: 3 G:\phpstudy\PHPTutorial\WWW\shop\Application\Home\Controller\CommonController.class.php 第 30 行.
SQL: SHOW COLUMNS FROM `sp_config` [ RunTime:0.0042s ]
SQL: SELECT `enname`,`value` FROM `sp_config`  [ RunTime:0.0002s ]
ERR: 非法操作:list_files

[ 2018-03-28T14:00:26+08:00 ] 127.0.0.1 /shop/index.php/home/index/index
INFO: [ app_init ] --START--
INFO: Run Behavior\BuildLiteBehavior [ RunTime:0.000013s ]
INFO: [ app_init ] --END-- [ RunTime:0.000612s ]
INFO: [ app_begin ] --START--
INFO: Run Behavior\ReadHtmlCacheBehavior [ RunTime:0.000923s ]
INFO: [ app_begin ] --END-- [ RunTime:0.000963s ]
SQL: SHOW COLUMNS FROM `sp_category` [ RunTime:0.0064s ]
SQL: SELECT * FROM `sp_category` WHERE `type` = 1  [ RunTime:0.0003s ]
SQL: SHOW COLUMNS FROM `sp_article` [ RunTime:0.0046s ]
SQL: SELECT * FROM `sp_article` WHERE `cateid` = 1  [ RunTime:0.0002s ]
SQL: SELECT * FROM `sp_article` WHERE `cateid` = 3  [ RunTime:0.0002s ]
SQL: SELECT * FROM `sp_article` WHERE `cateid` = 4  [ RunTime:0.0002s ]
SQL: SELECT * FROM `sp_article` WHERE `cateid` = 5  [ RunTime:0.0002s ]
SQL: SHOW COLUMNS FROM `sp_nav` [ RunTime:0.0038s ]
SQL: SELECT * FROM `sp_nav`  [ RunTime:0.0002s ]
NOTIC: [8] Undefined offset: 3 G:\phpstudy\PHPTutorial\WWW\shop\Application\Home\Controller\CommonController.class.php 第 30 行.
SQL: SHOW COLUMNS FROM `sp_config` [ RunTime:0.0038s ]
SQL: SELECT `enname`,`value` FROM `sp_config`  [ RunTime:0.0002s ]
SQL: SHOW COLUMNS FROM `sp_goods` [ RunTime:0.0048s ]
SQL: SHOW COLUMNS FROM `sp_recvalue` [ RunTime:0.0038s ]
SQL: SELECT `valueid` FROM `sp_recvalue` WHERE `recid` = 3 LIMIT 5   [ RunTime:0.0002s ]
SQL: SELECT * FROM `sp_goods` WHERE `id` = 1 LIMIT 1   [ RunTime:0.0003s ]
SQL: SELECT * FROM `sp_goods` WHERE `id` = 2 LIMIT 1   [ RunTime:0.0002s ]
SQL: SELECT * FROM `sp_goods` WHERE `id` = 3 LIMIT 1   [ RunTime:0.0002s ]
SQL: SELECT `valueid` FROM `sp_recvalue` WHERE `recid` = 2 LIMIT 5   [ RunTime:0.0002s ]
SQL: SELECT * FROM `sp_goods` WHERE `id` = 1 LIMIT 1   [ RunTime:0.0002s ]
SQL: SELECT * FROM `sp_goods` WHERE `id` = 2 LIMIT 1   [ RunTime:0.0002s ]
SQL: SELECT * FROM `sp_goods` WHERE `id` = 3 LIMIT 1   [ RunTime:0.0002s ]
SQL: SELECT `valueid` FROM `sp_recvalue` WHERE `recid` = 1 LIMIT 5   [ RunTime:0.0002s ]
SQL: SELECT * FROM `sp_goods` WHERE `id` = 2 LIMIT 1   [ RunTime:0.0002s ]
SQL: SELECT * FROM `sp_goods` WHERE `id` = 3 LIMIT 1   [ RunTime:0.0002s ]
SQL: SELECT `valueid` FROM `sp_recvalue` WHERE `recid` = 4 LIMIT 4   [ RunTime:0.0002s ]
SQL: SELECT * FROM `sp_goods` WHERE `id` = 1 LIMIT 1   [ RunTime:0.0003s ]
SQL: SELECT * FROM `sp_goods` WHERE `id` = 2 LIMIT 1   [ RunTime:0.0002s ]
SQL: SELECT * FROM `sp_goods` WHERE `id` = 3 LIMIT 1   [ RunTime:0.0002s ]
INFO: [ view_parse ] --START--
INFO: [ template_filter ] --START--
INFO: Run Behavior\ContentReplaceBehavior [ RunTime:0.000339s ]
INFO: [ template_filter ] --END-- [ RunTime:0.000398s ]
INFO: Run Behavior\ParseTemplateBehavior [ RunTime:0.024016s ]
INFO: [ view_parse ] --END-- [ RunTime:0.024077s ]
INFO: [ view_filter ] --START--
INFO: Run Behavior\WriteHtmlCacheBehavior [ RunTime:0.000593s ]
INFO: [ view_filter ] --END-- [ RunTime:0.000621s ]
INFO: [ app_end ] --START--
INFO: Run Behavior\ShowPageTraceBehavior [ RunTime:0.000809s ]
INFO: [ app_end ] --END-- [ RunTime:0.000857s ]

[ 2018-03-28T14:00:27+08:00 ] 127.0.0.1 /shop/index.php/home/index/list_files/transport.js
INFO: [ app_init ] --START--
INFO: Run Behavior\BuildLiteBehavior [ RunTime:0.000012s ]
INFO: [ app_init ] --END-- [ RunTime:0.000673s ]
INFO: [ app_begin ] --START--
INFO: Run Behavior\ReadHtmlCacheBehavior [ RunTime:0.000989s ]
INFO: [ app_begin ] --END-- [ RunTime:0.001063s ]
SQL: SHOW COLUMNS FROM `sp_category` [ RunTime:0.0062s ]
SQL: SELECT * FROM `sp_category` WHERE `type` = 1  [ RunTime:0.0002s ]
SQL: SHOW COLUMNS FROM `sp_article` [ RunTime:0.0046s ]
SQL: SELECT * FROM `sp_article` WHERE `cateid` = 1  [ RunTime:0.0003s ]
SQL: SELECT * FROM `sp_article` WHERE `cateid` = 3  [ RunTime:0.0002s ]
SQL: SELECT * FROM `sp_article` WHERE `cateid` = 4  [ RunTime:0.0002s ]
SQL: SELECT * FROM `sp_article` WHERE `cateid` = 5  [ RunTime:0.0002s ]
SQL: SHOW COLUMNS FROM `sp_nav` [ RunTime:0.0040s ]
SQL: SELECT * FROM `sp_nav`  [ RunTime:0.0003s ]
NOTIC: [8] Undefined offset: 3 G:\phpstudy\PHPTutorial\WWW\shop\Application\Home\Controller\CommonController.class.php 第 30 行.
SQL: SHOW COLUMNS FROM `sp_config` [ RunTime:0.0039s ]
SQL: SELECT `enname`,`value` FROM `sp_config`  [ RunTime:0.0003s ]
ERR: 非法操作:list_files

[ 2018-03-28T14:00:28+08:00 ] 127.0.0.1 /shop/index.php/home/index/list_files/utils.js
INFO: [ app_init ] --START--
INFO: Run Behavior\BuildLiteBehavior [ RunTime:0.000016s ]
INFO: [ app_init ] --END-- [ RunTime:0.000671s ]
INFO: [ app_begin ] --START--
INFO: Run Behavior\ReadHtmlCacheBehavior [ RunTime:0.001198s ]
INFO: [ app_begin ] --END-- [ RunTime:0.001268s ]
SQL: SHOW COLUMNS FROM `sp_category` [ RunTime:0.0057s ]
SQL: SELECT * FROM `sp_category` WHERE `type` = 1  [ RunTime:0.0002s ]
SQL: SHOW COLUMNS FROM `sp_article` [ RunTime:0.0037s ]
SQL: SELECT * FROM `sp_article` WHERE `cateid` = 1  [ RunTime:0.0002s ]
SQL: SELECT * FROM `sp_article` WHERE `cateid` = 3  [ RunTime:0.0002s ]
SQL: SELECT * FROM `sp_article` WHERE `cateid` = 4  [ RunTime:0.0002s ]
SQL: SELECT * FROM `sp_article` WHERE `cateid` = 5  [ RunTime:0.0002s ]
SQL: SHOW COLUMNS FROM `sp_nav` [ RunTime:0.0040s ]
SQL: SELECT * FROM `sp_nav`  [ RunTime:0.0001s ]
NOTIC: [8] Undefined offset: 3 G:\phpstudy\PHPTutorial\WWW\shop\Application\Home\Controller\CommonController.class.php 第 30 行.
SQL: SHOW COLUMNS FROM `sp_config` [ RunTime:0.0039s ]
SQL: SELECT `enname`,`value` FROM `sp_config`  [ RunTime:0.0002s ]
ERR: 非法操作:list_files

[ 2018-03-28T14:03:00+08:00 ] 127.0.0.1 /shop/index.php/home/index/index
INFO: [ app_init ] --START--
INFO: Run Behavior\BuildLiteBehavior [ RunTime:0.000013s ]
INFO: [ app_init ] --END-- [ RunTime:0.000431s ]
INFO: [ app_begin ] --START--
INFO: Run Behavior\ReadHtmlCacheBehavior [ RunTime:0.001082s ]
INFO: [ app_begin ] --END-- [ RunTime:0.001134s ]
SQL: SHOW COLUMNS FROM `sp_category` [ RunTime:0.0071s ]
SQL: SELECT * FROM `sp_category` WHERE `type` = 1  [ RunTime:0.0002s ]
SQL: SHOW COLUMNS FROM `sp_article` [ RunTime:0.0035s ]
SQL: SELECT * FROM `sp_article` WHERE `cateid` = 1  [ RunTime:0.0002s ]
SQL: SELECT * FROM `sp_article` WHERE `cateid` = 3  [ RunTime:0.0002s ]
SQL: SELECT * FROM `sp_article` WHERE `cateid` = 4  [ RunTime:0.0002s ]
SQL: SELECT * FROM `sp_article` WHERE `cateid` = 5  [ RunTime:0.0002s ]
SQL: SHOW COLUMNS FROM `sp_nav` [ RunTime:0.0035s ]
SQL: SELECT * FROM `sp_nav`  [ RunTime:0.0004s ]
NOTIC: [8] Undefined offset: 3 G:\phpstudy\PHPTutorial\WWW\shop\Application\Home\Controller\CommonController.class.php 第 30 行.
SQL: SHOW COLUMNS FROM `sp_config` [ RunTime:0.0051s ]
SQL: SELECT `enname`,`value` FROM `sp_config`  [ RunTime:0.0003s ]
SQL: SHOW COLUMNS FROM `sp_goods` [ RunTime:0.0042s ]
SQL: SHOW COLUMNS FROM `sp_recvalue` [ RunTime:0.0043s ]
SQL: SELECT `valueid` FROM `sp_recvalue` WHERE `recid` = 3 LIMIT 5   [ RunTime:0.0003s ]
SQL: SELECT * FROM `sp_goods` WHERE `id` = 1 LIMIT 1   [ RunTime:0.0002s ]
SQL: SELECT * FROM `sp_goods` WHERE `id` = 2 LIMIT 1   [ RunTime:0.0002s ]
SQL: SELECT * FROM `sp_goods` WHERE `id` = 3 LIMIT 1   [ RunTime:0.0002s ]
SQL: SELECT `valueid` FROM `sp_recvalue` WHERE `recid` = 2 LIMIT 5   [ RunTime:0.0002s ]
SQL: SELECT * FROM `sp_goods` WHERE `id` = 1 LIMIT 1   [ RunTime:0.0002s ]
SQL: SELECT * FROM `sp_goods` WHERE `id` = 2 LIMIT 1   [ RunTime:0.0002s ]
SQL: SELECT * FROM `sp_goods` WHERE `id` = 3 LIMIT 1   [ RunTime:0.0002s ]
SQL: SELECT `valueid` FROM `sp_recvalue` WHERE `recid` = 1 LIMIT 5   [ RunTime:0.0002s ]
SQL: SELECT * FROM `sp_goods` WHERE `id` = 2 LIMIT 1   [ RunTime:0.0002s ]
SQL: SELECT * FROM `sp_goods` WHERE `id` = 3 LIMIT 1   [ RunTime:0.0002s ]
SQL: SELECT `valueid` FROM `sp_recvalue` WHERE `recid` = 4 LIMIT 4   [ RunTime:0.0002s ]
SQL: SELECT * FROM `sp_goods` WHERE `id` = 1 LIMIT 1   [ RunTime:0.0002s ]
SQL: SELECT * FROM `sp_goods` WHERE `id` = 2 LIMIT 1   [ RunTime:0.0002s ]
SQL: SELECT * FROM `sp_goods` WHERE `id` = 3 LIMIT 1   [ RunTime:0.0002s ]
INFO: [ view_parse ] --START--
INFO: [ template_filter ] --START--
INFO: Run Behavior\ContentReplaceBehavior [ RunTime:0.000421s ]
INFO: [ template_filter ] --END-- [ RunTime:0.000468s ]
INFO: Run Behavior\ParseTemplateBehavior [ RunTime:0.023366s ]
INFO: [ view_parse ] --END-- [ RunTime:0.023418s ]
INFO: [ view_filter ] --START--
INFO: Run Behavior\WriteHtmlCacheBehavior [ RunTime:0.000707s ]
INFO: [ view_filter ] --END-- [ RunTime:0.000738s ]
INFO: [ app_end ] --START--
INFO: Run Behavior\ShowPageTraceBehavior [ RunTime:0.001460s ]
INFO: [ app_end ] --END-- [ RunTime:0.001567s ]

[ 2018-03-28T14:03:01+08:00 ] 127.0.0.1 /shop/index.php/home/index/list_files/transport.js
INFO: [ app_init ] --START--
INFO: Run Behavior\BuildLiteBehavior [ RunTime:0.000016s ]
INFO: [ app_init ] --END-- [ RunTime:0.000510s ]
INFO: [ app_begin ] --START--
INFO: Run Behavior\ReadHtmlCacheBehavior [ RunTime:0.000899s ]
INFO: [ app_begin ] --END-- [ RunTime:0.000956s ]
SQL: SHOW COLUMNS FROM `sp_category` [ RunTime:0.0063s ]
SQL: SELECT * FROM `sp_category` WHERE `type` = 1  [ RunTime:0.0003s ]
SQL: SHOW COLUMNS FROM `sp_article` [ RunTime:0.0040s ]
SQL: SELECT * FROM `sp_article` WHERE `cateid` = 1  [ RunTime:0.0002s ]
SQL: SELECT * FROM `sp_article` WHERE `cateid` = 3  [ RunTime:0.0002s ]
SQL: SELECT * FROM `sp_article` WHERE `cateid` = 4  [ RunTime:0.0001s ]
SQL: SELECT * FROM `sp_article` WHERE `cateid` = 5  [ RunTime:0.0001s ]
SQL: SHOW COLUMNS FROM `sp_nav` [ RunTime:0.0046s ]
SQL: SELECT * FROM `sp_nav`  [ RunTime:0.0002s ]
NOTIC: [8] Undefined offset: 3 G:\phpstudy\PHPTutorial\WWW\shop\Application\Home\Controller\CommonController.class.php 第 30 行.
SQL: SHOW COLUMNS FROM `sp_config` [ RunTime:0.0034s ]
SQL: SELECT `enname`,`value` FROM `sp_config`  [ RunTime:0.0001s ]
ERR: 非法操作:list_files

[ 2018-03-28T14:03:03+08:00 ] 127.0.0.1 /shop/index.php/home/index/list_files/utils.js
INFO: [ app_init ] --START--
INFO: Run Behavior\BuildLiteBehavior [ RunTime:0.000020s ]
INFO: [ app_init ] --END-- [ RunTime:0.000687s ]
INFO: [ app_begin ] --START--
INFO: Run Behavior\ReadHtmlCacheBehavior [ RunTime:0.001080s ]
INFO: [ app_begin ] --END-- [ RunTime:0.001159s ]
SQL: SHOW COLUMNS FROM `sp_category` [ RunTime:0.0063s ]
SQL: SELECT * FROM `sp_category` WHERE `type` = 1  [ RunTime:0.0002s ]
SQL: SHOW COLUMNS FROM `sp_article` [ RunTime:0.0036s ]
SQL: SELECT * FROM `sp_article` WHERE `cateid` = 1  [ RunTime:0.0002s ]
SQL: SELECT * FROM `sp_article` WHERE `cateid` = 3  [ RunTime:0.0002s ]
SQL: SELECT * FROM `sp_article` WHERE `cateid` = 4  [ RunTime:0.0002s ]
SQL: SELECT * FROM `sp_article` WHERE `cateid` = 5  [ RunTime:0.0001s ]
SQL: SHOW COLUMNS FROM `sp_nav` [ RunTime:0.0039s ]
SQL: SELECT * FROM `sp_nav`  [ RunTime:0.0002s ]
NOTIC: [8] Undefined offset: 3 G:\phpstudy\PHPTutorial\WWW\shop\Application\Home\Controller\CommonController.class.php 第 30 行.
SQL: SHOW COLUMNS FROM `sp_config` [ RunTime:0.0036s ]
SQL: SELECT `enname`,`value` FROM `sp_config`  [ RunTime:0.0003s ]
ERR: 非法操作:list_files

[ 2018-03-28T15:52:03+08:00 ] 127.0.0.1 /shop/index.php/home/index/index
INFO: [ app_init ] --START--
INFO: Run Behavior\BuildLiteBehavior [ RunTime:0.000012s ]
INFO: [ app_init ] --END-- [ RunTime:0.000467s ]
INFO: [ app_begin ] --START--
INFO: Run Behavior\ReadHtmlCacheBehavior [ RunTime:0.001235s ]
INFO: [ app_begin ] --END-- [ RunTime:0.001322s ]
SQL: SHOW COLUMNS FROM `sp_category` [ RunTime:0.0064s ]
SQL: SELECT * FROM `sp_category` WHERE `type` = 1  [ RunTime:0.0002s ]
SQL: SHOW COLUMNS FROM `sp_article` [ RunTime:0.0041s ]
SQL: SELECT * FROM `sp_article` WHERE `cateid` = 1  [ RunTime:0.0002s ]
SQL: SELECT * FROM `sp_article` WHERE `cateid` = 3  [ RunTime:0.0002s ]
SQL: SELECT * FROM `sp_article` WHERE `cateid` = 4  [ RunTime:0.0002s ]
SQL: SELECT * FROM `sp_article` WHERE `cateid` = 5  [ RunTime:0.0002s ]
SQL: SHOW COLUMNS FROM `sp_nav` [ RunTime:0.0048s ]
SQL: SELECT * FROM `sp_nav`  [ RunTime:0.0002s ]
NOTIC: [8] Undefined offset: 3 G:\phpstudy\PHPTutorial\WWW\shop\Application\Home\Controller\CommonController.class.php 第 30 行.
SQL: SHOW COLUMNS FROM `sp_config` [ RunTime:0.0044s ]
SQL: SELECT `enname`,`value` FROM `sp_config`  [ RunTime:0.0003s ]
SQL: SHOW COLUMNS FROM `sp_goods` [ RunTime:0.0055s ]
SQL: SHOW COLUMNS FROM `sp_recvalue` [ RunTime:0.0041s ]
SQL: SELECT `valueid` FROM `sp_recvalue` WHERE `recid` = 3 LIMIT 5   [ RunTime:0.0002s ]
SQL: SELECT * FROM `sp_goods` WHERE `id` = 1 LIMIT 1   [ RunTime:0.0003s ]
SQL: SELECT * FROM `sp_goods` WHERE `id` = 2 LIMIT 1   [ RunTime:0.0002s ]
SQL: SELECT * FROM `sp_goods` WHERE `id` = 3 LIMIT 1   [ RunTime:0.0002s ]
SQL: SELECT `valueid` FROM `sp_recvalue` WHERE `recid` = 2 LIMIT 5   [ RunTime:0.0002s ]
SQL: SELECT * FROM `sp_goods` WHERE `id` = 1 LIMIT 1   [ RunTime:0.0002s ]
SQL: SELECT * FROM `sp_goods` WHERE `id` = 2 LIMIT 1   [ RunTime:0.0002s ]
SQL: SELECT * FROM `sp_goods` WHERE `id` = 3 LIMIT 1   [ RunTime:0.0002s ]
SQL: SELECT `valueid` FROM `sp_recvalue` WHERE `recid` = 1 LIMIT 5   [ RunTime:0.0002s ]
SQL: SELECT * FROM `sp_goods` WHERE `id` = 2 LIMIT 1   [ RunTime:0.0002s ]
SQL: SELECT * FROM `sp_goods` WHERE `id` = 3 LIMIT 1   [ RunTime:0.0002s ]
SQL: SELECT `valueid` FROM `sp_recvalue` WHERE `recid` = 4 LIMIT 4   [ RunTime:0.0002s ]
SQL: SELECT * FROM `sp_goods` WHERE `id` = 1 LIMIT 1   [ RunTime:0.0002s ]
SQL: SELECT * FROM `sp_goods` WHERE `id` = 2 LIMIT 1   [ RunTime:0.0002s ]
SQL: SELECT * FROM `sp_goods` WHERE `id` = 3 LIMIT 1   [ RunTime:0.0002s ]
SQL: SHOW COLUMNS FROM `sp_cate` [ RunTime:0.0039s ]
SQL: SELECT `valueid` FROM `sp_recvalue` WHERE `recid` = 5  [ RunTime:0.0002s ]
SQL: SELECT `valueid` FROM `sp_recvalue` WHERE `recid` = 6  [ RunTime:0.0002s ]
SQL: SELECT `id`,`catename` FROM `sp_cate` WHERE `id` = 1 LIMIT 1   [ RunTime:0.0002s ]
SQL: SELECT * FROM `sp_cate`  [ RunTime:0.0003s ]
SQL: SELECT `id` FROM `sp_goods` WHERE ( cate_id IN (1,3,6) ) ORDER BY id desc  [ RunTime:0.0003s ]
INFO: [ view_parse ] --START--
INFO: [ template_filter ] --START--
INFO: Run Behavior\ContentReplaceBehavior [ RunTime:0.000150s ]
INFO: [ template_filter ] --END-- [ RunTime:0.000209s ]
NOTIC: [8] Undefined variable: navres G:\phpstudy\PHPTutorial\WWW\shop\Application\Runtime\Cache\Home\4444dba8a9b760dcff3c32c405202b5c.php 第 232 行.
NOTIC: [8] Undefined index: recgoods G:\phpstudy\PHPTutorial\WWW\shop\Application\Runtime\Cache\Home\4444dba8a9b760dcff3c32c405202b5c.php 第 349 行.
NOTIC: [2] Invalid argument supplied for foreach() G:\phpstudy\PHPTutorial\WWW\shop\Application\Runtime\Cache\Home\4444dba8a9b760dcff3c32c405202b5c.php 第 349 行.
INFO: Run Behavior\ParseTemplateBehavior [ RunTime:0.017816s ]
INFO: [ view_parse ] --END-- [ RunTime:0.017852s ]
INFO: [ view_filter ] --START--
INFO: Run Behavior\WriteHtmlCacheBehavior [ RunTime:0.000658s ]
INFO: [ view_filter ] --END-- [ RunTime:0.000686s ]
INFO: [ app_end ] --START--
INFO: Run Behavior\ShowPageTraceBehavior [ RunTime:0.000972s ]
INFO: [ app_end ] --END-- [ RunTime:0.001012s ]

[ 2018-03-28T15:52:04+08:00 ] 127.0.0.1 /shop/index.php/home/index/list_files/transport.js
INFO: [ app_init ] --START--
INFO: Run Behavior\BuildLiteBehavior [ RunTime:0.000023s ]
INFO: [ app_init ] --END-- [ RunTime:0.000655s ]
INFO: [ app_begin ] --START--
INFO: Run Behavior\ReadHtmlCacheBehavior [ RunTime:0.001238s ]
INFO: [ app_begin ] --END-- [ RunTime:0.001307s ]
SQL: SHOW COLUMNS FROM `sp_category` [ RunTime:0.0073s ]
SQL: SELECT * FROM `sp_category` WHERE `type` = 1  [ RunTime:0.0002s ]
SQL: SHOW COLUMNS FROM `sp_article` [ RunTime:0.0043s ]
SQL: SELECT * FROM `sp_article` WHERE `cateid` = 1  [ RunTime:0.0003s ]
SQL: SELECT * FROM `sp_article` WHERE `cateid` = 3  [ RunTime:0.0002s ]
SQL: SELECT * FROM `sp_article` WHERE `cateid` = 4  [ RunTime:0.0001s ]
SQL: SELECT * FROM `sp_article` WHERE `cateid` = 5  [ RunTime:0.0002s ]
SQL: SHOW COLUMNS FROM `sp_nav` [ RunTime:0.0034s ]
SQL: SELECT * FROM `sp_nav`  [ RunTime:0.0004s ]
NOTIC: [8] Undefined offset: 3 G:\phpstudy\PHPTutorial\WWW\shop\Application\Home\Controller\CommonController.class.php 第 30 行.
SQL: SHOW COLUMNS FROM `sp_config` [ RunTime:0.0038s ]
SQL: SELECT `enname`,`value` FROM `sp_config`  [ RunTime:0.0002s ]
ERR: 非法操作:list_files

[ 2018-03-28T15:52:06+08:00 ] 127.0.0.1 /shop/index.php/home/index/list_files/utils.js
INFO: [ app_init ] --START--
INFO: Run Behavior\BuildLiteBehavior [ RunTime:0.000018s ]
INFO: [ app_init ] --END-- [ RunTime:0.000578s ]
INFO: [ app_begin ] --START--
INFO: Run Behavior\ReadHtmlCacheBehavior [ RunTime:0.001056s ]
INFO: [ app_begin ] --END-- [ RunTime:0.001117s ]
SQL: SHOW COLUMNS FROM `sp_category` [ RunTime:0.0063s ]
SQL: SELECT * FROM `sp_category` WHERE `type` = 1  [ RunTime:0.0002s ]
SQL: SHOW COLUMNS FROM `sp_article` [ RunTime:0.0035s ]
SQL: SELECT * FROM `sp_article` WHERE `cateid` = 1  [ RunTime:0.0002s ]
SQL: SELECT * FROM `sp_article` WHERE `cateid` = 3  [ RunTime:0.0002s ]
SQL: SELECT * FROM `sp_article` WHERE `cateid` = 4  [ RunTime:0.0002s ]
SQL: SELECT * FROM `sp_article` WHERE `cateid` = 5  [ RunTime:0.0001s ]
SQL: SHOW COLUMNS FROM `sp_nav` [ RunTime:0.0038s ]
SQL: SELECT * FROM `sp_nav`  [ RunTime:0.0003s ]
NOTIC: [8] Undefined offset: 3 G:\phpstudy\PHPTutorial\WWW\shop\Application\Home\Controller\CommonController.class.php 第 30 行.
SQL: SHOW COLUMNS FROM `sp_config` [ RunTime:0.0035s ]
SQL: SELECT `enname`,`value` FROM `sp_config`  [ RunTime:0.0002s ]
ERR: 非法操作:list_files

[ 2018-03-28T15:52:10+08:00 ] 127.0.0.1 /shop/index.php/home/index/mbmeilishuo/index.php
INFO: [ app_init ] --START--
INFO: Run Behavior\BuildLiteBehavior [ RunTime:0.000030s ]
INFO: [ app_init ] --END-- [ RunTime:0.000440s ]
INFO: [ app_begin ] --START--
INFO: Run Behavior\ReadHtmlCacheBehavior [ RunTime:0.000808s ]
INFO: [ app_begin ] --END-- [ RunTime:0.000854s ]
SQL: SHOW COLUMNS FROM `sp_category` [ RunTime:0.0037s ]
SQL: SELECT * FROM `sp_category` WHERE `type` = 1  [ RunTime:0.0002s ]
SQL: SHOW COLUMNS FROM `sp_article` [ RunTime:0.0034s ]
SQL: SELECT * FROM `sp_article` WHERE `cateid` = 1  [ RunTime:0.0002s ]
SQL: SELECT * FROM `sp_article` WHERE `cateid` = 3  [ RunTime:0.0002s ]
SQL: SELECT * FROM `sp_article` WHERE `cateid` = 4  [ RunTime:0.0002s ]
SQL: SELECT * FROM `sp_article` WHERE `cateid` = 5  [ RunTime:0.0002s ]
SQL: SHOW COLUMNS FROM `sp_nav` [ RunTime:0.0040s ]
SQL: SELECT * FROM `sp_nav`  [ RunTime:0.0002s ]
NOTIC: [8] Undefined offset: 3 G:\phpstudy\PHPTutorial\WWW\shop\Application\Home\Controller\CommonController.class.php 第 30 行.
SQL: SHOW COLUMNS FROM `sp_config` [ RunTime:0.0036s ]
SQL: SELECT `enname`,`value` FROM `sp_config`  [ RunTime:0.0002s ]
ERR: 非法操作:mbmeilishuo

[ 2018-03-28T15:52:13+08:00 ] 127.0.0.1 /shop/index.php/home/index/list_files/transport.js
INFO: [ app_init ] --START--
INFO: Run Behavior\BuildLiteBehavior [ RunTime:0.000014s ]
INFO: [ app_init ] --END-- [ RunTime:0.000473s ]
INFO: [ app_begin ] --START--
INFO: Run Behavior\ReadHtmlCacheBehavior [ RunTime:0.001238s ]
INFO: [ app_begin ] --END-- [ RunTime:0.001296s ]
SQL: SHOW COLUMNS FROM `sp_category` [ RunTime:0.0031s ]
SQL: SELECT * FROM `sp_category` WHERE `type` = 1  [ RunTime:0.0002s ]
SQL: SHOW COLUMNS FROM `sp_article` [ RunTime:0.0035s ]
SQL: SELECT * FROM `sp_article` WHERE `cateid` = 1  [ RunTime:0.0002s ]
SQL: SELECT * FROM `sp_article` WHERE `cateid` = 3  [ RunTime:0.0003s ]
SQL: SELECT * FROM `sp_article` WHERE `cateid` = 4  [ RunTime:0.0001s ]
SQL: SELECT * FROM `sp_article` WHERE `cateid` = 5  [ RunTime:0.0001s ]
SQL: SHOW COLUMNS FROM `sp_nav` [ RunTime:0.0047s ]
SQL: SELECT * FROM `sp_nav`  [ RunTime:0.0003s ]
NOTIC: [8] Undefined offset: 3 G:\phpstudy\PHPTutorial\WWW\shop\Application\Home\Controller\CommonController.class.php 第 30 行.
SQL: SHOW COLUMNS FROM `sp_config` [ RunTime:0.0034s ]
SQL: SELECT `enname`,`value` FROM `sp_config`  [ RunTime:0.0002s ]
ERR: 非法操作:list_files

[ 2018-03-28T15:52:14+08:00 ] 127.0.0.1 /shop/index.php/home/index/list_files/utils.js
INFO: [ app_init ] --START--
INFO: Run Behavior\BuildLiteBehavior [ RunTime:0.000011s ]
INFO: [ app_init ] --END-- [ RunTime:0.000399s ]
INFO: [ app_begin ] --START--
INFO: Run Behavior\ReadHtmlCacheBehavior [ RunTime:0.000696s ]
INFO: [ app_begin ] --END-- [ RunTime:0.000736s ]
SQL: SHOW COLUMNS FROM `sp_category` [ RunTime:0.0067s ]
SQL: SELECT * FROM `sp_category` WHERE `type` = 1  [ RunTime:0.0005s ]
SQL: SHOW COLUMNS FROM `sp_article` [ RunTime:0.0038s ]
SQL: SELECT * FROM `sp_article` WHERE `cateid` = 1  [ RunTime:0.0002s ]
SQL: SELECT * FROM `sp_article` WHERE `cateid` = 3  [ RunTime:0.0002s ]
SQL: SELECT * FROM `sp_article` WHERE `cateid` = 4  [ RunTime:0.0002s ]
SQL: SELECT * FROM `sp_article` WHERE `cateid` = 5  [ RunTime:0.0002s ]
SQL: SHOW COLUMNS FROM `sp_nav` [ RunTime:0.0037s ]
SQL: SELECT * FROM `sp_nav`  [ RunTime:0.0002s ]
NOTIC: [8] Undefined offset: 3 G:\phpstudy\PHPTutorial\WWW\shop\Application\Home\Controller\CommonController.class.php 第 30 行.
SQL: SHOW COLUMNS FROM `sp_config` [ RunTime:0.0044s ]
SQL: SELECT `enname`,`value` FROM `sp_config`  [ RunTime:0.0003s ]
ERR: 非法操作:list_files

[ 2018-03-28T15:55:56+08:00 ] 127.0.0.1 /shop/index.php/home/index/index
INFO: [ app_init ] --START--
INFO: Run Behavior\BuildLiteBehavior [ RunTime:0.000013s ]
INFO: [ app_init ] --END-- [ RunTime:0.000459s ]
INFO: [ app_begin ] --START--
INFO: Run Behavior\ReadHtmlCacheBehavior [ RunTime:0.000935s ]
INFO: [ app_begin ] --END-- [ RunTime:0.001024s ]
SQL: SHOW COLUMNS FROM `sp_category` [ RunTime:0.0068s ]
SQL: SELECT * FROM `sp_category` WHERE `type` = 1  [ RunTime:0.0002s ]
SQL: SHOW COLUMNS FROM `sp_article` [ RunTime:0.0034s ]
SQL: SELECT * FROM `sp_article` WHERE `cateid` = 1  [ RunTime:0.0002s ]
SQL: SELECT * FROM `sp_article` WHERE `cateid` = 3  [ RunTime:0.0002s ]
SQL: SELECT * FROM `sp_article` WHERE `cateid` = 4  [ RunTime:0.0002s ]
SQL: SELECT * FROM `sp_article` WHERE `cateid` = 5  [ RunTime:0.0002s ]
SQL: SHOW COLUMNS FROM `sp_nav` [ RunTime:0.0045s ]
SQL: SELECT * FROM `sp_nav`  [ RunTime:0.0002s ]
NOTIC: [8] Undefined offset: 3 G:\phpstudy\PHPTutorial\WWW\shop\Application\Home\Controller\CommonController.class.php 第 30 行.
SQL: SHOW COLUMNS FROM `sp_config` [ RunTime:0.0039s ]
SQL: SELECT `enname`,`value` FROM `sp_config`  [ RunTime:0.0002s ]
SQL: SHOW COLUMNS FROM `sp_goods` [ RunTime:0.0047s ]
SQL: SHOW COLUMNS FROM `sp_recvalue` [ RunTime:0.0036s ]
SQL: SELECT `valueid` FROM `sp_recvalue` WHERE `recid` = 3 LIMIT 5   [ RunTime:0.0003s ]
SQL: SELECT * FROM `sp_goods` WHERE `id` = 1 LIMIT 1   [ RunTime:0.0003s ]
SQL: SELECT * FROM `sp_goods` WHERE `id` = 2 LIMIT 1   [ RunTime:0.0002s ]
SQL: SELECT * FROM `sp_goods` WHERE `id` = 3 LIMIT 1   [ RunTime:0.0002s ]
SQL: SELECT `valueid` FROM `sp_recvalue` WHERE `recid` = 2 LIMIT 5   [ RunTime:0.0002s ]
SQL: SELECT * FROM `sp_goods` WHERE `id` = 1 LIMIT 1   [ RunTime:0.0002s ]
SQL: SELECT * FROM `sp_goods` WHERE `id` = 2 LIMIT 1   [ RunTime:0.0002s ]
SQL: SELECT * FROM `sp_goods` WHERE `id` = 3 LIMIT 1   [ RunTime:0.0002s ]
SQL: SELECT `valueid` FROM `sp_recvalue` WHERE `recid` = 1 LIMIT 5   [ RunTime:0.0002s ]
SQL: SELECT * FROM `sp_goods` WHERE `id` = 2 LIMIT 1   [ RunTime:0.0002s ]
SQL: SELECT * FROM `sp_goods` WHERE `id` = 3 LIMIT 1   [ RunTime:0.0002s ]
SQL: SELECT `valueid` FROM `sp_recvalue` WHERE `recid` = 4 LIMIT 4   [ RunTime:0.0002s ]
SQL: SELECT * FROM `sp_goods` WHERE `id` = 1 LIMIT 1   [ RunTime:0.0002s ]
SQL: SELECT * FROM `sp_goods` WHERE `id` = 2 LIMIT 1   [ RunTime:0.0002s ]
SQL: SELECT * FROM `sp_goods` WHERE `id` = 3 LIMIT 1   [ RunTime:0.0002s ]
SQL: SHOW COLUMNS FROM `sp_cate` [ RunTime:0.0036s ]
SQL: SELECT `valueid` FROM `sp_recvalue` WHERE `recid` = 5  [ RunTime:0.0003s ]
SQL: SELECT `valueid` FROM `sp_recvalue` WHERE `recid` = 6  [ RunTime:0.0001s ]
SQL: SELECT `id`,`catename` FROM `sp_cate` WHERE `id` = 1 LIMIT 1   [ RunTime:0.0001s ]
SQL: SELECT * FROM `sp_cate`  [ RunTime:0.0001s ]
SQL: SELECT `id` FROM `sp_goods` WHERE ( cate_id IN (1,3,6) ) ORDER BY id desc  [ RunTime:0.0001s ]
SQL: SELECT * FROM `sp_cate` WHERE `pid` = 0  [ RunTime:0.0001s ]
SQL: SELECT * FROM `sp_cate` WHERE `pid` = 1  [ RunTime:0.0001s ]
SQL: SELECT * FROM `sp_cate` WHERE `pid` = 3  [ RunTime:0.0001s ]
SQL: SELECT * FROM `sp_cate` WHERE `pid` = 6  [ RunTime:0.0002s ]
SQL: SELECT * FROM `sp_cate` WHERE `pid` = 7  [ RunTime:0.0002s ]
SQL: SELECT * FROM `sp_cate` WHERE `pid` = 8  [ RunTime:0.0002s ]
INFO: [ view_parse ] --START--
INFO: [ template_filter ] --START--
INFO: Run Behavior\ContentReplaceBehavior [ RunTime:0.000126s ]
INFO: [ template_filter ] --END-- [ RunTime:0.000165s ]
NOTIC: [8] Undefined index: recgoods G:\phpstudy\PHPTutorial\WWW\shop\Application\Runtime\Cache\Home\4444dba8a9b760dcff3c32c405202b5c.php 第 347 行.
NOTIC: [2] Invalid argument supplied for foreach() G:\phpstudy\PHPTutorial\WWW\shop\Application\Runtime\Cache\Home\4444dba8a9b760dcff3c32c405202b5c.php 第 347 行.
INFO: Run Behavior\ParseTemplateBehavior [ RunTime:0.017669s ]
INFO: [ view_parse ] --END-- [ RunTime:0.017719s ]
INFO: [ view_filter ] --START--
INFO: Run Behavior\WriteHtmlCacheBehavior [ RunTime:0.000620s ]
INFO: [ view_filter ] --END-- [ RunTime:0.000647s ]
INFO: [ app_end ] --START--
INFO: Run Behavior\ShowPageTraceBehavior [ RunTime:0.000816s ]
INFO: [ app_end ] --END-- [ RunTime:0.000848s ]

[ 2018-03-28T15:55:57+08:00 ] 127.0.0.1 /shop/index.php/home/index/list_files/transport.js
INFO: [ app_init ] --START--
INFO: Run Behavior\BuildLiteBehavior [ RunTime:0.000011s ]
INFO: [ app_init ] --END-- [ RunTime:0.000476s ]
INFO: [ app_begin ] --START--
INFO: Run Behavior\ReadHtmlCacheBehavior [ RunTime:0.001351s ]
INFO: [ app_begin ] --END-- [ RunTime:0.001424s ]
SQL: SHOW COLUMNS FROM `sp_category` [ RunTime:0.0073s ]
SQL: SELECT * FROM `sp_category` WHERE `type` = 1  [ RunTime:0.0003s ]
SQL: SHOW COLUMNS FROM `sp_article` [ RunTime:0.0036s ]
SQL: SELECT * FROM `sp_article` WHERE `cateid` = 1  [ RunTime:0.0002s ]
SQL: SELECT * FROM `sp_article` WHERE `cateid` = 3  [ RunTime:0.0002s ]
SQL: SELECT * FROM `sp_article` WHERE `cateid` = 4  [ RunTime:0.0002s ]
SQL: SELECT * FROM `sp_article` WHERE `cateid` = 5  [ RunTime:0.0002s ]
SQL: SHOW COLUMNS FROM `sp_nav` [ RunTime:0.0038s ]
SQL: SELECT * FROM `sp_nav`  [ RunTime:0.0002s ]
NOTIC: [8] Undefined offset: 3 G:\phpstudy\PHPTutorial\WWW\shop\Application\Home\Controller\CommonController.class.php 第 30 行.
SQL: SHOW COLUMNS FROM `sp_config` [ RunTime:0.0038s ]
SQL: SELECT `enname`,`value` FROM `sp_config`  [ RunTime:0.0002s ]
ERR: 非法操作:list_files

[ 2018-03-28T15:55:58+08:00 ] 127.0.0.1 /shop/index.php/home/index/list_files/utils.js
INFO: [ app_init ] --START--
INFO: Run Behavior\BuildLiteBehavior [ RunTime:0.000012s ]
INFO: [ app_init ] --END-- [ RunTime:0.000594s ]
INFO: [ app_begin ] --START--
INFO: Run Behavior\ReadHtmlCacheBehavior [ RunTime:0.001324s ]
INFO: [ app_begin ] --END-- [ RunTime:0.001396s ]
SQL: SHOW COLUMNS FROM `sp_category` [ RunTime:0.0070s ]
SQL: SELECT * FROM `sp_category` WHERE `type` = 1  [ RunTime:0.0002s ]
SQL: SHOW COLUMNS FROM `sp_article` [ RunTime:0.0035s ]
SQL: SELECT * FROM `sp_article` WHERE `cateid` = 1  [ RunTime:0.0002s ]
SQL: SELECT * FROM `sp_article` WHERE `cateid` = 3  [ RunTime:0.0001s ]
SQL: SELECT * FROM `sp_article` WHERE `cateid` = 4  [ RunTime:0.0002s ]
SQL: SELECT * FROM `sp_article` WHERE `cateid` = 5  [ RunTime:0.0001s ]
SQL: SHOW COLUMNS FROM `sp_nav` [ RunTime:0.0033s ]
SQL: SELECT * FROM `sp_nav`  [ RunTime:0.0002s ]
NOTIC: [8] Undefined offset: 3 G:\phpstudy\PHPTutorial\WWW\shop\Application\Home\Controller\CommonController.class.php 第 30 行.
SQL: SHOW COLUMNS FROM `sp_config` [ RunTime:0.0037s ]
SQL: SELECT `enname`,`value` FROM `sp_config`  [ RunTime:0.0002s ]
ERR: 非法操作:list_files

