[ 2018-05-26T11:11:06+08:00 ] 127.0.0.1 /shop/index.php/home/user/checklogin
INFO: [ app_begin ] --START--
INFO: Run Behavior\ReadHtmlCacheBehavior [ RunTime:0.000661s ]
INFO: [ app_begin ] --END-- [ RunTime:0.001011s ]
SQL: SHOW COLUMNS FROM `sp_category` [ RunTime:0.0042s ]
SQL: SELECT * FROM `sp_category` WHERE `type` = 1  [ RunTime:0.0002s ]
SQL: SHOW COLUMNS FROM `sp_article` [ RunTime:0.0037s ]
SQL: SELECT * FROM `sp_article` WHERE `cateid` = 1  [ RunTime:0.0002s ]
SQL: SELECT * FROM `sp_article` WHERE `cateid` = 3  [ RunTime:0.0002s ]
SQL: SELECT * FROM `sp_article` WHERE `cateid` = 4  [ RunTime:0.0002s ]
SQL: SELECT * FROM `sp_article` WHERE `cateid` = 5  [ RunTime:0.0002s ]
SQL: SHOW COLUMNS FROM `sp_nav` [ RunTime:0.0042s ]
SQL: SELECT * FROM `sp_nav`  [ RunTime:0.0002s ]
SQL: SHOW COLUMNS FROM `sp_config` [ RunTime:0.0037s ]
SQL: SELECT `enname`,`value` FROM `sp_config`  [ RunTime:0.0002s ]
SQL: SHOW COLUMNS FROM `sp_member` [ RunTime:0.0334s ]
SQL: SELECT * FROM `sp_member` WHERE `username` = 'dingbo' LIMIT 1   [ RunTime:0.0156s ]
SQL: SHOW COLUMNS FROM `sp_member_level` [ RunTime:0.0363s ]
SQL: SELECT * FROM `sp_member_level` WHERE ( 0 BETWEEN points_min AND points_max ) LIMIT 1   [ RunTime:0.0163s ]
INFO: [ app_end ] --START--
INFO: Run Behavior\ShowPageTraceBehavior [ RunTime:0.000705s ]
INFO: [ app_end ] --END-- [ RunTime:0.000748s ]

[ 2018-05-26T11:11:11+08:00 ] 127.0.0.1 /shop/index.php/home/category/index/id/list_files/global.js
ERR: 1054:Unknown column 'list_files' in 'where clause'
 [ SQL语句 ] : SELECT DISTINCT(b.id),b.brand_name FROM sp_goods a INNER JOIN sp_brand b ON a.brand_id = b.id  WHERE ( cate_id IN (list_files) ) 

[ 2018-05-26T11:11:12+08:00 ] 127.0.0.1 /shop/index.php/home/category/index/id/list_files/common.js
ERR: 1054:Unknown column 'list_files' in 'where clause'
 [ SQL语句 ] : SELECT DISTINCT(b.id),b.brand_name FROM sp_goods a INNER JOIN sp_brand b ON a.brand_id = b.id  WHERE ( cate_id IN (list_files) ) 

[ 2018-05-26T11:11:13+08:00 ] 127.0.0.1 /shop/index.php/home/category/index/id/list_files/compare.js
ERR: 1054:Unknown column 'list_files' in 'where clause'
 [ SQL语句 ] : SELECT DISTINCT(b.id),b.brand_name FROM sp_goods a INNER JOIN sp_brand b ON a.brand_id = b.id  WHERE ( cate_id IN (list_files) ) 

[ 2018-05-26T11:11:14+08:00 ] 127.0.0.1 /shop/index.php/home/category/index/id/list_files/global.js
ERR: 1054:Unknown column 'list_files' in 'where clause'
 [ SQL语句 ] : SELECT DISTINCT(b.id),b.brand_name FROM sp_goods a INNER JOIN sp_brand b ON a.brand_id = b.id  WHERE ( cate_id IN (list_files) ) 

[ 2018-05-26T11:11:15+08:00 ] 127.0.0.1 /shop/index.php/home/category/index/id/list_files/compare.js
ERR: 1054:Unknown column 'list_files' in 'where clause'
 [ SQL语句 ] : SELECT DISTINCT(b.id),b.brand_name FROM sp_goods a INNER JOIN sp_brand b ON a.brand_id = b.id  WHERE ( cate_id IN (list_files) ) 

[ 2018-05-26T11:11:16+08:00 ] 127.0.0.1 /shop/index.php/home/user/checklogin
INFO: [ app_begin ] --START--
INFO: Run Behavior\ReadHtmlCacheBehavior [ RunTime:0.000689s ]
INFO: [ app_begin ] --END-- [ RunTime:0.001336s ]
SQL: SHOW COLUMNS FROM `sp_category` [ RunTime:0.0064s ]
SQL: SELECT * FROM `sp_category` WHERE `type` = 1  [ RunTime:0.0003s ]
SQL: SHOW COLUMNS FROM `sp_article` [ RunTime:0.0041s ]
SQL: SELECT * FROM `sp_article` WHERE `cateid` = 1  [ RunTime:0.0003s ]
SQL: SELECT * FROM `sp_article` WHERE `cateid` = 3  [ RunTime:0.0002s ]
SQL: SELECT * FROM `sp_article` WHERE `cateid` = 4  [ RunTime:0.0002s ]
SQL: SELECT * FROM `sp_article` WHERE `cateid` = 5  [ RunTime:0.0002s ]
SQL: SHOW COLUMNS FROM `sp_nav` [ RunTime:0.0041s ]
SQL: SELECT * FROM `sp_nav`  [ RunTime:0.0003s ]
SQL: SHOW COLUMNS FROM `sp_config` [ RunTime:0.0042s ]
SQL: SELECT `enname`,`value` FROM `sp_config`  [ RunTime:0.0003s ]
INFO: [ app_end ] --START--
INFO: Run Behavior\ShowPageTraceBehavior [ RunTime:0.000551s ]
INFO: [ app_end ] --END-- [ RunTime:0.000582s ]

[ 2018-05-26T11:11:24+08:00 ] 127.0.0.1 /shop/index.php/Home/category/index/id/10/ob/addtime/ow/list_files/common.js
ERR: 1064:You have an error in your SQL syntax; check the manual that corresponds to your MySQL server version for the right syntax to use near 'list_files LIMIT 0,4' at line 1
 [ SQL语句 ] : SELECT * FROM `sp_goods` WHERE `cate_id` IN ('10') ORDER BY addtime list_files LIMIT 0,4  

[ 2018-05-26T11:11:25+08:00 ] 127.0.0.1 /shop/index.php/Home/category/index/id/10/ob/addtime/ow/list_files/global.js
ERR: 1064:You have an error in your SQL syntax; check the manual that corresponds to your MySQL server version for the right syntax to use near 'list_files LIMIT 0,4' at line 1
 [ SQL语句 ] : SELECT * FROM `sp_goods` WHERE `cate_id` IN ('10') ORDER BY addtime list_files LIMIT 0,4  

[ 2018-05-26T11:11:26+08:00 ] 127.0.0.1 /shop/index.php/Home/category/index/id/10/ob/addtime/ow/list_files/compare.js
ERR: 1064:You have an error in your SQL syntax; check the manual that corresponds to your MySQL server version for the right syntax to use near 'list_files LIMIT 0,4' at line 1
 [ SQL语句 ] : SELECT * FROM `sp_goods` WHERE `cate_id` IN ('10') ORDER BY addtime list_files LIMIT 0,4  

[ 2018-05-26T11:11:27+08:00 ] 127.0.0.1 /shop/index.php/home/user/checklogin
INFO: [ app_begin ] --START--
INFO: Run Behavior\ReadHtmlCacheBehavior [ RunTime:0.000786s ]
INFO: [ app_begin ] --END-- [ RunTime:0.001228s ]
SQL: SHOW COLUMNS FROM `sp_category` [ RunTime:0.0069s ]
SQL: SELECT * FROM `sp_category` WHERE `type` = 1  [ RunTime:0.0003s ]
SQL: SHOW COLUMNS FROM `sp_article` [ RunTime:0.0041s ]
SQL: SELECT * FROM `sp_article` WHERE `cateid` = 1  [ RunTime:0.0002s ]
SQL: SELECT * FROM `sp_article` WHERE `cateid` = 3  [ RunTime:0.0002s ]
SQL: SELECT * FROM `sp_article` WHERE `cateid` = 4  [ RunTime:0.0002s ]
SQL: SELECT * FROM `sp_article` WHERE `cateid` = 5  [ RunTime:0.0002s ]
SQL: SHOW COLUMNS FROM `sp_nav` [ RunTime:0.0042s ]
SQL: SELECT * FROM `sp_nav`  [ RunTime:0.0003s ]
SQL: SHOW COLUMNS FROM `sp_config` [ RunTime:0.0041s ]
SQL: SELECT `enname`,`value` FROM `sp_config`  [ RunTime:0.0002s ]
INFO: [ app_end ] --START--
INFO: Run Behavior\ShowPageTraceBehavior [ RunTime:0.000602s ]
INFO: [ app_end ] --END-- [ RunTime:0.000641s ]

[ 2018-05-26T11:11:29+08:00 ] 127.0.0.1 /shop/index.php/Home/category/index/id/list_files/compare.js
ERR: 1054:Unknown column 'list_files' in 'where clause'
 [ SQL语句 ] : SELECT DISTINCT(b.id),b.brand_name FROM sp_goods a INNER JOIN sp_brand b ON a.brand_id = b.id  WHERE ( cate_id IN (list_files) ) 

[ 2018-05-26T11:11:31+08:00 ] 127.0.0.1 /shop/index.php/Home/category/index/id/list_files/common.js
ERR: 1054:Unknown column 'list_files' in 'where clause'
 [ SQL语句 ] : SELECT DISTINCT(b.id),b.brand_name FROM sp_goods a INNER JOIN sp_brand b ON a.brand_id = b.id  WHERE ( cate_id IN (list_files) ) 

[ 2018-05-26T11:11:32+08:00 ] 127.0.0.1 /shop/index.php/Home/category/index/id/list_files/global.js
ERR: 1054:Unknown column 'list_files' in 'where clause'
 [ SQL语句 ] : SELECT DISTINCT(b.id),b.brand_name FROM sp_goods a INNER JOIN sp_brand b ON a.brand_id = b.id  WHERE ( cate_id IN (list_files) ) 

[ 2018-05-26T11:11:33+08:00 ] 127.0.0.1 /shop/index.php/Home/category/index/id/list_files/compare.js
ERR: 1054:Unknown column 'list_files' in 'where clause'
 [ SQL语句 ] : SELECT DISTINCT(b.id),b.brand_name FROM sp_goods a INNER JOIN sp_brand b ON a.brand_id = b.id  WHERE ( cate_id IN (list_files) ) 

[ 2018-05-26T11:11:34+08:00 ] 127.0.0.1 /shop/index.php/home/user/checklogin
INFO: [ app_begin ] --START--
INFO: Run Behavior\ReadHtmlCacheBehavior [ RunTime:0.000536s ]
INFO: [ app_begin ] --END-- [ RunTime:0.000903s ]
SQL: SHOW COLUMNS FROM `sp_category` [ RunTime:0.0059s ]
SQL: SELECT * FROM `sp_category` WHERE `type` = 1  [ RunTime:0.0002s ]
SQL: SHOW COLUMNS FROM `sp_article` [ RunTime:0.0036s ]
SQL: SELECT * FROM `sp_article` WHERE `cateid` = 1  [ RunTime:0.0002s ]
SQL: SELECT * FROM `sp_article` WHERE `cateid` = 3  [ RunTime:0.0002s ]
SQL: SELECT * FROM `sp_article` WHERE `cateid` = 4  [ RunTime:0.0002s ]
SQL: SELECT * FROM `sp_article` WHERE `cateid` = 5  [ RunTime:0.0002s ]
SQL: SHOW COLUMNS FROM `sp_nav` [ RunTime:0.0038s ]
SQL: SELECT * FROM `sp_nav`  [ RunTime:0.0003s ]
SQL: SHOW COLUMNS FROM `sp_config` [ RunTime:0.0036s ]
SQL: SELECT `enname`,`value` FROM `sp_config`  [ RunTime:0.0002s ]
INFO: [ app_end ] --START--
INFO: Run Behavior\ShowPageTraceBehavior [ RunTime:0.000500s ]
INFO: [ app_end ] --END-- [ RunTime:0.000530s ]

[ 2018-05-26T11:11:37+08:00 ] 127.0.0.1 /shop/index.php/Home/category/index/id/19/ob/addtime/ow/list_files/compare.js
ERR: 1064:You have an error in your SQL syntax; check the manual that corresponds to your MySQL server version for the right syntax to use near 'list_files LIMIT 0,4' at line 1
 [ SQL语句 ] : SELECT * FROM `sp_goods` WHERE `cate_id` IN ('19','20','21','22') ORDER BY addtime list_files LIMIT 0,4  

[ 2018-05-26T11:11:38+08:00 ] 127.0.0.1 /shop/index.php/Home/category/index/id/19/ob/addtime/ow/list_files/common.js
ERR: 1064:You have an error in your SQL syntax; check the manual that corresponds to your MySQL server version for the right syntax to use near 'list_files LIMIT 0,4' at line 1
 [ SQL语句 ] : SELECT * FROM `sp_goods` WHERE `cate_id` IN ('19','20','21','22') ORDER BY addtime list_files LIMIT 0,4  

[ 2018-05-26T11:11:39+08:00 ] 127.0.0.1 /shop/index.php/Home/category/index/id/19/ob/addtime/ow/list_files/global.js
ERR: 1064:You have an error in your SQL syntax; check the manual that corresponds to your MySQL server version for the right syntax to use near 'list_files LIMIT 0,4' at line 1
 [ SQL语句 ] : SELECT * FROM `sp_goods` WHERE `cate_id` IN ('19','20','21','22') ORDER BY addtime list_files LIMIT 0,4  

[ 2018-05-26T11:11:40+08:00 ] 127.0.0.1 /shop/index.php/Home/category/index/id/19/ob/addtime/ow/list_files/compare.js
ERR: 1064:You have an error in your SQL syntax; check the manual that corresponds to your MySQL server version for the right syntax to use near 'list_files LIMIT 0,4' at line 1
 [ SQL语句 ] : SELECT * FROM `sp_goods` WHERE `cate_id` IN ('19','20','21','22') ORDER BY addtime list_files LIMIT 0,4  

[ 2018-05-26T11:11:42+08:00 ] 127.0.0.1 /shop/index.php/home/user/checklogin
INFO: [ app_begin ] --START--
INFO: Run Behavior\ReadHtmlCacheBehavior [ RunTime:0.001048s ]
INFO: [ app_begin ] --END-- [ RunTime:0.001618s ]
SQL: SHOW COLUMNS FROM `sp_category` [ RunTime:0.0036s ]
SQL: SELECT * FROM `sp_category` WHERE `type` = 1  [ RunTime:0.0002s ]
SQL: SHOW COLUMNS FROM `sp_article` [ RunTime:0.0036s ]
SQL: SELECT * FROM `sp_article` WHERE `cateid` = 1  [ RunTime:0.0002s ]
SQL: SELECT * FROM `sp_article` WHERE `cateid` = 3  [ RunTime:0.0002s ]
SQL: SELECT * FROM `sp_article` WHERE `cateid` = 4  [ RunTime:0.0002s ]
SQL: SELECT * FROM `sp_article` WHERE `cateid` = 5  [ RunTime:0.0002s ]
SQL: SHOW COLUMNS FROM `sp_nav` [ RunTime:0.0039s ]
SQL: SELECT * FROM `sp_nav`  [ RunTime:0.0004s ]
SQL: SHOW COLUMNS FROM `sp_config` [ RunTime:0.0036s ]
SQL: SELECT `enname`,`value` FROM `sp_config`  [ RunTime:0.0002s ]
INFO: [ app_end ] --START--
INFO: Run Behavior\ShowPageTraceBehavior [ RunTime:0.000577s ]
INFO: [ app_end ] --END-- [ RunTime:0.000609s ]

[ 2018-05-26T11:13:21+08:00 ] 127.0.0.1 /shop/index.php/Home/category/index/id/19/ob/addtime/ow/list_files/global.js
ERR: 1064:You have an error in your SQL syntax; check the manual that corresponds to your MySQL server version for the right syntax to use near 'list_files LIMIT 0,4' at line 1
 [ SQL语句 ] : SELECT * FROM `sp_goods` WHERE `cate_id` IN ('19','20','21','22') ORDER BY addtime list_files LIMIT 0,4  

[ 2018-05-26T11:13:22+08:00 ] 127.0.0.1 /shop/index.php/Home/category/index/id/19/ob/addtime/ow/list_files/common.js
ERR: 1064:You have an error in your SQL syntax; check the manual that corresponds to your MySQL server version for the right syntax to use near 'list_files LIMIT 0,4' at line 1
 [ SQL语句 ] : SELECT * FROM `sp_goods` WHERE `cate_id` IN ('19','20','21','22') ORDER BY addtime list_files LIMIT 0,4  

[ 2018-05-26T11:13:23+08:00 ] 127.0.0.1 /shop/index.php/Home/category/index/id/19/ob/addtime/ow/list_files/compare.js
ERR: 1064:You have an error in your SQL syntax; check the manual that corresponds to your MySQL server version for the right syntax to use near 'list_files LIMIT 0,4' at line 1
 [ SQL语句 ] : SELECT * FROM `sp_goods` WHERE `cate_id` IN ('19','20','21','22') ORDER BY addtime list_files LIMIT 0,4  

[ 2018-05-26T11:13:24+08:00 ] 127.0.0.1 /shop/index.php/Home/category/index/id/19/ob/addtime/ow/list_files/global.js
ERR: 1064:You have an error in your SQL syntax; check the manual that corresponds to your MySQL server version for the right syntax to use near 'list_files LIMIT 0,4' at line 1
 [ SQL语句 ] : SELECT * FROM `sp_goods` WHERE `cate_id` IN ('19','20','21','22') ORDER BY addtime list_files LIMIT 0,4  

[ 2018-05-26T11:13:25+08:00 ] 127.0.0.1 /shop/index.php/Home/category/index/id/19/ob/addtime/ow/list_files/compare.js
ERR: 1064:You have an error in your SQL syntax; check the manual that corresponds to your MySQL server version for the right syntax to use near 'list_files LIMIT 0,4' at line 1
 [ SQL语句 ] : SELECT * FROM `sp_goods` WHERE `cate_id` IN ('19','20','21','22') ORDER BY addtime list_files LIMIT 0,4  

[ 2018-05-26T11:13:26+08:00 ] 127.0.0.1 /shop/index.php/home/user/checklogin
INFO: [ app_begin ] --START--
INFO: Run Behavior\ReadHtmlCacheBehavior [ RunTime:0.000616s ]
INFO: [ app_begin ] --END-- [ RunTime:0.001109s ]
SQL: SHOW COLUMNS FROM `sp_category` [ RunTime:0.0068s ]
SQL: SELECT * FROM `sp_category` WHERE `type` = 1  [ RunTime:0.0003s ]
SQL: SHOW COLUMNS FROM `sp_article` [ RunTime:0.0040s ]
SQL: SELECT * FROM `sp_article` WHERE `cateid` = 1  [ RunTime:0.0002s ]
SQL: SELECT * FROM `sp_article` WHERE `cateid` = 3  [ RunTime:0.0002s ]
SQL: SELECT * FROM `sp_article` WHERE `cateid` = 4  [ RunTime:0.0002s ]
SQL: SELECT * FROM `sp_article` WHERE `cateid` = 5  [ RunTime:0.0002s ]
SQL: SHOW COLUMNS FROM `sp_nav` [ RunTime:0.0040s ]
SQL: SELECT * FROM `sp_nav`  [ RunTime:0.0003s ]
SQL: SHOW COLUMNS FROM `sp_config` [ RunTime:0.0179s ]
SQL: SELECT `enname`,`value` FROM `sp_config`  [ RunTime:0.0003s ]
INFO: [ app_end ] --START--
INFO: Run Behavior\ShowPageTraceBehavior [ RunTime:0.000743s ]
INFO: [ app_end ] --END-- [ RunTime:0.000773s ]

[ 2018-05-26T11:13:30+08:00 ] 127.0.0.1 /shop/index.php/Home/category/index/id/19/ob/shop_price/ow/list_files/global.js
ERR: 1064:You have an error in your SQL syntax; check the manual that corresponds to your MySQL server version for the right syntax to use near 'list_files LIMIT 0,4' at line 1
 [ SQL语句 ] : SELECT * FROM `sp_goods` WHERE `cate_id` IN ('19','20','21','22') ORDER BY shop_price list_files LIMIT 0,4  

[ 2018-05-26T11:13:31+08:00 ] 127.0.0.1 /shop/index.php/Home/category/index/id/19/ob/shop_price/ow/list_files/common.js
ERR: 1064:You have an error in your SQL syntax; check the manual that corresponds to your MySQL server version for the right syntax to use near 'list_files LIMIT 0,4' at line 1
 [ SQL语句 ] : SELECT * FROM `sp_goods` WHERE `cate_id` IN ('19','20','21','22') ORDER BY shop_price list_files LIMIT 0,4  

[ 2018-05-26T11:13:32+08:00 ] 127.0.0.1 /shop/index.php/Home/category/index/id/19/ob/shop_price/ow/list_files/compare.js
ERR: 1064:You have an error in your SQL syntax; check the manual that corresponds to your MySQL server version for the right syntax to use near 'list_files LIMIT 0,4' at line 1
 [ SQL语句 ] : SELECT * FROM `sp_goods` WHERE `cate_id` IN ('19','20','21','22') ORDER BY shop_price list_files LIMIT 0,4  

[ 2018-05-26T11:13:34+08:00 ] 127.0.0.1 /shop/index.php/Home/category/index/id/19/ob/shop_price/ow/list_files/global.js
ERR: 1064:You have an error in your SQL syntax; check the manual that corresponds to your MySQL server version for the right syntax to use near 'list_files LIMIT 0,4' at line 1
 [ SQL语句 ] : SELECT * FROM `sp_goods` WHERE `cate_id` IN ('19','20','21','22') ORDER BY shop_price list_files LIMIT 0,4  

[ 2018-05-26T11:13:35+08:00 ] 127.0.0.1 /shop/index.php/Home/category/index/id/19/ob/shop_price/ow/list_files/compare.js
ERR: 1064:You have an error in your SQL syntax; check the manual that corresponds to your MySQL server version for the right syntax to use near 'list_files LIMIT 0,4' at line 1
 [ SQL语句 ] : SELECT * FROM `sp_goods` WHERE `cate_id` IN ('19','20','21','22') ORDER BY shop_price list_files LIMIT 0,4  

[ 2018-05-26T11:13:36+08:00 ] 127.0.0.1 /shop/index.php/home/user/checklogin
INFO: [ app_begin ] --START--
INFO: Run Behavior\ReadHtmlCacheBehavior [ RunTime:0.000671s ]
INFO: [ app_begin ] --END-- [ RunTime:0.001124s ]
SQL: SHOW COLUMNS FROM `sp_category` [ RunTime:0.0069s ]
SQL: SELECT * FROM `sp_category` WHERE `type` = 1  [ RunTime:0.0003s ]
SQL: SHOW COLUMNS FROM `sp_article` [ RunTime:0.0040s ]
SQL: SELECT * FROM `sp_article` WHERE `cateid` = 1  [ RunTime:0.0002s ]
SQL: SELECT * FROM `sp_article` WHERE `cateid` = 3  [ RunTime:0.0002s ]
SQL: SELECT * FROM `sp_article` WHERE `cateid` = 4  [ RunTime:0.0002s ]
SQL: SELECT * FROM `sp_article` WHERE `cateid` = 5  [ RunTime:0.0001s ]
SQL: SHOW COLUMNS FROM `sp_nav` [ RunTime:0.0041s ]
SQL: SELECT * FROM `sp_nav`  [ RunTime:0.0003s ]
SQL: SHOW COLUMNS FROM `sp_config` [ RunTime:0.0038s ]
SQL: SELECT `enname`,`value` FROM `sp_config`  [ RunTime:0.0002s ]
INFO: [ app_end ] --START--
INFO: Run Behavior\ShowPageTraceBehavior [ RunTime:0.000730s ]
INFO: [ app_end ] --END-- [ RunTime:0.000759s ]

[ 2018-05-26T11:13:44+08:00 ] 127.0.0.1 /shop/index.php/Home/category/index/id/19/ob/shop_price/ow/list_files/compare.js
ERR: 1064:You have an error in your SQL syntax; check the manual that corresponds to your MySQL server version for the right syntax to use near 'list_files LIMIT 0,4' at line 1
 [ SQL语句 ] : SELECT * FROM `sp_goods` WHERE `cate_id` IN ('19','20','21','22') ORDER BY shop_price list_files LIMIT 0,4  

[ 2018-05-26T11:13:45+08:00 ] 127.0.0.1 /shop/index.php/Home/category/index/id/19/ob/shop_price/ow/list_files/global.js
ERR: 1064:You have an error in your SQL syntax; check the manual that corresponds to your MySQL server version for the right syntax to use near 'list_files LIMIT 0,4' at line 1
 [ SQL语句 ] : SELECT * FROM `sp_goods` WHERE `cate_id` IN ('19','20','21','22') ORDER BY shop_price list_files LIMIT 0,4  

[ 2018-05-26T11:13:46+08:00 ] 127.0.0.1 /shop/index.php/Home/category/index/id/19/ob/shop_price/ow/list_files/common.js
ERR: 1064:You have an error in your SQL syntax; check the manual that corresponds to your MySQL server version for the right syntax to use near 'list_files LIMIT 0,4' at line 1
 [ SQL语句 ] : SELECT * FROM `sp_goods` WHERE `cate_id` IN ('19','20','21','22') ORDER BY shop_price list_files LIMIT 0,4  

[ 2018-05-26T11:13:47+08:00 ] 127.0.0.1 /shop/index.php/Home/category/index/id/19/ob/shop_price/ow/list_files/global.js
ERR: 1064:You have an error in your SQL syntax; check the manual that corresponds to your MySQL server version for the right syntax to use near 'list_files LIMIT 0,4' at line 1
 [ SQL语句 ] : SELECT * FROM `sp_goods` WHERE `cate_id` IN ('19','20','21','22') ORDER BY shop_price list_files LIMIT 0,4  

[ 2018-05-26T11:13:48+08:00 ] 127.0.0.1 /shop/index.php/Home/category/index/id/19/ob/shop_price/ow/list_files/compare.js
ERR: 1064:You have an error in your SQL syntax; check the manual that corresponds to your MySQL server version for the right syntax to use near 'list_files LIMIT 0,4' at line 1
 [ SQL语句 ] : SELECT * FROM `sp_goods` WHERE `cate_id` IN ('19','20','21','22') ORDER BY shop_price list_files LIMIT 0,4  

[ 2018-05-26T11:13:49+08:00 ] 127.0.0.1 /shop/index.php/home/user/checklogin
INFO: [ app_begin ] --START--
INFO: Run Behavior\ReadHtmlCacheBehavior [ RunTime:0.000488s ]
INFO: [ app_begin ] --END-- [ RunTime:0.000897s ]
SQL: SHOW COLUMNS FROM `sp_category` [ RunTime:0.0069s ]
SQL: SELECT * FROM `sp_category` WHERE `type` = 1  [ RunTime:0.0003s ]
SQL: SHOW COLUMNS FROM `sp_article` [ RunTime:0.0041s ]
SQL: SELECT * FROM `sp_article` WHERE `cateid` = 1  [ RunTime:0.0002s ]
SQL: SELECT * FROM `sp_article` WHERE `cateid` = 3  [ RunTime:0.0002s ]
SQL: SELECT * FROM `sp_article` WHERE `cateid` = 4  [ RunTime:0.0002s ]
SQL: SELECT * FROM `sp_article` WHERE `cateid` = 5  [ RunTime:0.0002s ]
SQL: SHOW COLUMNS FROM `sp_nav` [ RunTime:0.0042s ]
SQL: SELECT * FROM `sp_nav`  [ RunTime:0.0002s ]
SQL: SHOW COLUMNS FROM `sp_config` [ RunTime:0.0037s ]
SQL: SELECT `enname`,`value` FROM `sp_config`  [ RunTime:0.0002s ]
INFO: [ app_end ] --START--
INFO: Run Behavior\ShowPageTraceBehavior [ RunTime:0.000723s ]
INFO: [ app_end ] --END-- [ RunTime:0.000754s ]

[ 2018-05-26T11:14:15+08:00 ] 127.0.0.1 /shop/index.php/home/user/checklogin
INFO: [ app_begin ] --START--
INFO: Run Behavior\ReadHtmlCacheBehavior [ RunTime:0.000472s ]
INFO: [ app_begin ] --END-- [ RunTime:0.000898s ]
SQL: SHOW COLUMNS FROM `sp_category` [ RunTime:0.0062s ]
SQL: SELECT * FROM `sp_category` WHERE `type` = 1  [ RunTime:0.0003s ]
SQL: SHOW COLUMNS FROM `sp_article` [ RunTime:0.0038s ]
SQL: SELECT * FROM `sp_article` WHERE `cateid` = 1  [ RunTime:0.0002s ]
SQL: SELECT * FROM `sp_article` WHERE `cateid` = 3  [ RunTime:0.0002s ]
SQL: SELECT * FROM `sp_article` WHERE `cateid` = 4  [ RunTime:0.0002s ]
SQL: SELECT * FROM `sp_article` WHERE `cateid` = 5  [ RunTime:0.0002s ]
SQL: SHOW COLUMNS FROM `sp_nav` [ RunTime:0.0040s ]
SQL: SELECT * FROM `sp_nav`  [ RunTime:0.0003s ]
SQL: SHOW COLUMNS FROM `sp_config` [ RunTime:0.0036s ]
SQL: SELECT `enname`,`value` FROM `sp_config`  [ RunTime:0.0002s ]
INFO: [ app_end ] --START--
INFO: Run Behavior\ShowPageTraceBehavior [ RunTime:0.000697s ]
INFO: [ app_end ] --END-- [ RunTime:0.000729s ]

[ 2018-05-26T11:14:22+08:00 ] 127.0.0.1 /shop/index.php/home/user/checklogin
INFO: [ app_begin ] --START--
INFO: Run Behavior\ReadHtmlCacheBehavior [ RunTime:0.000666s ]
INFO: [ app_begin ] --END-- [ RunTime:0.001360s ]
SQL: SHOW COLUMNS FROM `sp_category` [ RunTime:0.0067s ]
SQL: SELECT * FROM `sp_category` WHERE `type` = 1  [ RunTime:0.0002s ]
SQL: SHOW COLUMNS FROM `sp_article` [ RunTime:0.0044s ]
SQL: SELECT * FROM `sp_article` WHERE `cateid` = 1  [ RunTime:0.0002s ]
SQL: SELECT * FROM `sp_article` WHERE `cateid` = 3  [ RunTime:0.0002s ]
SQL: SELECT * FROM `sp_article` WHERE `cateid` = 4  [ RunTime:0.0002s ]
SQL: SELECT * FROM `sp_article` WHERE `cateid` = 5  [ RunTime:0.0002s ]
SQL: SHOW COLUMNS FROM `sp_nav` [ RunTime:0.0039s ]
SQL: SELECT * FROM `sp_nav`  [ RunTime:0.0003s ]
SQL: SHOW COLUMNS FROM `sp_config` [ RunTime:0.0037s ]
SQL: SELECT `enname`,`value` FROM `sp_config`  [ RunTime:0.0003s ]
INFO: [ app_end ] --START--
INFO: Run Behavior\ShowPageTraceBehavior [ RunTime:0.000734s ]
INFO: [ app_end ] --END-- [ RunTime:0.000765s ]

[ 2018-05-26T11:27:01+08:00 ] 127.0.0.1 /shop/index.php/home/category/index/id/list_files/compare.js
ERR: 1054:Unknown column 'list_files' in 'where clause'
 [ SQL语句 ] : SELECT DISTINCT(b.id),b.brand_name FROM sp_goods a INNER JOIN sp_brand b ON a.brand_id = b.id  WHERE ( cate_id IN (list_files) ) 

[ 2018-05-26T11:27:02+08:00 ] 127.0.0.1 /shop/index.php/home/category/index/id/list_files/global.js
ERR: 1054:Unknown column 'list_files' in 'where clause'
 [ SQL语句 ] : SELECT DISTINCT(b.id),b.brand_name FROM sp_goods a INNER JOIN sp_brand b ON a.brand_id = b.id  WHERE ( cate_id IN (list_files) ) 

[ 2018-05-26T11:27:03+08:00 ] 127.0.0.1 /shop/index.php/home/category/index/id/list_files/common.js
ERR: 1054:Unknown column 'list_files' in 'where clause'
 [ SQL语句 ] : SELECT DISTINCT(b.id),b.brand_name FROM sp_goods a INNER JOIN sp_brand b ON a.brand_id = b.id  WHERE ( cate_id IN (list_files) ) 

[ 2018-05-26T11:27:04+08:00 ] 127.0.0.1 /shop/index.php/home/category/index/id/list_files/global.js
ERR: 1054:Unknown column 'list_files' in 'where clause'
 [ SQL语句 ] : SELECT DISTINCT(b.id),b.brand_name FROM sp_goods a INNER JOIN sp_brand b ON a.brand_id = b.id  WHERE ( cate_id IN (list_files) ) 

[ 2018-05-26T11:27:05+08:00 ] 127.0.0.1 /shop/index.php/home/category/index/id/list_files/compare.js
ERR: 1054:Unknown column 'list_files' in 'where clause'
 [ SQL语句 ] : SELECT DISTINCT(b.id),b.brand_name FROM sp_goods a INNER JOIN sp_brand b ON a.brand_id = b.id  WHERE ( cate_id IN (list_files) ) 

[ 2018-05-26T11:27:06+08:00 ] 127.0.0.1 /shop/index.php/home/user/checklogin
INFO: [ app_begin ] --START--
INFO: Run Behavior\ReadHtmlCacheBehavior [ RunTime:0.000494s ]
INFO: [ app_begin ] --END-- [ RunTime:0.001046s ]
SQL: SHOW COLUMNS FROM `sp_category` [ RunTime:0.0065s ]
SQL: SELECT * FROM `sp_category` WHERE `type` = 1  [ RunTime:0.0002s ]
SQL: SHOW COLUMNS FROM `sp_article` [ RunTime:0.0041s ]
SQL: SELECT * FROM `sp_article` WHERE `cateid` = 1  [ RunTime:0.0003s ]
SQL: SELECT * FROM `sp_article` WHERE `cateid` = 3  [ RunTime:0.0002s ]
SQL: SELECT * FROM `sp_article` WHERE `cateid` = 4  [ RunTime:0.0002s ]
SQL: SELECT * FROM `sp_article` WHERE `cateid` = 5  [ RunTime:0.0002s ]
SQL: SHOW COLUMNS FROM `sp_nav` [ RunTime:0.0044s ]
SQL: SELECT * FROM `sp_nav`  [ RunTime:0.0003s ]
SQL: SHOW COLUMNS FROM `sp_config` [ RunTime:0.0041s ]
SQL: SELECT `enname`,`value` FROM `sp_config`  [ RunTime:0.0003s ]
INFO: [ app_end ] --START--
INFO: Run Behavior\ShowPageTraceBehavior [ RunTime:0.000864s ]
INFO: [ app_end ] --END-- [ RunTime:0.000898s ]

[ 2018-05-26T12:08:19+08:00 ] 127.0.0.1 /shop/index.php/home/category/index/id/list_files/common.js
ERR: 1054:Unknown column 'list_files' in 'where clause'
 [ SQL语句 ] : SELECT DISTINCT(b.id),b.brand_name FROM sp_goods a INNER JOIN sp_brand b ON a.brand_id = b.id  WHERE ( cate_id IN (list_files) ) 

[ 2018-05-26T12:08:20+08:00 ] 127.0.0.1 /shop/index.php/home/category/index/id/list_files/compare.js
ERR: 1054:Unknown column 'list_files' in 'where clause'
 [ SQL语句 ] : SELECT DISTINCT(b.id),b.brand_name FROM sp_goods a INNER JOIN sp_brand b ON a.brand_id = b.id  WHERE ( cate_id IN (list_files) ) 

[ 2018-05-26T12:08:21+08:00 ] 127.0.0.1 /shop/index.php/home/category/index/id/list_files/global.js
ERR: 1054:Unknown column 'list_files' in 'where clause'
 [ SQL语句 ] : SELECT DISTINCT(b.id),b.brand_name FROM sp_goods a INNER JOIN sp_brand b ON a.brand_id = b.id  WHERE ( cate_id IN (list_files) ) 

[ 2018-05-26T12:08:22+08:00 ] 127.0.0.1 /shop/index.php/home/category/index/id/list_files/compare.js
ERR: 1054:Unknown column 'list_files' in 'where clause'
 [ SQL语句 ] : SELECT DISTINCT(b.id),b.brand_name FROM sp_goods a INNER JOIN sp_brand b ON a.brand_id = b.id  WHERE ( cate_id IN (list_files) ) 

[ 2018-05-26T12:08:23+08:00 ] 127.0.0.1 /shop/index.php/home/user/checklogin
INFO: [ app_begin ] --START--
INFO: Run Behavior\ReadHtmlCacheBehavior [ RunTime:0.000699s ]
INFO: [ app_begin ] --END-- [ RunTime:0.001288s ]
SQL: SHOW COLUMNS FROM `sp_category` [ RunTime:0.0068s ]
SQL: SELECT * FROM `sp_category` WHERE `type` = 1  [ RunTime:0.0003s ]
SQL: SHOW COLUMNS FROM `sp_article` [ RunTime:0.0042s ]
SQL: SELECT * FROM `sp_article` WHERE `cateid` = 1  [ RunTime:0.0003s ]
SQL: SELECT * FROM `sp_article` WHERE `cateid` = 3  [ RunTime:0.0002s ]
SQL: SELECT * FROM `sp_article` WHERE `cateid` = 4  [ RunTime:0.0002s ]
SQL: SELECT * FROM `sp_article` WHERE `cateid` = 5  [ RunTime:0.0002s ]
SQL: SHOW COLUMNS FROM `sp_nav` [ RunTime:0.0040s ]
SQL: SELECT * FROM `sp_nav`  [ RunTime:0.0002s ]
SQL: SHOW COLUMNS FROM `sp_config` [ RunTime:0.0039s ]
SQL: SELECT `enname`,`value` FROM `sp_config`  [ RunTime:0.0002s ]
INFO: [ app_end ] --START--
INFO: Run Behavior\ShowPageTraceBehavior [ RunTime:0.000734s ]
INFO: [ app_end ] --END-- [ RunTime:0.000764s ]

[ 2018-05-26T12:08:29+08:00 ] 127.0.0.1 /shop/index.php/home/category/index/id/list_files/compare.js
ERR: 1054:Unknown column 'list_files' in 'where clause'
 [ SQL语句 ] : SELECT DISTINCT(b.id),b.brand_name FROM sp_goods a INNER JOIN sp_brand b ON a.brand_id = b.id  WHERE ( cate_id IN (list_files) ) 

[ 2018-05-26T12:08:30+08:00 ] 127.0.0.1 /shop/index.php/home/category/index/id/list_files/global.js
ERR: 1054:Unknown column 'list_files' in 'where clause'
 [ SQL语句 ] : SELECT DISTINCT(b.id),b.brand_name FROM sp_goods a INNER JOIN sp_brand b ON a.brand_id = b.id  WHERE ( cate_id IN (list_files) ) 

[ 2018-05-26T12:08:31+08:00 ] 127.0.0.1 /shop/index.php/home/category/index/id/list_files/common.js
ERR: 1054:Unknown column 'list_files' in 'where clause'
 [ SQL语句 ] : SELECT DISTINCT(b.id),b.brand_name FROM sp_goods a INNER JOIN sp_brand b ON a.brand_id = b.id  WHERE ( cate_id IN (list_files) ) 

[ 2018-05-26T12:08:39+08:00 ] 127.0.0.1 /shop/index.php/Home/category/index/id/20/ob/shop_price/ow/list_files/global.js
ERR: 1064:You have an error in your SQL syntax; check the manual that corresponds to your MySQL server version for the right syntax to use near 'list_files LIMIT 0,4' at line 1
 [ SQL语句 ] : SELECT * FROM `sp_goods` WHERE `cate_id` IN ('20') ORDER BY shop_price list_files LIMIT 0,4  

[ 2018-05-26T12:08:40+08:00 ] 127.0.0.1 /shop/index.php/Home/category/index/id/20/ob/shop_price/ow/list_files/common.js
ERR: 1064:You have an error in your SQL syntax; check the manual that corresponds to your MySQL server version for the right syntax to use near 'list_files LIMIT 0,4' at line 1
 [ SQL语句 ] : SELECT * FROM `sp_goods` WHERE `cate_id` IN ('20') ORDER BY shop_price list_files LIMIT 0,4  

[ 2018-05-26T12:08:41+08:00 ] 127.0.0.1 /shop/index.php/Home/category/index/id/20/ob/shop_price/ow/list_files/compare.js
ERR: 1064:You have an error in your SQL syntax; check the manual that corresponds to your MySQL server version for the right syntax to use near 'list_files LIMIT 0,4' at line 1
 [ SQL语句 ] : SELECT * FROM `sp_goods` WHERE `cate_id` IN ('20') ORDER BY shop_price list_files LIMIT 0,4  

[ 2018-05-26T12:08:42+08:00 ] 127.0.0.1 /shop/index.php/Home/category/index/id/20/ob/shop_price/ow/list_files/global.js
ERR: 1064:You have an error in your SQL syntax; check the manual that corresponds to your MySQL server version for the right syntax to use near 'list_files LIMIT 0,4' at line 1
 [ SQL语句 ] : SELECT * FROM `sp_goods` WHERE `cate_id` IN ('20') ORDER BY shop_price list_files LIMIT 0,4  

[ 2018-05-26T12:08:43+08:00 ] 127.0.0.1 /shop/index.php/Home/category/index/id/20/ob/shop_price/ow/list_files/compare.js
ERR: 1064:You have an error in your SQL syntax; check the manual that corresponds to your MySQL server version for the right syntax to use near 'list_files LIMIT 0,4' at line 1
 [ SQL语句 ] : SELECT * FROM `sp_goods` WHERE `cate_id` IN ('20') ORDER BY shop_price list_files LIMIT 0,4  

[ 2018-05-26T12:08:44+08:00 ] 127.0.0.1 /shop/index.php/home/user/checklogin
INFO: [ app_begin ] --START--
INFO: Run Behavior\ReadHtmlCacheBehavior [ RunTime:0.000618s ]
INFO: [ app_begin ] --END-- [ RunTime:0.001204s ]
SQL: SHOW COLUMNS FROM `sp_category` [ RunTime:0.0065s ]
SQL: SELECT * FROM `sp_category` WHERE `type` = 1  [ RunTime:0.0002s ]
SQL: SHOW COLUMNS FROM `sp_article` [ RunTime:0.0047s ]
SQL: SELECT * FROM `sp_article` WHERE `cateid` = 1  [ RunTime:0.0002s ]
SQL: SELECT * FROM `sp_article` WHERE `cateid` = 3  [ RunTime:0.0002s ]
SQL: SELECT * FROM `sp_article` WHERE `cateid` = 4  [ RunTime:0.0002s ]
SQL: SELECT * FROM `sp_article` WHERE `cateid` = 5  [ RunTime:0.0002s ]
SQL: SHOW COLUMNS FROM `sp_nav` [ RunTime:0.0038s ]
SQL: SELECT * FROM `sp_nav`  [ RunTime:0.0002s ]
SQL: SHOW COLUMNS FROM `sp_config` [ RunTime:0.0039s ]
SQL: SELECT `enname`,`value` FROM `sp_config`  [ RunTime:0.0002s ]
INFO: [ app_end ] --START--
INFO: Run Behavior\ShowPageTraceBehavior [ RunTime:0.000673s ]
INFO: [ app_end ] --END-- [ RunTime:0.000702s ]

[ 2018-05-26T13:11:08+08:00 ] 127.0.0.1 /shop/index.php/home/user/checklogin
INFO: [ app_begin ] --START--
INFO: Run Behavior\ReadHtmlCacheBehavior [ RunTime:0.000450s ]
INFO: [ app_begin ] --END-- [ RunTime:0.000862s ]
SQL: SHOW COLUMNS FROM `sp_category` [ RunTime:0.0068s ]
SQL: SELECT * FROM `sp_category` WHERE `type` = 1  [ RunTime:0.0003s ]
SQL: SHOW COLUMNS FROM `sp_article` [ RunTime:0.0043s ]
SQL: SELECT * FROM `sp_article` WHERE `cateid` = 1  [ RunTime:0.0002s ]
SQL: SELECT * FROM `sp_article` WHERE `cateid` = 3  [ RunTime:0.0002s ]
SQL: SELECT * FROM `sp_article` WHERE `cateid` = 4  [ RunTime:0.0002s ]
SQL: SELECT * FROM `sp_article` WHERE `cateid` = 5  [ RunTime:0.0002s ]
SQL: SHOW COLUMNS FROM `sp_nav` [ RunTime:0.0044s ]
SQL: SELECT * FROM `sp_nav`  [ RunTime:0.0003s ]
SQL: SHOW COLUMNS FROM `sp_config` [ RunTime:0.0042s ]
SQL: SELECT `enname`,`value` FROM `sp_config`  [ RunTime:0.0003s ]
INFO: [ app_end ] --START--
INFO: Run Behavior\ShowPageTraceBehavior [ RunTime:0.000869s ]
INFO: [ app_end ] --END-- [ RunTime:0.000907s ]

[ 2018-05-26T13:11:11+08:00 ] 127.0.0.1 /shop/index.php/home/category/index/id/list_files/common.js
ERR: 1054:Unknown column 'list_files' in 'where clause'
 [ SQL语句 ] : SELECT DISTINCT(b.id),b.brand_name FROM sp_goods a INNER JOIN sp_brand b ON a.brand_id = b.id  WHERE ( cate_id IN (list_files) ) 

[ 2018-05-26T13:11:12+08:00 ] 127.0.0.1 /shop/index.php/home/category/index/id/list_files/compare.js
ERR: 1054:Unknown column 'list_files' in 'where clause'
 [ SQL语句 ] : SELECT DISTINCT(b.id),b.brand_name FROM sp_goods a INNER JOIN sp_brand b ON a.brand_id = b.id  WHERE ( cate_id IN (list_files) ) 

[ 2018-05-26T13:11:13+08:00 ] 127.0.0.1 /shop/index.php/home/category/index/id/list_files/global.js
ERR: 1054:Unknown column 'list_files' in 'where clause'
 [ SQL语句 ] : SELECT DISTINCT(b.id),b.brand_name FROM sp_goods a INNER JOIN sp_brand b ON a.brand_id = b.id  WHERE ( cate_id IN (list_files) ) 

[ 2018-05-26T13:11:14+08:00 ] 127.0.0.1 /shop/index.php/home/category/index/id/list_files/compare.js
ERR: 1054:Unknown column 'list_files' in 'where clause'
 [ SQL语句 ] : SELECT DISTINCT(b.id),b.brand_name FROM sp_goods a INNER JOIN sp_brand b ON a.brand_id = b.id  WHERE ( cate_id IN (list_files) ) 

[ 2018-05-26T13:11:15+08:00 ] 127.0.0.1 /shop/index.php/home/user/checklogin
INFO: [ app_begin ] --START--
INFO: Run Behavior\ReadHtmlCacheBehavior [ RunTime:0.000888s ]
INFO: [ app_begin ] --END-- [ RunTime:0.001747s ]
SQL: SHOW COLUMNS FROM `sp_category` [ RunTime:0.0069s ]
SQL: SELECT * FROM `sp_category` WHERE `type` = 1  [ RunTime:0.0002s ]
SQL: SHOW COLUMNS FROM `sp_article` [ RunTime:0.0048s ]
SQL: SELECT * FROM `sp_article` WHERE `cateid` = 1  [ RunTime:0.0004s ]
SQL: SELECT * FROM `sp_article` WHERE `cateid` = 3  [ RunTime:0.0002s ]
SQL: SELECT * FROM `sp_article` WHERE `cateid` = 4  [ RunTime:0.0002s ]
SQL: SELECT * FROM `sp_article` WHERE `cateid` = 5  [ RunTime:0.0002s ]
SQL: SHOW COLUMNS FROM `sp_nav` [ RunTime:0.0040s ]
SQL: SELECT * FROM `sp_nav`  [ RunTime:0.0003s ]
SQL: SHOW COLUMNS FROM `sp_config` [ RunTime:0.0047s ]
SQL: SELECT `enname`,`value` FROM `sp_config`  [ RunTime:0.0002s ]
INFO: [ app_end ] --START--
INFO: Run Behavior\ShowPageTraceBehavior [ RunTime:0.000827s ]
INFO: [ app_end ] --END-- [ RunTime:0.000860s ]

[ 2018-05-26T13:23:51+08:00 ] 127.0.0.1 /shop/index.php/home/category/index/id/list_files/compare.js
ERR: 1054:Unknown column 'list_files' in 'where clause'
 [ SQL语句 ] : SELECT DISTINCT(b.id),b.brand_name FROM sp_goods a INNER JOIN sp_brand b ON a.brand_id = b.id  WHERE ( cate_id IN (list_files) ) 

[ 2018-05-26T13:23:52+08:00 ] 127.0.0.1 /shop/index.php/home/category/index/id/list_files/common.js
ERR: 1054:Unknown column 'list_files' in 'where clause'
 [ SQL语句 ] : SELECT DISTINCT(b.id),b.brand_name FROM sp_goods a INNER JOIN sp_brand b ON a.brand_id = b.id  WHERE ( cate_id IN (list_files) ) 

[ 2018-05-26T13:23:54+08:00 ] 127.0.0.1 /shop/index.php/home/category/index/id/list_files/global.js
ERR: 1054:Unknown column 'list_files' in 'where clause'
 [ SQL语句 ] : SELECT DISTINCT(b.id),b.brand_name FROM sp_goods a INNER JOIN sp_brand b ON a.brand_id = b.id  WHERE ( cate_id IN (list_files) ) 

[ 2018-05-26T13:23:55+08:00 ] 127.0.0.1 /shop/index.php/home/category/index/id/list_files/compare.js
ERR: 1054:Unknown column 'list_files' in 'where clause'
 [ SQL语句 ] : SELECT DISTINCT(b.id),b.brand_name FROM sp_goods a INNER JOIN sp_brand b ON a.brand_id = b.id  WHERE ( cate_id IN (list_files) ) 

[ 2018-05-26T13:23:56+08:00 ] 127.0.0.1 /shop/index.php/home/user/checklogin
INFO: [ app_begin ] --START--
INFO: Run Behavior\ReadHtmlCacheBehavior [ RunTime:0.000508s ]
INFO: [ app_begin ] --END-- [ RunTime:0.000877s ]
SQL: SHOW COLUMNS FROM `sp_category` [ RunTime:0.0067s ]
SQL: SELECT * FROM `sp_category` WHERE `type` = 1  [ RunTime:0.0003s ]
SQL: SHOW COLUMNS FROM `sp_article` [ RunTime:0.0040s ]
SQL: SELECT * FROM `sp_article` WHERE `cateid` = 1  [ RunTime:0.0002s ]
SQL: SELECT * FROM `sp_article` WHERE `cateid` = 3  [ RunTime:0.0002s ]
SQL: SELECT * FROM `sp_article` WHERE `cateid` = 4  [ RunTime:0.0002s ]
SQL: SELECT * FROM `sp_article` WHERE `cateid` = 5  [ RunTime:0.0002s ]
SQL: SHOW COLUMNS FROM `sp_nav` [ RunTime:0.0037s ]
SQL: SELECT * FROM `sp_nav`  [ RunTime:0.0002s ]
SQL: SHOW COLUMNS FROM `sp_config` [ RunTime:0.0040s ]
SQL: SELECT `enname`,`value` FROM `sp_config`  [ RunTime:0.0002s ]
INFO: [ app_end ] --START--
INFO: Run Behavior\ShowPageTraceBehavior [ RunTime:0.000853s ]
INFO: [ app_end ] --END-- [ RunTime:0.000886s ]

[ 2018-05-26T13:24:04+08:00 ] 127.0.0.1 /shop/index.php/Home/category/index/id/list_files/common.js
ERR: 1054:Unknown column 'list_files' in 'where clause'
 [ SQL语句 ] : SELECT DISTINCT(b.id),b.brand_name FROM sp_goods a INNER JOIN sp_brand b ON a.brand_id = b.id  WHERE ( cate_id IN (list_files) ) 

[ 2018-05-26T13:24:05+08:00 ] 127.0.0.1 /shop/index.php/Home/category/index/id/list_files/compare.js
ERR: 1054:Unknown column 'list_files' in 'where clause'
 [ SQL语句 ] : SELECT DISTINCT(b.id),b.brand_name FROM sp_goods a INNER JOIN sp_brand b ON a.brand_id = b.id  WHERE ( cate_id IN (list_files) ) 

[ 2018-05-26T13:24:07+08:00 ] 127.0.0.1 /shop/index.php/Home/category/index/id/list_files/global.js
ERR: 1054:Unknown column 'list_files' in 'where clause'
 [ SQL语句 ] : SELECT DISTINCT(b.id),b.brand_name FROM sp_goods a INNER JOIN sp_brand b ON a.brand_id = b.id  WHERE ( cate_id IN (list_files) ) 

[ 2018-05-26T13:24:08+08:00 ] 127.0.0.1 /shop/index.php/Home/category/index/id/list_files/compare.js
ERR: 1054:Unknown column 'list_files' in 'where clause'
 [ SQL语句 ] : SELECT DISTINCT(b.id),b.brand_name FROM sp_goods a INNER JOIN sp_brand b ON a.brand_id = b.id  WHERE ( cate_id IN (list_files) ) 

[ 2018-05-26T13:24:09+08:00 ] 127.0.0.1 /shop/index.php/home/user/checklogin
INFO: [ app_begin ] --START--
INFO: Run Behavior\ReadHtmlCacheBehavior [ RunTime:0.000857s ]
INFO: [ app_begin ] --END-- [ RunTime:0.001680s ]
SQL: SHOW COLUMNS FROM `sp_category` [ RunTime:0.0063s ]
SQL: SELECT * FROM `sp_category` WHERE `type` = 1  [ RunTime:0.0002s ]
SQL: SHOW COLUMNS FROM `sp_article` [ RunTime:0.0041s ]
SQL: SELECT * FROM `sp_article` WHERE `cateid` = 1  [ RunTime:0.0002s ]
SQL: SELECT * FROM `sp_article` WHERE `cateid` = 3  [ RunTime:0.0002s ]
SQL: SELECT * FROM `sp_article` WHERE `cateid` = 4  [ RunTime:0.0002s ]
SQL: SELECT * FROM `sp_article` WHERE `cateid` = 5  [ RunTime:0.0002s ]
SQL: SHOW COLUMNS FROM `sp_nav` [ RunTime:0.0041s ]
SQL: SELECT * FROM `sp_nav`  [ RunTime:0.0003s ]
SQL: SHOW COLUMNS FROM `sp_config` [ RunTime:0.0038s ]
SQL: SELECT `enname`,`value` FROM `sp_config`  [ RunTime:0.0002s ]
INFO: [ app_end ] --START--
INFO: Run Behavior\ShowPageTraceBehavior [ RunTime:0.000755s ]
INFO: [ app_end ] --END-- [ RunTime:0.000786s ]

[ 2018-05-26T13:24:16+08:00 ] 127.0.0.1 /shop/index.php/Home/category/index/id/list_files/common.js
ERR: 1054:Unknown column 'list_files' in 'where clause'
 [ SQL语句 ] : SELECT DISTINCT(b.id),b.brand_name FROM sp_goods a INNER JOIN sp_brand b ON a.brand_id = b.id  WHERE ( cate_id IN (list_files) ) 

[ 2018-05-26T13:24:17+08:00 ] 127.0.0.1 /shop/index.php/Home/category/index/id/list_files/global.js
ERR: 1054:Unknown column 'list_files' in 'where clause'
 [ SQL语句 ] : SELECT DISTINCT(b.id),b.brand_name FROM sp_goods a INNER JOIN sp_brand b ON a.brand_id = b.id  WHERE ( cate_id IN (list_files) ) 

[ 2018-05-26T13:24:19+08:00 ] 127.0.0.1 /shop/index.php/Home/category/index/id/list_files/compare.js
ERR: 1054:Unknown column 'list_files' in 'where clause'
 [ SQL语句 ] : SELECT DISTINCT(b.id),b.brand_name FROM sp_goods a INNER JOIN sp_brand b ON a.brand_id = b.id  WHERE ( cate_id IN (list_files) ) 

[ 2018-05-26T13:24:20+08:00 ] 127.0.0.1 /shop/index.php/home/user/checklogin
INFO: [ app_begin ] --START--
INFO: Run Behavior\ReadHtmlCacheBehavior [ RunTime:0.000435s ]
INFO: [ app_begin ] --END-- [ RunTime:0.000773s ]
SQL: SHOW COLUMNS FROM `sp_category` [ RunTime:0.0063s ]
SQL: SELECT * FROM `sp_category` WHERE `type` = 1  [ RunTime:0.0002s ]
SQL: SHOW COLUMNS FROM `sp_article` [ RunTime:0.0040s ]
SQL: SELECT * FROM `sp_article` WHERE `cateid` = 1  [ RunTime:0.0002s ]
SQL: SELECT * FROM `sp_article` WHERE `cateid` = 3  [ RunTime:0.0002s ]
SQL: SELECT * FROM `sp_article` WHERE `cateid` = 4  [ RunTime:0.0002s ]
SQL: SELECT * FROM `sp_article` WHERE `cateid` = 5  [ RunTime:0.0002s ]
SQL: SHOW COLUMNS FROM `sp_nav` [ RunTime:0.0037s ]
SQL: SELECT * FROM `sp_nav`  [ RunTime:0.0003s ]
SQL: SHOW COLUMNS FROM `sp_config` [ RunTime:0.0035s ]
SQL: SELECT `enname`,`value` FROM `sp_config`  [ RunTime:0.0002s ]
INFO: [ app_end ] --START--
INFO: Run Behavior\ShowPageTraceBehavior [ RunTime:0.000752s ]
INFO: [ app_end ] --END-- [ RunTime:0.000783s ]

[ 2018-05-26T13:24:33+08:00 ] 127.0.0.1 /shop/index.php/Home/category/index/id/list_files/global.js
ERR: 1054:Unknown column 'list_files' in 'where clause'
 [ SQL语句 ] : SELECT DISTINCT(b.id),b.brand_name FROM sp_goods a INNER JOIN sp_brand b ON a.brand_id = b.id  WHERE ( cate_id IN (list_files) ) 

[ 2018-05-26T13:24:34+08:00 ] 127.0.0.1 /shop/index.php/Home/category/index/id/list_files/compare.js
ERR: 1054:Unknown column 'list_files' in 'where clause'
 [ SQL语句 ] : SELECT DISTINCT(b.id),b.brand_name FROM sp_goods a INNER JOIN sp_brand b ON a.brand_id = b.id  WHERE ( cate_id IN (list_files) ) 

[ 2018-05-26T13:24:35+08:00 ] 127.0.0.1 /shop/index.php/Home/category/index/id/list_files/common.js
ERR: 1054:Unknown column 'list_files' in 'where clause'
 [ SQL语句 ] : SELECT DISTINCT(b.id),b.brand_name FROM sp_goods a INNER JOIN sp_brand b ON a.brand_id = b.id  WHERE ( cate_id IN (list_files) ) 

[ 2018-05-26T13:24:36+08:00 ] 127.0.0.1 /shop/index.php/Home/category/index/id/list_files/global.js
ERR: 1054:Unknown column 'list_files' in 'where clause'
 [ SQL语句 ] : SELECT DISTINCT(b.id),b.brand_name FROM sp_goods a INNER JOIN sp_brand b ON a.brand_id = b.id  WHERE ( cate_id IN (list_files) ) 

[ 2018-05-26T13:24:37+08:00 ] 127.0.0.1 /shop/index.php/Home/category/index/id/list_files/compare.js
ERR: 1054:Unknown column 'list_files' in 'where clause'
 [ SQL语句 ] : SELECT DISTINCT(b.id),b.brand_name FROM sp_goods a INNER JOIN sp_brand b ON a.brand_id = b.id  WHERE ( cate_id IN (list_files) ) 

[ 2018-05-26T13:24:38+08:00 ] 127.0.0.1 /shop/index.php/home/user/checklogin
INFO: [ app_begin ] --START--
INFO: Run Behavior\ReadHtmlCacheBehavior [ RunTime:0.000477s ]
INFO: [ app_begin ] --END-- [ RunTime:0.000964s ]
SQL: SHOW COLUMNS FROM `sp_category` [ RunTime:0.0076s ]
SQL: SELECT * FROM `sp_category` WHERE `type` = 1  [ RunTime:0.0002s ]
SQL: SHOW COLUMNS FROM `sp_article` [ RunTime:0.0036s ]
SQL: SELECT * FROM `sp_article` WHERE `cateid` = 1  [ RunTime:0.0002s ]
SQL: SELECT * FROM `sp_article` WHERE `cateid` = 3  [ RunTime:0.0002s ]
SQL: SELECT * FROM `sp_article` WHERE `cateid` = 4  [ RunTime:0.0002s ]
SQL: SELECT * FROM `sp_article` WHERE `cateid` = 5  [ RunTime:0.0002s ]
SQL: SHOW COLUMNS FROM `sp_nav` [ RunTime:0.0042s ]
SQL: SELECT * FROM `sp_nav`  [ RunTime:0.0003s ]
SQL: SHOW COLUMNS FROM `sp_config` [ RunTime:0.0037s ]
SQL: SELECT `enname`,`value` FROM `sp_config`  [ RunTime:0.0002s ]
INFO: [ app_end ] --START--
INFO: Run Behavior\ShowPageTraceBehavior [ RunTime:0.000701s ]
INFO: [ app_end ] --END-- [ RunTime:0.000732s ]

[ 2018-05-26T13:24:42+08:00 ] 127.0.0.1 /shop/index.php/Home/category/index/id/list_files/global.js
ERR: 1054:Unknown column 'list_files' in 'where clause'
 [ SQL语句 ] : SELECT DISTINCT(b.id),b.brand_name FROM sp_goods a INNER JOIN sp_brand b ON a.brand_id = b.id  WHERE ( cate_id IN (list_files) ) 

[ 2018-05-26T13:24:43+08:00 ] 127.0.0.1 /shop/index.php/Home/category/index/id/list_files/compare.js
ERR: 1054:Unknown column 'list_files' in 'where clause'
 [ SQL语句 ] : SELECT DISTINCT(b.id),b.brand_name FROM sp_goods a INNER JOIN sp_brand b ON a.brand_id = b.id  WHERE ( cate_id IN (list_files) ) 

[ 2018-05-26T13:24:44+08:00 ] 127.0.0.1 /shop/index.php/Home/category/index/id/list_files/common.js
ERR: 1054:Unknown column 'list_files' in 'where clause'
 [ SQL语句 ] : SELECT DISTINCT(b.id),b.brand_name FROM sp_goods a INNER JOIN sp_brand b ON a.brand_id = b.id  WHERE ( cate_id IN (list_files) ) 

[ 2018-05-26T13:24:46+08:00 ] 127.0.0.1 /shop/index.php/Home/category/index/id/list_files/global.js
ERR: 1054:Unknown column 'list_files' in 'where clause'
 [ SQL语句 ] : SELECT DISTINCT(b.id),b.brand_name FROM sp_goods a INNER JOIN sp_brand b ON a.brand_id = b.id  WHERE ( cate_id IN (list_files) ) 

[ 2018-05-26T13:24:47+08:00 ] 127.0.0.1 /shop/index.php/Home/category/index/id/list_files/compare.js
ERR: 1054:Unknown column 'list_files' in 'where clause'
 [ SQL语句 ] : SELECT DISTINCT(b.id),b.brand_name FROM sp_goods a INNER JOIN sp_brand b ON a.brand_id = b.id  WHERE ( cate_id IN (list_files) ) 

[ 2018-05-26T13:24:48+08:00 ] 127.0.0.1 /shop/index.php/home/user/checklogin
INFO: [ app_begin ] --START--
INFO: Run Behavior\ReadHtmlCacheBehavior [ RunTime:0.000624s ]
INFO: [ app_begin ] --END-- [ RunTime:0.001132s ]
SQL: SHOW COLUMNS FROM `sp_category` [ RunTime:0.0065s ]
SQL: SELECT * FROM `sp_category` WHERE `type` = 1  [ RunTime:0.0003s ]
SQL: SHOW COLUMNS FROM `sp_article` [ RunTime:0.0043s ]
SQL: SELECT * FROM `sp_article` WHERE `cateid` = 1  [ RunTime:0.0003s ]
SQL: SELECT * FROM `sp_article` WHERE `cateid` = 3  [ RunTime:0.0002s ]
SQL: SELECT * FROM `sp_article` WHERE `cateid` = 4  [ RunTime:0.0002s ]
SQL: SELECT * FROM `sp_article` WHERE `cateid` = 5  [ RunTime:0.0002s ]
SQL: SHOW COLUMNS FROM `sp_nav` [ RunTime:0.0044s ]
SQL: SELECT * FROM `sp_nav`  [ RunTime:0.0003s ]
SQL: SHOW COLUMNS FROM `sp_config` [ RunTime:0.0036s ]
SQL: SELECT `enname`,`value` FROM `sp_config`  [ RunTime:0.0003s ]
INFO: [ app_end ] --START--
INFO: Run Behavior\ShowPageTraceBehavior [ RunTime:0.000907s ]
INFO: [ app_end ] --END-- [ RunTime:0.000960s ]

[ 2018-05-26T13:24:52+08:00 ] 127.0.0.1 /shop/index.php/Home/category/index/id/list_files/global.js
ERR: 1054:Unknown column 'list_files' in 'where clause'
 [ SQL语句 ] : SELECT DISTINCT(b.id),b.brand_name FROM sp_goods a INNER JOIN sp_brand b ON a.brand_id = b.id  WHERE ( cate_id IN (list_files) ) 

[ 2018-05-26T13:24:53+08:00 ] 127.0.0.1 /shop/index.php/Home/category/index/id/list_files/compare.js
ERR: 1054:Unknown column 'list_files' in 'where clause'
 [ SQL语句 ] : SELECT DISTINCT(b.id),b.brand_name FROM sp_goods a INNER JOIN sp_brand b ON a.brand_id = b.id  WHERE ( cate_id IN (list_files) ) 

[ 2018-05-26T13:24:54+08:00 ] 127.0.0.1 /shop/index.php/Home/category/index/id/list_files/common.js
ERR: 1054:Unknown column 'list_files' in 'where clause'
 [ SQL语句 ] : SELECT DISTINCT(b.id),b.brand_name FROM sp_goods a INNER JOIN sp_brand b ON a.brand_id = b.id  WHERE ( cate_id IN (list_files) ) 

[ 2018-05-26T13:24:55+08:00 ] 127.0.0.1 /shop/index.php/Home/category/index/id/list_files/global.js
ERR: 1054:Unknown column 'list_files' in 'where clause'
 [ SQL语句 ] : SELECT DISTINCT(b.id),b.brand_name FROM sp_goods a INNER JOIN sp_brand b ON a.brand_id = b.id  WHERE ( cate_id IN (list_files) ) 

[ 2018-05-26T13:24:56+08:00 ] 127.0.0.1 /shop/index.php/Home/category/index/id/list_files/compare.js
ERR: 1054:Unknown column 'list_files' in 'where clause'
 [ SQL语句 ] : SELECT DISTINCT(b.id),b.brand_name FROM sp_goods a INNER JOIN sp_brand b ON a.brand_id = b.id  WHERE ( cate_id IN (list_files) ) 

[ 2018-05-26T13:24:58+08:00 ] 127.0.0.1 /shop/index.php/home/user/checklogin
INFO: [ app_begin ] --START--
INFO: Run Behavior\ReadHtmlCacheBehavior [ RunTime:0.000544s ]
INFO: [ app_begin ] --END-- [ RunTime:0.001148s ]
SQL: SHOW COLUMNS FROM `sp_category` [ RunTime:0.0061s ]
SQL: SELECT * FROM `sp_category` WHERE `type` = 1  [ RunTime:0.0004s ]
SQL: SHOW COLUMNS FROM `sp_article` [ RunTime:0.0038s ]
SQL: SELECT * FROM `sp_article` WHERE `cateid` = 1  [ RunTime:0.0002s ]
SQL: SELECT * FROM `sp_article` WHERE `cateid` = 3  [ RunTime:0.0002s ]
SQL: SELECT * FROM `sp_article` WHERE `cateid` = 4  [ RunTime:0.0002s ]
SQL: SELECT * FROM `sp_article` WHERE `cateid` = 5  [ RunTime:0.0002s ]
SQL: SHOW COLUMNS FROM `sp_nav` [ RunTime:0.0038s ]
SQL: SELECT * FROM `sp_nav`  [ RunTime:0.0004s ]
SQL: SHOW COLUMNS FROM `sp_config` [ RunTime:0.0039s ]
SQL: SELECT `enname`,`value` FROM `sp_config`  [ RunTime:0.0003s ]
INFO: [ app_end ] --START--
INFO: Run Behavior\ShowPageTraceBehavior [ RunTime:0.000704s ]
INFO: [ app_end ] --END-- [ RunTime:0.000736s ]

[ 2018-05-26T13:30:51+08:00 ] 127.0.0.1 /shop/index.php/Home/category/index/id/list_files/global.js
ERR: 1054:Unknown column 'list_files' in 'where clause'
 [ SQL语句 ] : SELECT DISTINCT(b.id),b.brand_name FROM sp_goods a INNER JOIN sp_brand b ON a.brand_id = b.id  WHERE ( cate_id IN (list_files) ) 

[ 2018-05-26T13:30:52+08:00 ] 127.0.0.1 /shop/index.php/Home/category/index/id/list_files/compare.js
ERR: 1054:Unknown column 'list_files' in 'where clause'
 [ SQL语句 ] : SELECT DISTINCT(b.id),b.brand_name FROM sp_goods a INNER JOIN sp_brand b ON a.brand_id = b.id  WHERE ( cate_id IN (list_files) ) 

[ 2018-05-26T13:30:53+08:00 ] 127.0.0.1 /shop/index.php/Home/category/index/id/list_files/common.js
ERR: 1054:Unknown column 'list_files' in 'where clause'
 [ SQL语句 ] : SELECT DISTINCT(b.id),b.brand_name FROM sp_goods a INNER JOIN sp_brand b ON a.brand_id = b.id  WHERE ( cate_id IN (list_files) ) 

[ 2018-05-26T13:30:54+08:00 ] 127.0.0.1 /shop/index.php/Home/category/index/id/list_files/global.js
ERR: 1054:Unknown column 'list_files' in 'where clause'
 [ SQL语句 ] : SELECT DISTINCT(b.id),b.brand_name FROM sp_goods a INNER JOIN sp_brand b ON a.brand_id = b.id  WHERE ( cate_id IN (list_files) ) 

[ 2018-05-26T13:30:55+08:00 ] 127.0.0.1 /shop/index.php/Home/category/index/id/list_files/compare.js
ERR: 1054:Unknown column 'list_files' in 'where clause'
 [ SQL语句 ] : SELECT DISTINCT(b.id),b.brand_name FROM sp_goods a INNER JOIN sp_brand b ON a.brand_id = b.id  WHERE ( cate_id IN (list_files) ) 

[ 2018-05-26T13:30:56+08:00 ] 127.0.0.1 /shop/index.php/home/user/checklogin
INFO: [ app_begin ] --START--
INFO: Run Behavior\ReadHtmlCacheBehavior [ RunTime:0.001564s ]
INFO: [ app_begin ] --END-- [ RunTime:0.002281s ]
SQL: SHOW COLUMNS FROM `sp_category` [ RunTime:0.0064s ]
SQL: SELECT * FROM `sp_category` WHERE `type` = 1  [ RunTime:0.0002s ]
SQL: SHOW COLUMNS FROM `sp_article` [ RunTime:0.0041s ]
SQL: SELECT * FROM `sp_article` WHERE `cateid` = 1  [ RunTime:0.0002s ]
SQL: SELECT * FROM `sp_article` WHERE `cateid` = 3  [ RunTime:0.0002s ]
SQL: SELECT * FROM `sp_article` WHERE `cateid` = 4  [ RunTime:0.0002s ]
SQL: SELECT * FROM `sp_article` WHERE `cateid` = 5  [ RunTime:0.0002s ]
SQL: SHOW COLUMNS FROM `sp_nav` [ RunTime:0.0037s ]
SQL: SELECT * FROM `sp_nav`  [ RunTime:0.0002s ]
SQL: SHOW COLUMNS FROM `sp_config` [ RunTime:0.0038s ]
SQL: SELECT `enname`,`value` FROM `sp_config`  [ RunTime:0.0003s ]
INFO: [ app_end ] --START--
INFO: Run Behavior\ShowPageTraceBehavior [ RunTime:0.001060s ]
INFO: [ app_end ] --END-- [ RunTime:0.001093s ]

[ 2018-05-26T13:32:29+08:00 ] 127.0.0.1 /shop/index.php/Home/category/index/id/list_files/global.js
ERR: 1054:Unknown column 'list_files' in 'where clause'
 [ SQL语句 ] : SELECT DISTINCT(b.id),b.brand_name FROM sp_goods a INNER JOIN sp_brand b ON a.brand_id = b.id  WHERE ( cate_id IN (list_files) ) 

[ 2018-05-26T13:32:30+08:00 ] 127.0.0.1 /shop/index.php/Home/category/index/id/list_files/compare.js
ERR: 1054:Unknown column 'list_files' in 'where clause'
 [ SQL语句 ] : SELECT DISTINCT(b.id),b.brand_name FROM sp_goods a INNER JOIN sp_brand b ON a.brand_id = b.id  WHERE ( cate_id IN (list_files) ) 

[ 2018-05-26T13:32:31+08:00 ] 127.0.0.1 /shop/index.php/Home/category/index/id/list_files/common.js
ERR: 1054:Unknown column 'list_files' in 'where clause'
 [ SQL语句 ] : SELECT DISTINCT(b.id),b.brand_name FROM sp_goods a INNER JOIN sp_brand b ON a.brand_id = b.id  WHERE ( cate_id IN (list_files) ) 

[ 2018-05-26T13:32:32+08:00 ] 127.0.0.1 /shop/index.php/Home/category/index/id/list_files/global.js
ERR: 1054:Unknown column 'list_files' in 'where clause'
 [ SQL语句 ] : SELECT DISTINCT(b.id),b.brand_name FROM sp_goods a INNER JOIN sp_brand b ON a.brand_id = b.id  WHERE ( cate_id IN (list_files) ) 

[ 2018-05-26T13:32:33+08:00 ] 127.0.0.1 /shop/index.php/Home/category/index/id/list_files/compare.js
ERR: 1054:Unknown column 'list_files' in 'where clause'
 [ SQL语句 ] : SELECT DISTINCT(b.id),b.brand_name FROM sp_goods a INNER JOIN sp_brand b ON a.brand_id = b.id  WHERE ( cate_id IN (list_files) ) 

[ 2018-05-26T13:32:34+08:00 ] 127.0.0.1 /shop/index.php/home/user/checklogin
INFO: [ app_begin ] --START--
INFO: Run Behavior\ReadHtmlCacheBehavior [ RunTime:0.001037s ]
INFO: [ app_begin ] --END-- [ RunTime:0.001434s ]
SQL: SHOW COLUMNS FROM `sp_category` [ RunTime:0.0033s ]
SQL: SELECT * FROM `sp_category` WHERE `type` = 1  [ RunTime:0.0002s ]
SQL: SHOW COLUMNS FROM `sp_article` [ RunTime:0.0045s ]
SQL: SELECT * FROM `sp_article` WHERE `cateid` = 1  [ RunTime:0.0003s ]
SQL: SELECT * FROM `sp_article` WHERE `cateid` = 3  [ RunTime:0.0003s ]
SQL: SELECT * FROM `sp_article` WHERE `cateid` = 4  [ RunTime:0.0002s ]
SQL: SELECT * FROM `sp_article` WHERE `cateid` = 5  [ RunTime:0.0002s ]
SQL: SHOW COLUMNS FROM `sp_nav` [ RunTime:0.0045s ]
SQL: SELECT * FROM `sp_nav`  [ RunTime:0.0003s ]
SQL: SHOW COLUMNS FROM `sp_config` [ RunTime:0.0036s ]
SQL: SELECT `enname`,`value` FROM `sp_config`  [ RunTime:0.0002s ]
INFO: [ app_end ] --START--
INFO: Run Behavior\ShowPageTraceBehavior [ RunTime:0.001009s ]
INFO: [ app_end ] --END-- [ RunTime:0.001040s ]

[ 2018-05-26T13:50:20+08:00 ] 127.0.0.1 /shop/index.php/Home/category/index/id/list_files/common.js
ERR: 1054:Unknown column 'list_files' in 'where clause'
 [ SQL语句 ] : SELECT DISTINCT(b.id),b.brand_name FROM sp_goods a INNER JOIN sp_brand b ON a.brand_id = b.id  WHERE ( cate_id IN (list_files) ) 

[ 2018-05-26T13:50:21+08:00 ] 127.0.0.1 /shop/index.php/Home/category/index/id/list_files/compare.js
ERR: 1054:Unknown column 'list_files' in 'where clause'
 [ SQL语句 ] : SELECT DISTINCT(b.id),b.brand_name FROM sp_goods a INNER JOIN sp_brand b ON a.brand_id = b.id  WHERE ( cate_id IN (list_files) ) 

[ 2018-05-26T13:50:22+08:00 ] 127.0.0.1 /shop/index.php/Home/category/index/id/list_files/global.js
ERR: 1054:Unknown column 'list_files' in 'where clause'
 [ SQL语句 ] : SELECT DISTINCT(b.id),b.brand_name FROM sp_goods a INNER JOIN sp_brand b ON a.brand_id = b.id  WHERE ( cate_id IN (list_files) ) 

[ 2018-05-26T13:50:23+08:00 ] 127.0.0.1 /shop/index.php/Home/category/index/id/list_files/compare.js
ERR: 1054:Unknown column 'list_files' in 'where clause'
 [ SQL语句 ] : SELECT DISTINCT(b.id),b.brand_name FROM sp_goods a INNER JOIN sp_brand b ON a.brand_id = b.id  WHERE ( cate_id IN (list_files) ) 

[ 2018-05-26T13:50:24+08:00 ] 127.0.0.1 /shop/index.php/home/user/checklogin
INFO: [ app_begin ] --START--
INFO: Run Behavior\ReadHtmlCacheBehavior [ RunTime:0.000909s ]
INFO: [ app_begin ] --END-- [ RunTime:0.001270s ]
SQL: SHOW COLUMNS FROM `sp_category` [ RunTime:0.0061s ]
SQL: SELECT * FROM `sp_category` WHERE `type` = 1  [ RunTime:0.0002s ]
SQL: SHOW COLUMNS FROM `sp_article` [ RunTime:0.0035s ]
SQL: SELECT * FROM `sp_article` WHERE `cateid` = 1  [ RunTime:0.0002s ]
SQL: SELECT * FROM `sp_article` WHERE `cateid` = 3  [ RunTime:0.0002s ]
SQL: SELECT * FROM `sp_article` WHERE `cateid` = 4  [ RunTime:0.0002s ]
SQL: SELECT * FROM `sp_article` WHERE `cateid` = 5  [ RunTime:0.0002s ]
SQL: SHOW COLUMNS FROM `sp_nav` [ RunTime:0.0035s ]
SQL: SELECT * FROM `sp_nav`  [ RunTime:0.0002s ]
SQL: SHOW COLUMNS FROM `sp_config` [ RunTime:0.0038s ]
SQL: SELECT `enname`,`value` FROM `sp_config`  [ RunTime:0.0003s ]
INFO: [ app_end ] --START--
INFO: Run Behavior\ShowPageTraceBehavior [ RunTime:0.011757s ]
INFO: [ app_end ] --END-- [ RunTime:0.011802s ]

[ 2018-05-26T13:50:28+08:00 ] 127.0.0.1 /shop/index.php/home/user/checklogin
INFO: [ app_begin ] --START--
INFO: Run Behavior\ReadHtmlCacheBehavior [ RunTime:0.001520s ]
INFO: [ app_begin ] --END-- [ RunTime:0.002193s ]
SQL: SHOW COLUMNS FROM `sp_category` [ RunTime:0.0061s ]
SQL: SELECT * FROM `sp_category` WHERE `type` = 1  [ RunTime:0.0002s ]
SQL: SHOW COLUMNS FROM `sp_article` [ RunTime:0.0038s ]
SQL: SELECT * FROM `sp_article` WHERE `cateid` = 1  [ RunTime:0.0002s ]
SQL: SELECT * FROM `sp_article` WHERE `cateid` = 3  [ RunTime:0.0002s ]
SQL: SELECT * FROM `sp_article` WHERE `cateid` = 4  [ RunTime:0.0002s ]
SQL: SELECT * FROM `sp_article` WHERE `cateid` = 5  [ RunTime:0.0002s ]
SQL: SHOW COLUMNS FROM `sp_nav` [ RunTime:0.0039s ]
SQL: SELECT * FROM `sp_nav`  [ RunTime:0.0003s ]
SQL: SHOW COLUMNS FROM `sp_config` [ RunTime:0.0037s ]
SQL: SELECT `enname`,`value` FROM `sp_config`  [ RunTime:0.0003s ]
INFO: [ app_end ] --START--
INFO: Run Behavior\ShowPageTraceBehavior [ RunTime:0.000994s ]
INFO: [ app_end ] --END-- [ RunTime:0.001025s ]

[ 2018-05-26T13:59:55+08:00 ] 127.0.0.1 /shop/index.php/home/category/index/id/list_files/compare.js
ERR: 1054:Unknown column 'list_files' in 'where clause'
 [ SQL语句 ] : SELECT DISTINCT(b.id),b.brand_name FROM sp_goods a INNER JOIN sp_brand b ON a.brand_id = b.id  WHERE ( cate_id IN (list_files) ) 

[ 2018-05-26T13:59:56+08:00 ] 127.0.0.1 /shop/index.php/home/category/index/id/list_files/global.js
ERR: 1054:Unknown column 'list_files' in 'where clause'
 [ SQL语句 ] : SELECT DISTINCT(b.id),b.brand_name FROM sp_goods a INNER JOIN sp_brand b ON a.brand_id = b.id  WHERE ( cate_id IN (list_files) ) 

[ 2018-05-26T13:59:57+08:00 ] 127.0.0.1 /shop/index.php/home/category/index/id/list_files/common.js
ERR: 1054:Unknown column 'list_files' in 'where clause'
 [ SQL语句 ] : SELECT DISTINCT(b.id),b.brand_name FROM sp_goods a INNER JOIN sp_brand b ON a.brand_id = b.id  WHERE ( cate_id IN (list_files) ) 

[ 2018-05-26T13:59:58+08:00 ] 127.0.0.1 /shop/index.php/home/category/index/id/list_files/global.js
ERR: 1054:Unknown column 'list_files' in 'where clause'
 [ SQL语句 ] : SELECT DISTINCT(b.id),b.brand_name FROM sp_goods a INNER JOIN sp_brand b ON a.brand_id = b.id  WHERE ( cate_id IN (list_files) ) 

[ 2018-05-26T13:59:59+08:00 ] 127.0.0.1 /shop/index.php/home/category/index/id/list_files/compare.js
ERR: 1054:Unknown column 'list_files' in 'where clause'
 [ SQL语句 ] : SELECT DISTINCT(b.id),b.brand_name FROM sp_goods a INNER JOIN sp_brand b ON a.brand_id = b.id  WHERE ( cate_id IN (list_files) ) 

[ 2018-05-26T14:00:00+08:00 ] 127.0.0.1 /shop/index.php/home/user/checklogin
INFO: [ app_begin ] --START--
INFO: Run Behavior\ReadHtmlCacheBehavior [ RunTime:0.000995s ]
INFO: [ app_begin ] --END-- [ RunTime:0.001407s ]
SQL: SHOW COLUMNS FROM `sp_category` [ RunTime:0.0062s ]
SQL: SELECT * FROM `sp_category` WHERE `type` = 1  [ RunTime:0.0002s ]
SQL: SHOW COLUMNS FROM `sp_article` [ RunTime:0.0036s ]
SQL: SELECT * FROM `sp_article` WHERE `cateid` = 1  [ RunTime:0.0003s ]
SQL: SELECT * FROM `sp_article` WHERE `cateid` = 3  [ RunTime:0.0002s ]
SQL: SELECT * FROM `sp_article` WHERE `cateid` = 4  [ RunTime:0.0002s ]
SQL: SELECT * FROM `sp_article` WHERE `cateid` = 5  [ RunTime:0.0002s ]
SQL: SHOW COLUMNS FROM `sp_nav` [ RunTime:0.0036s ]
SQL: SELECT * FROM `sp_nav`  [ RunTime:0.0002s ]
SQL: SHOW COLUMNS FROM `sp_config` [ RunTime:0.0051s ]
SQL: SELECT `enname`,`value` FROM `sp_config`  [ RunTime:0.0002s ]
INFO: [ app_end ] --START--
INFO: Run Behavior\ShowPageTraceBehavior [ RunTime:0.000984s ]
INFO: [ app_end ] --END-- [ RunTime:0.001017s ]

[ 2018-05-26T14:04:56+08:00 ] 127.0.0.1 /shop/index.php/Home/category/index/id/list_files/global.js
ERR: 1054:Unknown column 'list_files' in 'where clause'
 [ SQL语句 ] : SELECT DISTINCT(b.id),b.brand_name FROM sp_goods a INNER JOIN sp_brand b ON a.brand_id = b.id  WHERE ( cate_id IN (list_files) ) 

[ 2018-05-26T14:04:57+08:00 ] 127.0.0.1 /shop/index.php/Home/category/index/id/list_files/common.js
ERR: 1054:Unknown column 'list_files' in 'where clause'
 [ SQL语句 ] : SELECT DISTINCT(b.id),b.brand_name FROM sp_goods a INNER JOIN sp_brand b ON a.brand_id = b.id  WHERE ( cate_id IN (list_files) ) 

[ 2018-05-26T14:04:58+08:00 ] 127.0.0.1 /shop/index.php/Home/category/index/id/list_files/compare.js
ERR: 1054:Unknown column 'list_files' in 'where clause'
 [ SQL语句 ] : SELECT DISTINCT(b.id),b.brand_name FROM sp_goods a INNER JOIN sp_brand b ON a.brand_id = b.id  WHERE ( cate_id IN (list_files) ) 

[ 2018-05-26T14:04:59+08:00 ] 127.0.0.1 /shop/index.php/Home/category/index/id/list_files/global.js
ERR: 1054:Unknown column 'list_files' in 'where clause'
 [ SQL语句 ] : SELECT DISTINCT(b.id),b.brand_name FROM sp_goods a INNER JOIN sp_brand b ON a.brand_id = b.id  WHERE ( cate_id IN (list_files) ) 

[ 2018-05-26T14:05:00+08:00 ] 127.0.0.1 /shop/index.php/Home/category/index/id/list_files/compare.js
ERR: 1054:Unknown column 'list_files' in 'where clause'
 [ SQL语句 ] : SELECT DISTINCT(b.id),b.brand_name FROM sp_goods a INNER JOIN sp_brand b ON a.brand_id = b.id  WHERE ( cate_id IN (list_files) ) 

[ 2018-05-26T14:05:02+08:00 ] 127.0.0.1 /shop/index.php/home/user/checklogin
INFO: [ app_begin ] --START--
INFO: Run Behavior\ReadHtmlCacheBehavior [ RunTime:0.000632s ]
INFO: [ app_begin ] --END-- [ RunTime:0.001197s ]
SQL: SHOW COLUMNS FROM `sp_category` [ RunTime:0.0076s ]
SQL: SELECT * FROM `sp_category` WHERE `type` = 1  [ RunTime:0.0003s ]
SQL: SHOW COLUMNS FROM `sp_article` [ RunTime:0.0036s ]
SQL: SELECT * FROM `sp_article` WHERE `cateid` = 1  [ RunTime:0.0002s ]
SQL: SELECT * FROM `sp_article` WHERE `cateid` = 3  [ RunTime:0.0002s ]
SQL: SELECT * FROM `sp_article` WHERE `cateid` = 4  [ RunTime:0.0002s ]
SQL: SELECT * FROM `sp_article` WHERE `cateid` = 5  [ RunTime:0.0002s ]
SQL: SHOW COLUMNS FROM `sp_nav` [ RunTime:0.0035s ]
SQL: SELECT * FROM `sp_nav`  [ RunTime:0.0002s ]
SQL: SHOW COLUMNS FROM `sp_config` [ RunTime:0.0038s ]
SQL: SELECT `enname`,`value` FROM `sp_config`  [ RunTime:0.0002s ]
INFO: [ app_end ] --START--
INFO: Run Behavior\ShowPageTraceBehavior [ RunTime:0.014278s ]
INFO: [ app_end ] --END-- [ RunTime:0.014336s ]

[ 2018-05-26T14:18:31+08:00 ] 127.0.0.1 /shop/index.php/home/user/checklogin
INFO: [ app_begin ] --START--
INFO: Run Behavior\ReadHtmlCacheBehavior [ RunTime:0.000836s ]
INFO: [ app_begin ] --END-- [ RunTime:0.001181s ]
SQL: SHOW COLUMNS FROM `sp_category` [ RunTime:0.0058s ]
SQL: SELECT * FROM `sp_category` WHERE `type` = 1  [ RunTime:0.0003s ]
SQL: SHOW COLUMNS FROM `sp_article` [ RunTime:0.0036s ]
SQL: SELECT * FROM `sp_article` WHERE `cateid` = 1  [ RunTime:0.0002s ]
SQL: SELECT * FROM `sp_article` WHERE `cateid` = 3  [ RunTime:0.0002s ]
SQL: SELECT * FROM `sp_article` WHERE `cateid` = 4  [ RunTime:0.0002s ]
SQL: SELECT * FROM `sp_article` WHERE `cateid` = 5  [ RunTime:0.0002s ]
SQL: SHOW COLUMNS FROM `sp_nav` [ RunTime:0.0037s ]
SQL: SELECT * FROM `sp_nav`  [ RunTime:0.0003s ]
SQL: SHOW COLUMNS FROM `sp_config` [ RunTime:0.0036s ]
SQL: SELECT `enname`,`value` FROM `sp_config`  [ RunTime:0.0002s ]
INFO: [ app_end ] --START--
INFO: Run Behavior\ShowPageTraceBehavior [ RunTime:0.000793s ]
INFO: [ app_end ] --END-- [ RunTime:0.000824s ]

[ 2018-05-26T14:20:16+08:00 ] 127.0.0.1 /shop/index.php/home/category/index/id/list_files/compare.js
ERR: 1054:Unknown column 'list_files' in 'where clause'
 [ SQL语句 ] : SELECT DISTINCT(b.id),b.brand_name FROM sp_goods a INNER JOIN sp_brand b ON a.brand_id = b.id  WHERE ( cate_id IN (list_files) ) 

[ 2018-05-26T14:20:17+08:00 ] 127.0.0.1 /shop/index.php/home/category/index/id/list_files/common.js
ERR: 1054:Unknown column 'list_files' in 'where clause'
 [ SQL语句 ] : SELECT DISTINCT(b.id),b.brand_name FROM sp_goods a INNER JOIN sp_brand b ON a.brand_id = b.id  WHERE ( cate_id IN (list_files) ) 

[ 2018-05-26T14:20:18+08:00 ] 127.0.0.1 /shop/index.php/home/category/index/id/list_files/global.js
ERR: 1054:Unknown column 'list_files' in 'where clause'
 [ SQL语句 ] : SELECT DISTINCT(b.id),b.brand_name FROM sp_goods a INNER JOIN sp_brand b ON a.brand_id = b.id  WHERE ( cate_id IN (list_files) ) 

[ 2018-05-26T14:20:19+08:00 ] 127.0.0.1 /shop/index.php/home/category/index/id/list_files/compare.js
ERR: 1054:Unknown column 'list_files' in 'where clause'
 [ SQL语句 ] : SELECT DISTINCT(b.id),b.brand_name FROM sp_goods a INNER JOIN sp_brand b ON a.brand_id = b.id  WHERE ( cate_id IN (list_files) ) 

[ 2018-05-26T14:20:20+08:00 ] 127.0.0.1 /shop/index.php/home/user/checklogin
INFO: [ app_begin ] --START--
INFO: Run Behavior\ReadHtmlCacheBehavior [ RunTime:0.000538s ]
INFO: [ app_begin ] --END-- [ RunTime:0.000865s ]
SQL: SHOW COLUMNS FROM `sp_category` [ RunTime:0.0044s ]
SQL: SELECT * FROM `sp_category` WHERE `type` = 1  [ RunTime:0.0003s ]
SQL: SHOW COLUMNS FROM `sp_article` [ RunTime:0.0037s ]
SQL: SELECT * FROM `sp_article` WHERE `cateid` = 1  [ RunTime:0.0002s ]
SQL: SELECT * FROM `sp_article` WHERE `cateid` = 3  [ RunTime:0.0002s ]
SQL: SELECT * FROM `sp_article` WHERE `cateid` = 4  [ RunTime:0.0002s ]
SQL: SELECT * FROM `sp_article` WHERE `cateid` = 5  [ RunTime:0.0002s ]
SQL: SHOW COLUMNS FROM `sp_nav` [ RunTime:0.0035s ]
SQL: SELECT * FROM `sp_nav`  [ RunTime:0.0003s ]
SQL: SHOW COLUMNS FROM `sp_config` [ RunTime:0.0038s ]
SQL: SELECT `enname`,`value` FROM `sp_config`  [ RunTime:0.0002s ]
INFO: [ app_end ] --START--
INFO: Run Behavior\ShowPageTraceBehavior [ RunTime:0.000746s ]
INFO: [ app_end ] --END-- [ RunTime:0.000777s ]

[ 2018-05-26T14:20:28+08:00 ] 127.0.0.1 /shop/index.php/home/user/checklogin
INFO: [ app_begin ] --START--
INFO: Run Behavior\ReadHtmlCacheBehavior [ RunTime:0.001033s ]
INFO: [ app_begin ] --END-- [ RunTime:0.001615s ]
SQL: SHOW COLUMNS FROM `sp_category` [ RunTime:0.0068s ]
SQL: SELECT * FROM `sp_category` WHERE `type` = 1  [ RunTime:0.0003s ]
SQL: SHOW COLUMNS FROM `sp_article` [ RunTime:0.0044s ]
SQL: SELECT * FROM `sp_article` WHERE `cateid` = 1  [ RunTime:0.0003s ]
SQL: SELECT * FROM `sp_article` WHERE `cateid` = 3  [ RunTime:0.0002s ]
SQL: SELECT * FROM `sp_article` WHERE `cateid` = 4  [ RunTime:0.0002s ]
SQL: SELECT * FROM `sp_article` WHERE `cateid` = 5  [ RunTime:0.0002s ]
SQL: SHOW COLUMNS FROM `sp_nav` [ RunTime:0.0042s ]
SQL: SELECT * FROM `sp_nav`  [ RunTime:0.0003s ]
SQL: SHOW COLUMNS FROM `sp_config` [ RunTime:0.0040s ]
SQL: SELECT `enname`,`value` FROM `sp_config`  [ RunTime:0.0002s ]
INFO: [ app_end ] --START--
INFO: Run Behavior\ShowPageTraceBehavior [ RunTime:0.001004s ]
INFO: [ app_end ] --END-- [ RunTime:0.001034s ]

[ 2018-05-26T14:20:37+08:00 ] 127.0.0.1 /shop/index.php/home/user/checklogin
INFO: [ app_begin ] --START--
INFO: Run Behavior\ReadHtmlCacheBehavior [ RunTime:0.000909s ]
INFO: [ app_begin ] --END-- [ RunTime:0.001260s ]
SQL: SHOW COLUMNS FROM `sp_category` [ RunTime:0.0062s ]
SQL: SELECT * FROM `sp_category` WHERE `type` = 1  [ RunTime:0.0002s ]
SQL: SHOW COLUMNS FROM `sp_article` [ RunTime:0.0035s ]
SQL: SELECT * FROM `sp_article` WHERE `cateid` = 1  [ RunTime:0.0002s ]
SQL: SELECT * FROM `sp_article` WHERE `cateid` = 3  [ RunTime:0.0002s ]
SQL: SELECT * FROM `sp_article` WHERE `cateid` = 4  [ RunTime:0.0002s ]
SQL: SELECT * FROM `sp_article` WHERE `cateid` = 5  [ RunTime:0.0002s ]
SQL: SHOW COLUMNS FROM `sp_nav` [ RunTime:0.0036s ]
SQL: SELECT * FROM `sp_nav`  [ RunTime:0.0002s ]
SQL: SHOW COLUMNS FROM `sp_config` [ RunTime:0.0034s ]
SQL: SELECT `enname`,`value` FROM `sp_config`  [ RunTime:0.0002s ]
INFO: [ app_end ] --START--
INFO: Run Behavior\ShowPageTraceBehavior [ RunTime:0.000942s ]
INFO: [ app_end ] --END-- [ RunTime:0.000972s ]

[ 2018-05-26T14:21:09+08:00 ] 127.0.0.1 /shop/index.php/Home/category/index/id/list_files/common.js
ERR: 1054:Unknown column 'list_files' in 'where clause'
 [ SQL语句 ] : SELECT DISTINCT(b.id),b.brand_name FROM sp_goods a INNER JOIN sp_brand b ON a.brand_id = b.id  WHERE ( cate_id IN (list_files) ) 

[ 2018-05-26T14:21:11+08:00 ] 127.0.0.1 /shop/index.php/Home/category/index/id/list_files/global.js
ERR: 1054:Unknown column 'list_files' in 'where clause'
 [ SQL语句 ] : SELECT DISTINCT(b.id),b.brand_name FROM sp_goods a INNER JOIN sp_brand b ON a.brand_id = b.id  WHERE ( cate_id IN (list_files) ) 

[ 2018-05-26T14:21:12+08:00 ] 127.0.0.1 /shop/index.php/Home/category/index/id/list_files/compare.js
ERR: 1054:Unknown column 'list_files' in 'where clause'
 [ SQL语句 ] : SELECT DISTINCT(b.id),b.brand_name FROM sp_goods a INNER JOIN sp_brand b ON a.brand_id = b.id  WHERE ( cate_id IN (list_files) ) 

[ 2018-05-26T14:21:13+08:00 ] 127.0.0.1 /shop/index.php/home/user/checklogin
INFO: [ app_begin ] --START--
INFO: Run Behavior\ReadHtmlCacheBehavior [ RunTime:0.001452s ]
INFO: [ app_begin ] --END-- [ RunTime:0.001840s ]
SQL: SHOW COLUMNS FROM `sp_category` [ RunTime:0.0066s ]
SQL: SELECT * FROM `sp_category` WHERE `type` = 1  [ RunTime:0.0002s ]
SQL: SHOW COLUMNS FROM `sp_article` [ RunTime:0.0039s ]
SQL: SELECT * FROM `sp_article` WHERE `cateid` = 1  [ RunTime:0.0003s ]
SQL: SELECT * FROM `sp_article` WHERE `cateid` = 3  [ RunTime:0.0002s ]
SQL: SELECT * FROM `sp_article` WHERE `cateid` = 4  [ RunTime:0.0002s ]
SQL: SELECT * FROM `sp_article` WHERE `cateid` = 5  [ RunTime:0.0002s ]
SQL: SHOW COLUMNS FROM `sp_nav` [ RunTime:0.0040s ]
SQL: SELECT * FROM `sp_nav`  [ RunTime:0.0003s ]
SQL: SHOW COLUMNS FROM `sp_config` [ RunTime:0.0037s ]
SQL: SELECT `enname`,`value` FROM `sp_config`  [ RunTime:0.0002s ]
INFO: [ app_end ] --START--
INFO: Run Behavior\ShowPageTraceBehavior [ RunTime:0.001174s ]
INFO: [ app_end ] --END-- [ RunTime:0.001206s ]

[ 2018-05-26T14:58:07+08:00 ] 127.0.0.1 /shop/index.php/home/user/checklogin
INFO: [ app_begin ] --START--
INFO: Run Behavior\ReadHtmlCacheBehavior [ RunTime:0.001223s ]
INFO: [ app_begin ] --END-- [ RunTime:0.001840s ]
SQL: SHOW COLUMNS FROM `sp_category` [ RunTime:0.0037s ]
SQL: SELECT * FROM `sp_category` WHERE `type` = 1  [ RunTime:0.0003s ]
SQL: SHOW COLUMNS FROM `sp_article` [ RunTime:0.0035s ]
SQL: SELECT * FROM `sp_article` WHERE `cateid` = 1  [ RunTime:0.0002s ]
SQL: SELECT * FROM `sp_article` WHERE `cateid` = 3  [ RunTime:0.0002s ]
SQL: SELECT * FROM `sp_article` WHERE `cateid` = 4  [ RunTime:0.0002s ]
SQL: SELECT * FROM `sp_article` WHERE `cateid` = 5  [ RunTime:0.0002s ]
SQL: SHOW COLUMNS FROM `sp_nav` [ RunTime:0.0060s ]
SQL: SELECT * FROM `sp_nav`  [ RunTime:0.0002s ]
SQL: SHOW COLUMNS FROM `sp_config` [ RunTime:0.0036s ]
SQL: SELECT `enname`,`value` FROM `sp_config`  [ RunTime:0.0003s ]
INFO: [ app_end ] --START--
INFO: Run Behavior\ShowPageTraceBehavior [ RunTime:0.000895s ]
INFO: [ app_end ] --END-- [ RunTime:0.000930s ]

[ 2018-05-26T15:03:14+08:00 ] 127.0.0.1 /shop/index.php/home/category/index/id/list_files/common.js
ERR: 1054:Unknown column 'list_files' in 'where clause'
 [ SQL语句 ] : SELECT DISTINCT(b.id),b.brand_name FROM sp_goods a INNER JOIN sp_brand b ON a.brand_id = b.id  WHERE ( cate_id IN (list_files) ) 

[ 2018-05-26T15:03:15+08:00 ] 127.0.0.1 /shop/index.php/home/category/index/id/list_files/compare.js
ERR: 1054:Unknown column 'list_files' in 'where clause'
 [ SQL语句 ] : SELECT DISTINCT(b.id),b.brand_name FROM sp_goods a INNER JOIN sp_brand b ON a.brand_id = b.id  WHERE ( cate_id IN (list_files) ) 

[ 2018-05-26T15:03:16+08:00 ] 127.0.0.1 /shop/index.php/home/category/index/id/list_files/global.js
ERR: 1054:Unknown column 'list_files' in 'where clause'
 [ SQL语句 ] : SELECT DISTINCT(b.id),b.brand_name FROM sp_goods a INNER JOIN sp_brand b ON a.brand_id = b.id  WHERE ( cate_id IN (list_files) ) 

[ 2018-05-26T15:03:17+08:00 ] 127.0.0.1 /shop/index.php/home/category/index/id/list_files/compare.js
ERR: 1054:Unknown column 'list_files' in 'where clause'
 [ SQL语句 ] : SELECT DISTINCT(b.id),b.brand_name FROM sp_goods a INNER JOIN sp_brand b ON a.brand_id = b.id  WHERE ( cate_id IN (list_files) ) 

[ 2018-05-26T15:03:19+08:00 ] 127.0.0.1 /shop/index.php/home/user/checklogin
INFO: [ app_begin ] --START--
INFO: Run Behavior\ReadHtmlCacheBehavior [ RunTime:0.001755s ]
INFO: [ app_begin ] --END-- [ RunTime:0.002186s ]
SQL: SHOW COLUMNS FROM `sp_category` [ RunTime:0.0037s ]
SQL: SELECT * FROM `sp_category` WHERE `type` = 1  [ RunTime:0.0002s ]
SQL: SHOW COLUMNS FROM `sp_article` [ RunTime:0.0036s ]
SQL: SELECT * FROM `sp_article` WHERE `cateid` = 1  [ RunTime:0.0003s ]
SQL: SELECT * FROM `sp_article` WHERE `cateid` = 3  [ RunTime:0.0002s ]
SQL: SELECT * FROM `sp_article` WHERE `cateid` = 4  [ RunTime:0.0002s ]
SQL: SELECT * FROM `sp_article` WHERE `cateid` = 5  [ RunTime:0.0002s ]
SQL: SHOW COLUMNS FROM `sp_nav` [ RunTime:0.0044s ]
SQL: SELECT * FROM `sp_nav`  [ RunTime:0.0003s ]
SQL: SHOW COLUMNS FROM `sp_config` [ RunTime:0.0038s ]
SQL: SELECT `enname`,`value` FROM `sp_config`  [ RunTime:0.0002s ]
INFO: [ app_end ] --START--
INFO: Run Behavior\ShowPageTraceBehavior [ RunTime:0.001052s ]
INFO: [ app_end ] --END-- [ RunTime:0.001086s ]

[ 2018-05-26T15:03:24+08:00 ] 127.0.0.1 /shop/index.php/Home/category/index/id/list_files/global.js
ERR: 1054:Unknown column 'list_files' in 'where clause'
 [ SQL语句 ] : SELECT DISTINCT(b.id),b.brand_name FROM sp_goods a INNER JOIN sp_brand b ON a.brand_id = b.id  WHERE ( cate_id IN (list_files) ) 

[ 2018-05-26T15:03:25+08:00 ] 127.0.0.1 /shop/index.php/Home/category/index/id/list_files/compare.js
ERR: 1054:Unknown column 'list_files' in 'where clause'
 [ SQL语句 ] : SELECT DISTINCT(b.id),b.brand_name FROM sp_goods a INNER JOIN sp_brand b ON a.brand_id = b.id  WHERE ( cate_id IN (list_files) ) 

[ 2018-05-26T15:03:26+08:00 ] 127.0.0.1 /shop/index.php/Home/category/index/id/list_files/common.js
ERR: 1054:Unknown column 'list_files' in 'where clause'
 [ SQL语句 ] : SELECT DISTINCT(b.id),b.brand_name FROM sp_goods a INNER JOIN sp_brand b ON a.brand_id = b.id  WHERE ( cate_id IN (list_files) ) 

[ 2018-05-26T15:03:27+08:00 ] 127.0.0.1 /shop/index.php/Home/category/index/id/list_files/global.js
ERR: 1054:Unknown column 'list_files' in 'where clause'
 [ SQL语句 ] : SELECT DISTINCT(b.id),b.brand_name FROM sp_goods a INNER JOIN sp_brand b ON a.brand_id = b.id  WHERE ( cate_id IN (list_files) ) 

[ 2018-05-26T15:03:28+08:00 ] 127.0.0.1 /shop/index.php/Home/category/index/id/list_files/compare.js
ERR: 1054:Unknown column 'list_files' in 'where clause'
 [ SQL语句 ] : SELECT DISTINCT(b.id),b.brand_name FROM sp_goods a INNER JOIN sp_brand b ON a.brand_id = b.id  WHERE ( cate_id IN (list_files) ) 

[ 2018-05-26T15:03:29+08:00 ] 127.0.0.1 /shop/index.php/home/user/checklogin
INFO: [ app_begin ] --START--
INFO: Run Behavior\ReadHtmlCacheBehavior [ RunTime:0.001247s ]
INFO: [ app_begin ] --END-- [ RunTime:0.001673s ]
SQL: SHOW COLUMNS FROM `sp_category` [ RunTime:0.0064s ]
SQL: SELECT * FROM `sp_category` WHERE `type` = 1  [ RunTime:0.0003s ]
SQL: SHOW COLUMNS FROM `sp_article` [ RunTime:0.0039s ]
SQL: SELECT * FROM `sp_article` WHERE `cateid` = 1  [ RunTime:0.0003s ]
SQL: SELECT * FROM `sp_article` WHERE `cateid` = 3  [ RunTime:0.0003s ]
SQL: SELECT * FROM `sp_article` WHERE `cateid` = 4  [ RunTime:0.0002s ]
SQL: SELECT * FROM `sp_article` WHERE `cateid` = 5  [ RunTime:0.0002s ]
SQL: SHOW COLUMNS FROM `sp_nav` [ RunTime:0.0035s ]
SQL: SELECT * FROM `sp_nav`  [ RunTime:0.0002s ]
SQL: SHOW COLUMNS FROM `sp_config` [ RunTime:0.0037s ]
SQL: SELECT `enname`,`value` FROM `sp_config`  [ RunTime:0.0002s ]
INFO: [ app_end ] --START--
INFO: Run Behavior\ShowPageTraceBehavior [ RunTime:0.000950s ]
INFO: [ app_end ] --END-- [ RunTime:0.001007s ]

[ 2018-05-26T15:03:32+08:00 ] 127.0.0.1 /shop/index.php/Home/category/index/id/list_files/common.js
ERR: 1054:Unknown column 'list_files' in 'where clause'
 [ SQL语句 ] : SELECT DISTINCT(b.id),b.brand_name FROM sp_goods a INNER JOIN sp_brand b ON a.brand_id = b.id  WHERE ( cate_id IN (list_files) ) 

[ 2018-05-26T15:03:33+08:00 ] 127.0.0.1 /shop/index.php/Home/category/index/id/list_files/global.js
ERR: 1054:Unknown column 'list_files' in 'where clause'
 [ SQL语句 ] : SELECT DISTINCT(b.id),b.brand_name FROM sp_goods a INNER JOIN sp_brand b ON a.brand_id = b.id  WHERE ( cate_id IN (list_files) ) 

[ 2018-05-26T15:03:34+08:00 ] 127.0.0.1 /shop/index.php/Home/category/index/id/list_files/compare.js
ERR: 1054:Unknown column 'list_files' in 'where clause'
 [ SQL语句 ] : SELECT DISTINCT(b.id),b.brand_name FROM sp_goods a INNER JOIN sp_brand b ON a.brand_id = b.id  WHERE ( cate_id IN (list_files) ) 

[ 2018-05-26T15:03:35+08:00 ] 127.0.0.1 /shop/index.php/home/user/checklogin
INFO: [ app_begin ] --START--
INFO: Run Behavior\ReadHtmlCacheBehavior [ RunTime:0.001109s ]
INFO: [ app_begin ] --END-- [ RunTime:0.001468s ]
SQL: SHOW COLUMNS FROM `sp_category` [ RunTime:0.0063s ]
SQL: SELECT * FROM `sp_category` WHERE `type` = 1  [ RunTime:0.0002s ]
SQL: SHOW COLUMNS FROM `sp_article` [ RunTime:0.0037s ]
SQL: SELECT * FROM `sp_article` WHERE `cateid` = 1  [ RunTime:0.0002s ]
SQL: SELECT * FROM `sp_article` WHERE `cateid` = 3  [ RunTime:0.0002s ]
SQL: SELECT * FROM `sp_article` WHERE `cateid` = 4  [ RunTime:0.0003s ]
SQL: SELECT * FROM `sp_article` WHERE `cateid` = 5  [ RunTime:0.0002s ]
SQL: SHOW COLUMNS FROM `sp_nav` [ RunTime:0.0036s ]
SQL: SELECT * FROM `sp_nav`  [ RunTime:0.0002s ]
SQL: SHOW COLUMNS FROM `sp_config` [ RunTime:0.0036s ]
SQL: SELECT `enname`,`value` FROM `sp_config`  [ RunTime:0.0002s ]
INFO: [ app_end ] --START--
INFO: Run Behavior\ShowPageTraceBehavior [ RunTime:0.001077s ]
INFO: [ app_end ] --END-- [ RunTime:0.001110s ]

[ 2018-05-26T15:10:11+08:00 ] 127.0.0.1 /shop/index.php/Home/category/index/id/list_files/common.js
ERR: 1054:Unknown column 'list_files' in 'where clause'
 [ SQL语句 ] : SELECT DISTINCT(b.id),b.brand_name FROM sp_goods a INNER JOIN sp_brand b ON a.brand_id = b.id  WHERE ( cate_id IN (list_files) ) 

[ 2018-05-26T15:10:12+08:00 ] 127.0.0.1 /shop/index.php/Home/category/index/id/list_files/global.js
ERR: 1054:Unknown column 'list_files' in 'where clause'
 [ SQL语句 ] : SELECT DISTINCT(b.id),b.brand_name FROM sp_goods a INNER JOIN sp_brand b ON a.brand_id = b.id  WHERE ( cate_id IN (list_files) ) 

[ 2018-05-26T15:10:13+08:00 ] 127.0.0.1 /shop/index.php/Home/category/index/id/list_files/compare.js
ERR: 1054:Unknown column 'list_files' in 'where clause'
 [ SQL语句 ] : SELECT DISTINCT(b.id),b.brand_name FROM sp_goods a INNER JOIN sp_brand b ON a.brand_id = b.id  WHERE ( cate_id IN (list_files) ) 

[ 2018-05-26T15:10:14+08:00 ] 127.0.0.1 /shop/index.php/home/user/checklogin
INFO: [ app_begin ] --START--
INFO: Run Behavior\ReadHtmlCacheBehavior [ RunTime:0.000847s ]
INFO: [ app_begin ] --END-- [ RunTime:0.001462s ]
SQL: SHOW COLUMNS FROM `sp_category` [ RunTime:0.0067s ]
SQL: SELECT * FROM `sp_category` WHERE `type` = 1  [ RunTime:0.0003s ]
SQL: SHOW COLUMNS FROM `sp_article` [ RunTime:0.0042s ]
SQL: SELECT * FROM `sp_article` WHERE `cateid` = 1  [ RunTime:0.0002s ]
SQL: SELECT * FROM `sp_article` WHERE `cateid` = 3  [ RunTime:0.0002s ]
SQL: SELECT * FROM `sp_article` WHERE `cateid` = 4  [ RunTime:0.0002s ]
SQL: SELECT * FROM `sp_article` WHERE `cateid` = 5  [ RunTime:0.0002s ]
SQL: SHOW COLUMNS FROM `sp_nav` [ RunTime:0.0040s ]
SQL: SELECT * FROM `sp_nav`  [ RunTime:0.0002s ]
SQL: SHOW COLUMNS FROM `sp_config` [ RunTime:0.0051s ]
SQL: SELECT `enname`,`value` FROM `sp_config`  [ RunTime:0.0003s ]
INFO: [ app_end ] --START--
INFO: Run Behavior\ShowPageTraceBehavior [ RunTime:0.000903s ]
INFO: [ app_end ] --END-- [ RunTime:0.000938s ]

[ 2018-05-26T15:10:21+08:00 ] 127.0.0.1 /shop/index.php/Home/category/index/id/list_files/common.js
ERR: 1054:Unknown column 'list_files' in 'where clause'
 [ SQL语句 ] : SELECT DISTINCT(b.id),b.brand_name FROM sp_goods a INNER JOIN sp_brand b ON a.brand_id = b.id  WHERE ( cate_id IN (list_files) ) 

[ 2018-05-26T15:10:22+08:00 ] 127.0.0.1 /shop/index.php/Home/category/index/id/list_files/global.js
ERR: 1054:Unknown column 'list_files' in 'where clause'
 [ SQL语句 ] : SELECT DISTINCT(b.id),b.brand_name FROM sp_goods a INNER JOIN sp_brand b ON a.brand_id = b.id  WHERE ( cate_id IN (list_files) ) 

[ 2018-05-26T15:10:23+08:00 ] 127.0.0.1 /shop/index.php/Home/category/index/id/list_files/compare.js
ERR: 1054:Unknown column 'list_files' in 'where clause'
 [ SQL语句 ] : SELECT DISTINCT(b.id),b.brand_name FROM sp_goods a INNER JOIN sp_brand b ON a.brand_id = b.id  WHERE ( cate_id IN (list_files) ) 

[ 2018-05-26T15:10:24+08:00 ] 127.0.0.1 /shop/index.php/home/user/checklogin
INFO: [ app_begin ] --START--
INFO: Run Behavior\ReadHtmlCacheBehavior [ RunTime:0.001037s ]
INFO: [ app_begin ] --END-- [ RunTime:0.001444s ]
SQL: SHOW COLUMNS FROM `sp_category` [ RunTime:0.0062s ]
SQL: SELECT * FROM `sp_category` WHERE `type` = 1  [ RunTime:0.0002s ]
SQL: SHOW COLUMNS FROM `sp_article` [ RunTime:0.0034s ]
SQL: SELECT * FROM `sp_article` WHERE `cateid` = 1  [ RunTime:0.0002s ]
SQL: SELECT * FROM `sp_article` WHERE `cateid` = 3  [ RunTime:0.0002s ]
SQL: SELECT * FROM `sp_article` WHERE `cateid` = 4  [ RunTime:0.0002s ]
SQL: SELECT * FROM `sp_article` WHERE `cateid` = 5  [ RunTime:0.0002s ]
SQL: SHOW COLUMNS FROM `sp_nav` [ RunTime:0.0033s ]
SQL: SELECT * FROM `sp_nav`  [ RunTime:0.0002s ]
SQL: SHOW COLUMNS FROM `sp_config` [ RunTime:0.0035s ]
SQL: SELECT `enname`,`value` FROM `sp_config`  [ RunTime:0.0002s ]
INFO: [ app_end ] --START--
INFO: Run Behavior\ShowPageTraceBehavior [ RunTime:0.001007s ]
INFO: [ app_end ] --END-- [ RunTime:0.001039s ]

[ 2018-05-26T15:53:22+08:00 ] 127.0.0.1 /shop/index.php/home/user/checklogin
INFO: [ app_begin ] --START--
INFO: Run Behavior\ReadHtmlCacheBehavior [ RunTime:0.001420s ]
INFO: [ app_begin ] --END-- [ RunTime:0.002023s ]
SQL: SHOW COLUMNS FROM `sp_category` [ RunTime:0.0040s ]
SQL: SELECT * FROM `sp_category` WHERE `type` = 1  [ RunTime:0.0003s ]
SQL: SHOW COLUMNS FROM `sp_article` [ RunTime:0.0040s ]
SQL: SELECT * FROM `sp_article` WHERE `cateid` = 1  [ RunTime:0.0002s ]
SQL: SELECT * FROM `sp_article` WHERE `cateid` = 3  [ RunTime:0.0002s ]
SQL: SELECT * FROM `sp_article` WHERE `cateid` = 4  [ RunTime:0.0002s ]
SQL: SELECT * FROM `sp_article` WHERE `cateid` = 5  [ RunTime:0.0002s ]
SQL: SHOW COLUMNS FROM `sp_nav` [ RunTime:0.0042s ]
SQL: SELECT * FROM `sp_nav`  [ RunTime:0.0003s ]
SQL: SHOW COLUMNS FROM `sp_config` [ RunTime:0.0042s ]
SQL: SELECT `enname`,`value` FROM `sp_config`  [ RunTime:0.0002s ]
INFO: [ app_end ] --START--
INFO: Run Behavior\ShowPageTraceBehavior [ RunTime:0.000999s ]
INFO: [ app_end ] --END-- [ RunTime:0.001036s ]

[ 2018-05-26T16:00:21+08:00 ] 127.0.0.1 /shop/index.php/home/category/index/id/list_files/compare.js
ERR: 1054:Unknown column 'list_files' in 'where clause'
 [ SQL语句 ] : SELECT DISTINCT(b.id),b.brand_name FROM sp_goods a INNER JOIN sp_brand b ON a.brand_id = b.id  WHERE ( cate_id IN (list_files) ) 

[ 2018-05-26T16:00:22+08:00 ] 127.0.0.1 /shop/index.php/home/category/index/id/list_files/global.js
ERR: 1054:Unknown column 'list_files' in 'where clause'
 [ SQL语句 ] : SELECT DISTINCT(b.id),b.brand_name FROM sp_goods a INNER JOIN sp_brand b ON a.brand_id = b.id  WHERE ( cate_id IN (list_files) ) 

[ 2018-05-26T16:00:23+08:00 ] 127.0.0.1 /shop/index.php/home/category/index/id/list_files/common.js
ERR: 1054:Unknown column 'list_files' in 'where clause'
 [ SQL语句 ] : SELECT DISTINCT(b.id),b.brand_name FROM sp_goods a INNER JOIN sp_brand b ON a.brand_id = b.id  WHERE ( cate_id IN (list_files) ) 

[ 2018-05-26T16:00:24+08:00 ] 127.0.0.1 /shop/index.php/home/category/index/id/list_files/global.js
ERR: 1054:Unknown column 'list_files' in 'where clause'
 [ SQL语句 ] : SELECT DISTINCT(b.id),b.brand_name FROM sp_goods a INNER JOIN sp_brand b ON a.brand_id = b.id  WHERE ( cate_id IN (list_files) ) 

[ 2018-05-26T16:00:25+08:00 ] 127.0.0.1 /shop/index.php/home/category/index/id/list_files/compare.js
ERR: 1054:Unknown column 'list_files' in 'where clause'
 [ SQL语句 ] : SELECT DISTINCT(b.id),b.brand_name FROM sp_goods a INNER JOIN sp_brand b ON a.brand_id = b.id  WHERE ( cate_id IN (list_files) ) 

[ 2018-05-26T16:00:27+08:00 ] 127.0.0.1 /shop/index.php/home/user/checklogin
INFO: [ app_begin ] --START--
INFO: Run Behavior\ReadHtmlCacheBehavior [ RunTime:0.000875s ]
INFO: [ app_begin ] --END-- [ RunTime:0.001242s ]
SQL: SHOW COLUMNS FROM `sp_category` [ RunTime:0.0067s ]
SQL: SELECT * FROM `sp_category` WHERE `type` = 1  [ RunTime:0.0003s ]
SQL: SHOW COLUMNS FROM `sp_article` [ RunTime:0.0040s ]
SQL: SELECT * FROM `sp_article` WHERE `cateid` = 1  [ RunTime:0.0002s ]
SQL: SELECT * FROM `sp_article` WHERE `cateid` = 3  [ RunTime:0.0002s ]
SQL: SELECT * FROM `sp_article` WHERE `cateid` = 4  [ RunTime:0.0003s ]
SQL: SELECT * FROM `sp_article` WHERE `cateid` = 5  [ RunTime:0.0002s ]
SQL: SHOW COLUMNS FROM `sp_nav` [ RunTime:0.0037s ]
SQL: SELECT * FROM `sp_nav`  [ RunTime:0.0003s ]
SQL: SHOW COLUMNS FROM `sp_config` [ RunTime:0.0034s ]
SQL: SELECT `enname`,`value` FROM `sp_config`  [ RunTime:0.0002s ]
INFO: [ app_end ] --START--
INFO: Run Behavior\ShowPageTraceBehavior [ RunTime:0.000948s ]
INFO: [ app_end ] --END-- [ RunTime:0.000980s ]

[ 2018-05-26T16:00:39+08:00 ] 127.0.0.1 /shop/index.php/home/user/checklogin
INFO: [ app_begin ] --START--
INFO: Run Behavior\ReadHtmlCacheBehavior [ RunTime:0.000939s ]
INFO: [ app_begin ] --END-- [ RunTime:0.001316s ]
SQL: SHOW COLUMNS FROM `sp_category` [ RunTime:0.0071s ]
SQL: SELECT * FROM `sp_category` WHERE `type` = 1  [ RunTime:0.0003s ]
SQL: SHOW COLUMNS FROM `sp_article` [ RunTime:0.0044s ]
SQL: SELECT * FROM `sp_article` WHERE `cateid` = 1  [ RunTime:0.0002s ]
SQL: SELECT * FROM `sp_article` WHERE `cateid` = 3  [ RunTime:0.0005s ]
SQL: SELECT * FROM `sp_article` WHERE `cateid` = 4  [ RunTime:0.0003s ]
SQL: SELECT * FROM `sp_article` WHERE `cateid` = 5  [ RunTime:0.0003s ]
SQL: SHOW COLUMNS FROM `sp_nav` [ RunTime:0.0037s ]
SQL: SELECT * FROM `sp_nav`  [ RunTime:0.0002s ]
SQL: SHOW COLUMNS FROM `sp_config` [ RunTime:0.0039s ]
SQL: SELECT `enname`,`value` FROM `sp_config`  [ RunTime:0.0002s ]
INFO: [ app_end ] --START--
INFO: Run Behavior\ShowPageTraceBehavior [ RunTime:0.000953s ]
INFO: [ app_end ] --END-- [ RunTime:0.000982s ]

[ 2018-05-26T16:01:45+08:00 ] 127.0.0.1 /shop/index.php/home/user/checklogin
INFO: [ app_begin ] --START--
INFO: Run Behavior\ReadHtmlCacheBehavior [ RunTime:0.000879s ]
INFO: [ app_begin ] --END-- [ RunTime:0.001731s ]
SQL: SHOW COLUMNS FROM `sp_category` [ RunTime:0.0033s ]
SQL: SELECT * FROM `sp_category` WHERE `type` = 1  [ RunTime:0.0003s ]
SQL: SHOW COLUMNS FROM `sp_article` [ RunTime:0.0034s ]
SQL: SELECT * FROM `sp_article` WHERE `cateid` = 1  [ RunTime:0.0002s ]
SQL: SELECT * FROM `sp_article` WHERE `cateid` = 3  [ RunTime:0.0002s ]
SQL: SELECT * FROM `sp_article` WHERE `cateid` = 4  [ RunTime:0.0002s ]
SQL: SELECT * FROM `sp_article` WHERE `cateid` = 5  [ RunTime:0.0002s ]
SQL: SHOW COLUMNS FROM `sp_nav` [ RunTime:0.0041s ]
SQL: SELECT * FROM `sp_nav`  [ RunTime:0.0003s ]
SQL: SHOW COLUMNS FROM `sp_config` [ RunTime:0.0036s ]
SQL: SELECT `enname`,`value` FROM `sp_config`  [ RunTime:0.0003s ]
INFO: [ app_end ] --START--
INFO: Run Behavior\ShowPageTraceBehavior [ RunTime:0.000749s ]
INFO: [ app_end ] --END-- [ RunTime:0.000780s ]

[ 2018-05-26T16:04:26+08:00 ] 127.0.0.1 /shop/index.php/home/user/checklogin
INFO: [ app_begin ] --START--
INFO: Run Behavior\ReadHtmlCacheBehavior [ RunTime:0.001045s ]
INFO: [ app_begin ] --END-- [ RunTime:0.001479s ]
SQL: SHOW COLUMNS FROM `sp_category` [ RunTime:0.0069s ]
SQL: SELECT * FROM `sp_category` WHERE `type` = 1  [ RunTime:0.0003s ]
SQL: SHOW COLUMNS FROM `sp_article` [ RunTime:0.0042s ]
SQL: SELECT * FROM `sp_article` WHERE `cateid` = 1  [ RunTime:0.0003s ]
SQL: SELECT * FROM `sp_article` WHERE `cateid` = 3  [ RunTime:0.0002s ]
SQL: SELECT * FROM `sp_article` WHERE `cateid` = 4  [ RunTime:0.0002s ]
SQL: SELECT * FROM `sp_article` WHERE `cateid` = 5  [ RunTime:0.0002s ]
SQL: SHOW COLUMNS FROM `sp_nav` [ RunTime:0.0038s ]
SQL: SELECT * FROM `sp_nav`  [ RunTime:0.0002s ]
SQL: SHOW COLUMNS FROM `sp_config` [ RunTime:0.0042s ]
SQL: SELECT `enname`,`value` FROM `sp_config`  [ RunTime:0.0002s ]
INFO: [ app_end ] --START--
INFO: Run Behavior\ShowPageTraceBehavior [ RunTime:0.001201s ]
INFO: [ app_end ] --END-- [ RunTime:0.001234s ]

