[ 2018-03-26T08:36:26+08:00 ] 127.0.0.1 /shop/index.php/home/index/index
INFO: [ app_init ] --START--
INFO: Run Behavior\BuildLiteBehavior [ RunTime:0.000010s ]
INFO: [ app_init ] --END-- [ RunTime:0.000311s ]
INFO: [ app_begin ] --START--
INFO: Run Behavior\ReadHtmlCacheBehavior [ RunTime:0.000588s ]
INFO: [ app_begin ] --END-- [ RunTime:0.000641s ]
SQL: SHOW COLUMNS FROM `sp_category` [ RunTime:0.0614s ]
SQL: SELECT * FROM `sp_category` WHERE `type` = 1  [ RunTime:0.0003s ]
SQL: SHOW COLUMNS FROM `sp_article` [ RunTime:0.0289s ]
SQL: SELECT * FROM `sp_article` WHERE `cateid` = 1  [ RunTime:0.0002s ]
SQL: SELECT * FROM `sp_article` WHERE `cateid` = 3  [ RunTime:0.0002s ]
SQL: SELECT * FROM `sp_article` WHERE `cateid` = 4  [ RunTime:0.0002s ]
SQL: SELECT * FROM `sp_article` WHERE `cateid` = 5  [ RunTime:0.0002s ]
SQL: SHOW COLUMNS FROM `sp_nav` [ RunTime:0.0484s ]
SQL: SELECT * FROM `sp_nav`  [ RunTime:0.0004s ]
NOTIC: [8] Undefined offset: 3 G:\phpstudy\PHPTutorial\WWW\shop\Application\Home\Controller\CommonController.class.php 第 30 行.
SQL: SHOW COLUMNS FROM `sp_config` [ RunTime:0.0530s ]
SQL: SELECT `enname`,`value` FROM `sp_config`  [ RunTime:0.0003s ]
INFO: [ view_parse ] --START--
INFO: [ template_filter ] --START--
INFO: Run Behavior\ContentReplaceBehavior [ RunTime:0.000287s ]
INFO: [ template_filter ] --END-- [ RunTime:0.000324s ]
INFO: Run Behavior\ParseTemplateBehavior [ RunTime:0.107783s ]
INFO: [ view_parse ] --END-- [ RunTime:0.107827s ]
INFO: [ view_filter ] --START--
INFO: Run Behavior\WriteHtmlCacheBehavior [ RunTime:0.000279s ]
INFO: [ view_filter ] --END-- [ RunTime:0.000306s ]
INFO: [ app_end ] --START--
INFO: Run Behavior\ShowPageTraceBehavior [ RunTime:0.000651s ]
INFO: [ app_end ] --END-- [ RunTime:0.000682s ]

[ 2018-03-26T08:36:27+08:00 ] 127.0.0.1 /shop/index.php/home/index/list_files/transport.js
INFO: [ app_init ] --START--
INFO: Run Behavior\BuildLiteBehavior [ RunTime:0.000010s ]
INFO: [ app_init ] --END-- [ RunTime:0.000377s ]
INFO: [ app_begin ] --START--
INFO: Run Behavior\ReadHtmlCacheBehavior [ RunTime:0.000677s ]
INFO: [ app_begin ] --END-- [ RunTime:0.000711s ]
SQL: SHOW COLUMNS FROM `sp_category` [ RunTime:0.0068s ]
SQL: SELECT * FROM `sp_category` WHERE `type` = 1  [ RunTime:0.0002s ]
SQL: SHOW COLUMNS FROM `sp_article` [ RunTime:0.0041s ]
SQL: SELECT * FROM `sp_article` WHERE `cateid` = 1  [ RunTime:0.0002s ]
SQL: SELECT * FROM `sp_article` WHERE `cateid` = 3  [ RunTime:0.0002s ]
SQL: SELECT * FROM `sp_article` WHERE `cateid` = 4  [ RunTime:0.0002s ]
SQL: SELECT * FROM `sp_article` WHERE `cateid` = 5  [ RunTime:0.0002s ]
SQL: SHOW COLUMNS FROM `sp_nav` [ RunTime:0.0039s ]
SQL: SELECT * FROM `sp_nav`  [ RunTime:0.0002s ]
NOTIC: [8] Undefined offset: 3 G:\phpstudy\PHPTutorial\WWW\shop\Application\Home\Controller\CommonController.class.php 第 30 行.
SQL: SHOW COLUMNS FROM `sp_config` [ RunTime:0.0039s ]
SQL: SELECT `enname`,`value` FROM `sp_config`  [ RunTime:0.0002s ]
ERR: 非法操作:list_files

[ 2018-03-26T08:36:28+08:00 ] 127.0.0.1 /shop/index.php/home/index/list_files/utils.js
INFO: [ app_init ] --START--
INFO: Run Behavior\BuildLiteBehavior [ RunTime:0.000013s ]
INFO: [ app_init ] --END-- [ RunTime:0.000454s ]
INFO: [ app_begin ] --START--
INFO: Run Behavior\ReadHtmlCacheBehavior [ RunTime:0.000676s ]
INFO: [ app_begin ] --END-- [ RunTime:0.000712s ]
SQL: SHOW COLUMNS FROM `sp_category` [ RunTime:0.0062s ]
SQL: SELECT * FROM `sp_category` WHERE `type` = 1  [ RunTime:0.0002s ]
SQL: SHOW COLUMNS FROM `sp_article` [ RunTime:0.0039s ]
SQL: SELECT * FROM `sp_article` WHERE `cateid` = 1  [ RunTime:0.0002s ]
SQL: SELECT * FROM `sp_article` WHERE `cateid` = 3  [ RunTime:0.0002s ]
SQL: SELECT * FROM `sp_article` WHERE `cateid` = 4  [ RunTime:0.0002s ]
SQL: SELECT * FROM `sp_article` WHERE `cateid` = 5  [ RunTime:0.0002s ]
SQL: SHOW COLUMNS FROM `sp_nav` [ RunTime:0.0041s ]
SQL: SELECT * FROM `sp_nav`  [ RunTime:0.0002s ]
NOTIC: [8] Undefined offset: 3 G:\phpstudy\PHPTutorial\WWW\shop\Application\Home\Controller\CommonController.class.php 第 30 行.
SQL: SHOW COLUMNS FROM `sp_config` [ RunTime:0.0040s ]
SQL: SELECT `enname`,`value` FROM `sp_config`  [ RunTime:0.0002s ]
ERR: 非法操作:list_files

[ 2018-03-26T08:36:28+08:00 ] 127.0.0.1 /shop/index.php/home/index/mbmeilishuo/animated_favicon.gif
INFO: [ app_init ] --START--
INFO: Run Behavior\BuildLiteBehavior [ RunTime:0.000029s ]
INFO: [ app_init ] --END-- [ RunTime:0.000347s ]

[ 2018-03-26T08:36:28+08:00 ] 127.0.0.1 /shop/index.php/home/index/mbmeilishuo/favicon.ico
INFO: [ app_init ] --START--
INFO: Run Behavior\BuildLiteBehavior [ RunTime:0.000010s ]
INFO: [ app_init ] --END-- [ RunTime:0.000310s ]

