[ 2018-04-10T11:10:15+08:00 ] 127.0.0.1 /shop/index.php/home/index/list_files/transport.js
ERR: 非法操作:list_files

[ 2018-04-10T11:10:16+08:00 ] 127.0.0.1 /shop/index.php/home/index/list_files/utils.js
ERR: 非法操作:list_files

[ 2018-04-10T11:10:18+08:00 ] 127.0.0.1 /shop/index.php/home/user/checklogin
INFO: [ app_begin ] --START--
INFO: Run Behavior\ReadHtmlCacheBehavior [ RunTime:0.000560s ]
INFO: [ app_begin ] --END-- [ RunTime:0.000929s ]
SQL: SHOW COLUMNS FROM `sp_category` [ RunTime:0.0033s ]
SQL: SELECT * FROM `sp_category` WHERE `type` = 1  [ RunTime:0.0003s ]
SQL: SHOW COLUMNS FROM `sp_article` [ RunTime:0.0035s ]
SQL: SELECT * FROM `sp_article` WHERE `cateid` = 1  [ RunTime:0.0002s ]
SQL: SELECT * FROM `sp_article` WHERE `cateid` = 3  [ RunTime:0.0002s ]
SQL: SELECT * FROM `sp_article` WHERE `cateid` = 4  [ RunTime:0.0002s ]
SQL: SELECT * FROM `sp_article` WHERE `cateid` = 5  [ RunTime:0.0002s ]
SQL: SHOW COLUMNS FROM `sp_nav` [ RunTime:0.0034s ]
SQL: SELECT * FROM `sp_nav`  [ RunTime:0.0002s ]
NOTIC: [8] Undefined offset: 3 G:\phpstudy\PHPTutorial\WWW\shop\Application\Home\Controller\CommonController.class.php 第 30 行.
SQL: SHOW COLUMNS FROM `sp_config` [ RunTime:0.0034s ]
SQL: SELECT `enname`,`value` FROM `sp_config`  [ RunTime:0.0002s ]
SQL: SHOW COLUMNS FROM `sp_member` [ RunTime:0.0356s ]
SQL: SELECT * FROM `sp_member` WHERE `username` = 'dingbo' LIMIT 1   [ RunTime:0.0005s ]
SQL: SHOW COLUMNS FROM `sp_member_level` [ RunTime:0.0287s ]
SQL: SELECT * FROM `sp_member_level` WHERE ( 0 BETWEEN points_min AND points_max ) LIMIT 1   [ RunTime:0.0003s ]
INFO: [ app_end ] --START--
INFO: Run Behavior\ShowPageTraceBehavior [ RunTime:0.000725s ]
INFO: [ app_end ] --END-- [ RunTime:0.000773s ]

[ 2018-04-10T11:10:46+08:00 ] 127.0.0.1 /shop/index.php/home/goods
ERR: 参数错误或者未定义:id

[ 2018-04-10T11:11:01+08:00 ] 127.0.0.1 /shop/index.php/Home/Goods/getgoodsnum/gid/1
INFO: [ app_begin ] --START--
INFO: Run Behavior\ReadHtmlCacheBehavior [ RunTime:0.000432s ]
INFO: [ app_begin ] --END-- [ RunTime:0.000726s ]
SQL: SHOW COLUMNS FROM `sp_category` [ RunTime:0.0060s ]
SQL: SELECT * FROM `sp_category` WHERE `type` = 1  [ RunTime:0.0002s ]
SQL: SHOW COLUMNS FROM `sp_article` [ RunTime:0.0033s ]
SQL: SELECT * FROM `sp_article` WHERE `cateid` = 1  [ RunTime:0.0002s ]
SQL: SELECT * FROM `sp_article` WHERE `cateid` = 3  [ RunTime:0.0002s ]
SQL: SELECT * FROM `sp_article` WHERE `cateid` = 4  [ RunTime:0.0002s ]
SQL: SELECT * FROM `sp_article` WHERE `cateid` = 5  [ RunTime:0.0002s ]
SQL: SHOW COLUMNS FROM `sp_nav` [ RunTime:0.0034s ]
SQL: SELECT * FROM `sp_nav`  [ RunTime:0.0002s ]
NOTIC: [8] Undefined offset: 3 G:\phpstudy\PHPTutorial\WWW\shop\Application\Home\Controller\CommonController.class.php 第 30 行.
SQL: SHOW COLUMNS FROM `sp_config` [ RunTime:0.0035s ]
SQL: SELECT `enname`,`value` FROM `sp_config`  [ RunTime:0.0003s ]
SQL: SHOW COLUMNS FROM `sp_goods` [ RunTime:0.0040s ]
SQL: SHOW COLUMNS FROM `sp_product` [ RunTime:0.0431s ]
SQL: SELECT `goods_number` FROM `sp_product` WHERE `goods_id` = 1 AND `goods_attr` = '' LIMIT 1   [ RunTime:0.0003s ]
INFO: [ app_end ] --START--
INFO: Run Behavior\ShowPageTraceBehavior [ RunTime:0.001034s ]
INFO: [ app_end ] --END-- [ RunTime:0.001074s ]

[ 2018-04-10T11:11:19+08:00 ] 127.0.0.1 /shop/index.php/Home/Goods/getgoodsnum/gid/1
INFO: [ app_begin ] --START--
INFO: Run Behavior\ReadHtmlCacheBehavior [ RunTime:0.000450s ]
INFO: [ app_begin ] --END-- [ RunTime:0.000884s ]
SQL: SHOW COLUMNS FROM `sp_category` [ RunTime:0.0062s ]
SQL: SELECT * FROM `sp_category` WHERE `type` = 1  [ RunTime:0.0003s ]
SQL: SHOW COLUMNS FROM `sp_article` [ RunTime:0.0034s ]
SQL: SELECT * FROM `sp_article` WHERE `cateid` = 1  [ RunTime:0.0002s ]
SQL: SELECT * FROM `sp_article` WHERE `cateid` = 3  [ RunTime:0.0002s ]
SQL: SELECT * FROM `sp_article` WHERE `cateid` = 4  [ RunTime:0.0002s ]
SQL: SELECT * FROM `sp_article` WHERE `cateid` = 5  [ RunTime:0.0002s ]
SQL: SHOW COLUMNS FROM `sp_nav` [ RunTime:0.0032s ]
SQL: SELECT * FROM `sp_nav`  [ RunTime:0.0002s ]
NOTIC: [8] Undefined offset: 3 G:\phpstudy\PHPTutorial\WWW\shop\Application\Home\Controller\CommonController.class.php 第 30 行.
SQL: SHOW COLUMNS FROM `sp_config` [ RunTime:0.0036s ]
SQL: SELECT `enname`,`value` FROM `sp_config`  [ RunTime:0.0003s ]
SQL: SHOW COLUMNS FROM `sp_goods` [ RunTime:0.0035s ]
SQL: SHOW COLUMNS FROM `sp_product` [ RunTime:0.0032s ]
SQL: SELECT `goods_number` FROM `sp_product` WHERE `goods_id` = 1 AND `goods_attr` = '' LIMIT 1   [ RunTime:0.0002s ]
INFO: [ app_end ] --START--
INFO: Run Behavior\ShowPageTraceBehavior [ RunTime:0.000670s ]
INFO: [ app_end ] --END-- [ RunTime:0.000697s ]

[ 2018-04-10T11:13:51+08:00 ] 127.0.0.1 /shop/index.php/Home/Goods/getgoodsnum/gid/1
INFO: [ app_begin ] --START--
INFO: Run Behavior\ReadHtmlCacheBehavior [ RunTime:0.000433s ]
INFO: [ app_begin ] --END-- [ RunTime:0.000806s ]
SQL: SHOW COLUMNS FROM `sp_category` [ RunTime:0.0072s ]
SQL: SELECT * FROM `sp_category` WHERE `type` = 1  [ RunTime:0.0003s ]
SQL: SHOW COLUMNS FROM `sp_article` [ RunTime:0.0039s ]
SQL: SELECT * FROM `sp_article` WHERE `cateid` = 1  [ RunTime:0.0002s ]
SQL: SELECT * FROM `sp_article` WHERE `cateid` = 3  [ RunTime:0.0002s ]
SQL: SELECT * FROM `sp_article` WHERE `cateid` = 4  [ RunTime:0.0002s ]
SQL: SELECT * FROM `sp_article` WHERE `cateid` = 5  [ RunTime:0.0002s ]
SQL: SHOW COLUMNS FROM `sp_nav` [ RunTime:0.0043s ]
SQL: SELECT * FROM `sp_nav`  [ RunTime:0.0003s ]
NOTIC: [8] Undefined offset: 3 G:\phpstudy\PHPTutorial\WWW\shop\Application\Home\Controller\CommonController.class.php 第 30 行.
SQL: SHOW COLUMNS FROM `sp_config` [ RunTime:0.0045s ]
SQL: SELECT `enname`,`value` FROM `sp_config`  [ RunTime:0.0002s ]
SQL: SHOW COLUMNS FROM `sp_goods` [ RunTime:0.0041s ]
SQL: SHOW COLUMNS FROM `sp_product` [ RunTime:0.0036s ]
SQL: SELECT `goods_number` FROM `sp_product` WHERE `goods_id` = 1 AND `goods_attr` = '' LIMIT 1   [ RunTime:0.0002s ]
INFO: [ app_end ] --START--
INFO: Run Behavior\ShowPageTraceBehavior [ RunTime:0.000592s ]
INFO: [ app_end ] --END-- [ RunTime:0.000622s ]

[ 2018-04-10T11:13:55+08:00 ] 127.0.0.1 /shop/index.php/Home/Goods/getgoodsnum/gid/1
INFO: [ app_begin ] --START--
INFO: Run Behavior\ReadHtmlCacheBehavior [ RunTime:0.000403s ]
INFO: [ app_begin ] --END-- [ RunTime:0.000724s ]
SQL: SHOW COLUMNS FROM `sp_category` [ RunTime:0.0064s ]
SQL: SELECT * FROM `sp_category` WHERE `type` = 1  [ RunTime:0.0002s ]
SQL: SHOW COLUMNS FROM `sp_article` [ RunTime:0.0037s ]
SQL: SELECT * FROM `sp_article` WHERE `cateid` = 1  [ RunTime:0.0002s ]
SQL: SELECT * FROM `sp_article` WHERE `cateid` = 3  [ RunTime:0.0002s ]
SQL: SELECT * FROM `sp_article` WHERE `cateid` = 4  [ RunTime:0.0002s ]
SQL: SELECT * FROM `sp_article` WHERE `cateid` = 5  [ RunTime:0.0002s ]
SQL: SHOW COLUMNS FROM `sp_nav` [ RunTime:0.0038s ]
SQL: SELECT * FROM `sp_nav`  [ RunTime:0.0002s ]
NOTIC: [8] Undefined offset: 3 G:\phpstudy\PHPTutorial\WWW\shop\Application\Home\Controller\CommonController.class.php 第 30 行.
SQL: SHOW COLUMNS FROM `sp_config` [ RunTime:0.0037s ]
SQL: SELECT `enname`,`value` FROM `sp_config`  [ RunTime:0.0002s ]
SQL: SHOW COLUMNS FROM `sp_goods` [ RunTime:0.0039s ]
SQL: SHOW COLUMNS FROM `sp_product` [ RunTime:0.0037s ]
SQL: SELECT `goods_number` FROM `sp_product` WHERE `goods_id` = 1 AND `goods_attr` = '' LIMIT 1   [ RunTime:0.0002s ]
INFO: [ app_end ] --START--
INFO: Run Behavior\ShowPageTraceBehavior [ RunTime:0.000512s ]
INFO: [ app_end ] --END-- [ RunTime:0.000542s ]

[ 2018-04-10T11:13:56+08:00 ] 127.0.0.1 /shop/index.php/Home/Goods/getgoodsnum/gid/1
INFO: [ app_begin ] --START--
INFO: Run Behavior\ReadHtmlCacheBehavior [ RunTime:0.000497s ]
INFO: [ app_begin ] --END-- [ RunTime:0.000907s ]
SQL: SHOW COLUMNS FROM `sp_category` [ RunTime:0.0064s ]
SQL: SELECT * FROM `sp_category` WHERE `type` = 1  [ RunTime:0.0003s ]
SQL: SHOW COLUMNS FROM `sp_article` [ RunTime:0.0038s ]
SQL: SELECT * FROM `sp_article` WHERE `cateid` = 1  [ RunTime:0.0002s ]
SQL: SELECT * FROM `sp_article` WHERE `cateid` = 3  [ RunTime:0.0002s ]
SQL: SELECT * FROM `sp_article` WHERE `cateid` = 4  [ RunTime:0.0002s ]
SQL: SELECT * FROM `sp_article` WHERE `cateid` = 5  [ RunTime:0.0002s ]
SQL: SHOW COLUMNS FROM `sp_nav` [ RunTime:0.0035s ]
SQL: SELECT * FROM `sp_nav`  [ RunTime:0.0002s ]
NOTIC: [8] Undefined offset: 3 G:\phpstudy\PHPTutorial\WWW\shop\Application\Home\Controller\CommonController.class.php 第 30 行.
SQL: SHOW COLUMNS FROM `sp_config` [ RunTime:0.0036s ]
SQL: SELECT `enname`,`value` FROM `sp_config`  [ RunTime:0.0002s ]
SQL: SHOW COLUMNS FROM `sp_goods` [ RunTime:0.0038s ]
SQL: SHOW COLUMNS FROM `sp_product` [ RunTime:0.0038s ]
SQL: SELECT `goods_number` FROM `sp_product` WHERE `goods_id` = 1 AND `goods_attr` = '' LIMIT 1   [ RunTime:0.0003s ]
INFO: [ app_end ] --START--
INFO: Run Behavior\ShowPageTraceBehavior [ RunTime:0.000523s ]
INFO: [ app_end ] --END-- [ RunTime:0.000552s ]

[ 2018-04-10T11:13:57+08:00 ] 127.0.0.1 /shop/index.php/Home/Goods/getgoodsnum/gid/1
INFO: [ app_begin ] --START--
INFO: Run Behavior\ReadHtmlCacheBehavior [ RunTime:0.000620s ]
INFO: [ app_begin ] --END-- [ RunTime:0.001106s ]
SQL: SHOW COLUMNS FROM `sp_category` [ RunTime:0.0063s ]
SQL: SELECT * FROM `sp_category` WHERE `type` = 1  [ RunTime:0.0002s ]
SQL: SHOW COLUMNS FROM `sp_article` [ RunTime:0.0039s ]
SQL: SELECT * FROM `sp_article` WHERE `cateid` = 1  [ RunTime:0.0002s ]
SQL: SELECT * FROM `sp_article` WHERE `cateid` = 3  [ RunTime:0.0002s ]
SQL: SELECT * FROM `sp_article` WHERE `cateid` = 4  [ RunTime:0.0002s ]
SQL: SELECT * FROM `sp_article` WHERE `cateid` = 5  [ RunTime:0.0002s ]
SQL: SHOW COLUMNS FROM `sp_nav` [ RunTime:0.0031s ]
SQL: SELECT * FROM `sp_nav`  [ RunTime:0.0002s ]
NOTIC: [8] Undefined offset: 3 G:\phpstudy\PHPTutorial\WWW\shop\Application\Home\Controller\CommonController.class.php 第 30 行.
SQL: SHOW COLUMNS FROM `sp_config` [ RunTime:0.0030s ]
SQL: SELECT `enname`,`value` FROM `sp_config`  [ RunTime:0.0002s ]
SQL: SHOW COLUMNS FROM `sp_goods` [ RunTime:0.0033s ]
SQL: SHOW COLUMNS FROM `sp_product` [ RunTime:0.0030s ]
SQL: SELECT `goods_number` FROM `sp_product` WHERE `goods_id` = 1 AND `goods_attr` = '' LIMIT 1   [ RunTime:0.0002s ]
INFO: [ app_end ] --START--
INFO: Run Behavior\ShowPageTraceBehavior [ RunTime:0.000455s ]
INFO: [ app_end ] --END-- [ RunTime:0.000481s ]

[ 2018-04-10T11:13:58+08:00 ] 127.0.0.1 /shop/index.php/Home/Goods/getgoodsnum/gid/1
INFO: [ app_begin ] --START--
INFO: Run Behavior\ReadHtmlCacheBehavior [ RunTime:0.000598s ]
INFO: [ app_begin ] --END-- [ RunTime:0.000940s ]
SQL: SHOW COLUMNS FROM `sp_category` [ RunTime:0.0058s ]
SQL: SELECT * FROM `sp_category` WHERE `type` = 1  [ RunTime:0.0002s ]
SQL: SHOW COLUMNS FROM `sp_article` [ RunTime:0.0040s ]
SQL: SELECT * FROM `sp_article` WHERE `cateid` = 1  [ RunTime:0.0002s ]
SQL: SELECT * FROM `sp_article` WHERE `cateid` = 3  [ RunTime:0.0002s ]
SQL: SELECT * FROM `sp_article` WHERE `cateid` = 4  [ RunTime:0.0002s ]
SQL: SELECT * FROM `sp_article` WHERE `cateid` = 5  [ RunTime:0.0001s ]
SQL: SHOW COLUMNS FROM `sp_nav` [ RunTime:0.0035s ]
SQL: SELECT * FROM `sp_nav`  [ RunTime:0.0002s ]
NOTIC: [8] Undefined offset: 3 G:\phpstudy\PHPTutorial\WWW\shop\Application\Home\Controller\CommonController.class.php 第 30 行.
SQL: SHOW COLUMNS FROM `sp_config` [ RunTime:0.0039s ]
SQL: SELECT `enname`,`value` FROM `sp_config`  [ RunTime:0.0002s ]
SQL: SHOW COLUMNS FROM `sp_goods` [ RunTime:0.0043s ]
SQL: SHOW COLUMNS FROM `sp_product` [ RunTime:0.0035s ]
SQL: SELECT `goods_number` FROM `sp_product` WHERE `goods_id` = 1 AND `goods_attr` = '' LIMIT 1   [ RunTime:0.0002s ]
INFO: [ app_end ] --START--
INFO: Run Behavior\ShowPageTraceBehavior [ RunTime:0.000665s ]
INFO: [ app_end ] --END-- [ RunTime:0.000692s ]

[ 2018-04-10T11:13:59+08:00 ] 127.0.0.1 /shop/index.php/Home/Goods/getgoodsnum/gid/1
INFO: [ app_begin ] --START--
INFO: Run Behavior\ReadHtmlCacheBehavior [ RunTime:0.000847s ]
INFO: [ app_begin ] --END-- [ RunTime:0.001250s ]
SQL: SHOW COLUMNS FROM `sp_category` [ RunTime:0.0064s ]
SQL: SELECT * FROM `sp_category` WHERE `type` = 1  [ RunTime:0.0002s ]
SQL: SHOW COLUMNS FROM `sp_article` [ RunTime:0.0038s ]
SQL: SELECT * FROM `sp_article` WHERE `cateid` = 1  [ RunTime:0.0003s ]
SQL: SELECT * FROM `sp_article` WHERE `cateid` = 3  [ RunTime:0.0002s ]
SQL: SELECT * FROM `sp_article` WHERE `cateid` = 4  [ RunTime:0.0002s ]
SQL: SELECT * FROM `sp_article` WHERE `cateid` = 5  [ RunTime:0.0002s ]
SQL: SHOW COLUMNS FROM `sp_nav` [ RunTime:0.0038s ]
SQL: SELECT * FROM `sp_nav`  [ RunTime:0.0003s ]
NOTIC: [8] Undefined offset: 3 G:\phpstudy\PHPTutorial\WWW\shop\Application\Home\Controller\CommonController.class.php 第 30 行.
SQL: SHOW COLUMNS FROM `sp_config` [ RunTime:0.0037s ]
SQL: SELECT `enname`,`value` FROM `sp_config`  [ RunTime:0.0002s ]
SQL: SHOW COLUMNS FROM `sp_goods` [ RunTime:0.0036s ]
SQL: SHOW COLUMNS FROM `sp_product` [ RunTime:0.0035s ]
SQL: SELECT `goods_number` FROM `sp_product` WHERE `goods_id` = 1 AND `goods_attr` = '' LIMIT 1   [ RunTime:0.0002s ]
INFO: [ app_end ] --START--
INFO: Run Behavior\ShowPageTraceBehavior [ RunTime:0.000678s ]
INFO: [ app_end ] --END-- [ RunTime:0.000707s ]

[ 2018-04-10T11:14:00+08:00 ] 127.0.0.1 /shop/index.php/Home/Goods/getgoodsnum/gid/1
INFO: [ app_begin ] --START--
INFO: Run Behavior\ReadHtmlCacheBehavior [ RunTime:0.000832s ]
INFO: [ app_begin ] --END-- [ RunTime:0.001239s ]
SQL: SHOW COLUMNS FROM `sp_category` [ RunTime:0.0062s ]
SQL: SELECT * FROM `sp_category` WHERE `type` = 1  [ RunTime:0.0002s ]
SQL: SHOW COLUMNS FROM `sp_article` [ RunTime:0.0037s ]
SQL: SELECT * FROM `sp_article` WHERE `cateid` = 1  [ RunTime:0.0002s ]
SQL: SELECT * FROM `sp_article` WHERE `cateid` = 3  [ RunTime:0.0002s ]
SQL: SELECT * FROM `sp_article` WHERE `cateid` = 4  [ RunTime:0.0002s ]
SQL: SELECT * FROM `sp_article` WHERE `cateid` = 5  [ RunTime:0.0002s ]
SQL: SHOW COLUMNS FROM `sp_nav` [ RunTime:0.0038s ]
SQL: SELECT * FROM `sp_nav`  [ RunTime:0.0002s ]
NOTIC: [8] Undefined offset: 3 G:\phpstudy\PHPTutorial\WWW\shop\Application\Home\Controller\CommonController.class.php 第 30 行.
SQL: SHOW COLUMNS FROM `sp_config` [ RunTime:0.0036s ]
SQL: SELECT `enname`,`value` FROM `sp_config`  [ RunTime:0.0002s ]
SQL: SHOW COLUMNS FROM `sp_goods` [ RunTime:0.0038s ]
SQL: SHOW COLUMNS FROM `sp_product` [ RunTime:0.0032s ]
SQL: SELECT `goods_number` FROM `sp_product` WHERE `goods_id` = 1 AND `goods_attr` = '' LIMIT 1   [ RunTime:0.0002s ]
INFO: [ app_end ] --START--
INFO: Run Behavior\ShowPageTraceBehavior [ RunTime:0.000619s ]
INFO: [ app_end ] --END-- [ RunTime:0.000647s ]

[ 2018-04-10T11:14:01+08:00 ] 127.0.0.1 /shop/index.php/Home/Goods/getgoodsnum/gid/1
INFO: [ app_begin ] --START--
INFO: Run Behavior\ReadHtmlCacheBehavior [ RunTime:0.000629s ]
INFO: [ app_begin ] --END-- [ RunTime:0.000925s ]
SQL: SHOW COLUMNS FROM `sp_category` [ RunTime:0.0062s ]
SQL: SELECT * FROM `sp_category` WHERE `type` = 1  [ RunTime:0.0002s ]
SQL: SHOW COLUMNS FROM `sp_article` [ RunTime:0.0033s ]
SQL: SELECT * FROM `sp_article` WHERE `cateid` = 1  [ RunTime:0.0002s ]
SQL: SELECT * FROM `sp_article` WHERE `cateid` = 3  [ RunTime:0.0002s ]
SQL: SELECT * FROM `sp_article` WHERE `cateid` = 4  [ RunTime:0.0002s ]
SQL: SELECT * FROM `sp_article` WHERE `cateid` = 5  [ RunTime:0.0002s ]
SQL: SHOW COLUMNS FROM `sp_nav` [ RunTime:0.0036s ]
SQL: SELECT * FROM `sp_nav`  [ RunTime:0.0002s ]
NOTIC: [8] Undefined offset: 3 G:\phpstudy\PHPTutorial\WWW\shop\Application\Home\Controller\CommonController.class.php 第 30 行.
SQL: SHOW COLUMNS FROM `sp_config` [ RunTime:0.0033s ]
SQL: SELECT `enname`,`value` FROM `sp_config`  [ RunTime:0.0002s ]
SQL: SHOW COLUMNS FROM `sp_goods` [ RunTime:0.0033s ]
SQL: SHOW COLUMNS FROM `sp_product` [ RunTime:0.0032s ]
SQL: SELECT `goods_number` FROM `sp_product` WHERE `goods_id` = 1 AND `goods_attr` = '' LIMIT 1   [ RunTime:0.0002s ]
INFO: [ app_end ] --START--
INFO: Run Behavior\ShowPageTraceBehavior [ RunTime:0.000578s ]
INFO: [ app_end ] --END-- [ RunTime:0.000605s ]

[ 2018-04-10T11:14:04+08:00 ] 127.0.0.1 /shop/index.php/Home/Goods/getgoodsnum/gid/1
INFO: [ app_begin ] --START--
INFO: Run Behavior\ReadHtmlCacheBehavior [ RunTime:0.000414s ]
INFO: [ app_begin ] --END-- [ RunTime:0.000692s ]
SQL: SHOW COLUMNS FROM `sp_category` [ RunTime:0.0065s ]
SQL: SELECT * FROM `sp_category` WHERE `type` = 1  [ RunTime:0.0003s ]
SQL: SHOW COLUMNS FROM `sp_article` [ RunTime:0.0037s ]
SQL: SELECT * FROM `sp_article` WHERE `cateid` = 1  [ RunTime:0.0002s ]
SQL: SELECT * FROM `sp_article` WHERE `cateid` = 3  [ RunTime:0.0002s ]
SQL: SELECT * FROM `sp_article` WHERE `cateid` = 4  [ RunTime:0.0002s ]
SQL: SELECT * FROM `sp_article` WHERE `cateid` = 5  [ RunTime:0.0002s ]
SQL: SHOW COLUMNS FROM `sp_nav` [ RunTime:0.0039s ]
SQL: SELECT * FROM `sp_nav`  [ RunTime:0.0003s ]
NOTIC: [8] Undefined offset: 3 G:\phpstudy\PHPTutorial\WWW\shop\Application\Home\Controller\CommonController.class.php 第 30 行.
SQL: SHOW COLUMNS FROM `sp_config` [ RunTime:0.0038s ]
SQL: SELECT `enname`,`value` FROM `sp_config`  [ RunTime:0.0002s ]
SQL: SHOW COLUMNS FROM `sp_goods` [ RunTime:0.0035s ]
SQL: SHOW COLUMNS FROM `sp_product` [ RunTime:0.0036s ]
SQL: SELECT `goods_number` FROM `sp_product` WHERE `goods_id` = 1 AND `goods_attr` = '' LIMIT 1   [ RunTime:0.0002s ]
INFO: [ app_end ] --START--
INFO: Run Behavior\ShowPageTraceBehavior [ RunTime:0.000458s ]
INFO: [ app_end ] --END-- [ RunTime:0.000485s ]

[ 2018-04-10T11:14:05+08:00 ] 127.0.0.1 /shop/index.php/Home/Goods/getgoodsnum/gid/1
INFO: [ app_begin ] --START--
INFO: Run Behavior\ReadHtmlCacheBehavior [ RunTime:0.000403s ]
INFO: [ app_begin ] --END-- [ RunTime:0.000669s ]
SQL: SHOW COLUMNS FROM `sp_category` [ RunTime:0.0063s ]
SQL: SELECT * FROM `sp_category` WHERE `type` = 1  [ RunTime:0.0003s ]
SQL: SHOW COLUMNS FROM `sp_article` [ RunTime:0.0037s ]
SQL: SELECT * FROM `sp_article` WHERE `cateid` = 1  [ RunTime:0.0002s ]
SQL: SELECT * FROM `sp_article` WHERE `cateid` = 3  [ RunTime:0.0002s ]
SQL: SELECT * FROM `sp_article` WHERE `cateid` = 4  [ RunTime:0.0002s ]
SQL: SELECT * FROM `sp_article` WHERE `cateid` = 5  [ RunTime:0.0002s ]
SQL: SHOW COLUMNS FROM `sp_nav` [ RunTime:0.0036s ]
SQL: SELECT * FROM `sp_nav`  [ RunTime:0.0002s ]
NOTIC: [8] Undefined offset: 3 G:\phpstudy\PHPTutorial\WWW\shop\Application\Home\Controller\CommonController.class.php 第 30 行.
SQL: SHOW COLUMNS FROM `sp_config` [ RunTime:0.0036s ]
SQL: SELECT `enname`,`value` FROM `sp_config`  [ RunTime:0.0002s ]
SQL: SHOW COLUMNS FROM `sp_goods` [ RunTime:0.0036s ]
SQL: SHOW COLUMNS FROM `sp_product` [ RunTime:0.0036s ]
SQL: SELECT `goods_number` FROM `sp_product` WHERE `goods_id` = 1 AND `goods_attr` = '' LIMIT 1   [ RunTime:0.0002s ]
INFO: [ app_end ] --START--
INFO: Run Behavior\ShowPageTraceBehavior [ RunTime:0.000452s ]
INFO: [ app_end ] --END-- [ RunTime:0.000483s ]

[ 2018-04-10T11:14:13+08:00 ] 127.0.0.1 /shop/index.php/Home/Flow/list_files/transport.js
ERR: 非法操作:list_files

[ 2018-04-10T11:14:14+08:00 ] 127.0.0.1 /shop/index.php/Home/Flow/list_files/utils.js
ERR: 非法操作:list_files

[ 2018-04-10T11:14:15+08:00 ] 127.0.0.1 /shop/index.php/home/user/checklogin
INFO: [ app_begin ] --START--
INFO: Run Behavior\ReadHtmlCacheBehavior [ RunTime:0.000420s ]
INFO: [ app_begin ] --END-- [ RunTime:0.000769s ]
SQL: SHOW COLUMNS FROM `sp_category` [ RunTime:0.0064s ]
SQL: SELECT * FROM `sp_category` WHERE `type` = 1  [ RunTime:0.0002s ]
SQL: SHOW COLUMNS FROM `sp_article` [ RunTime:0.0036s ]
SQL: SELECT * FROM `sp_article` WHERE `cateid` = 1  [ RunTime:0.0002s ]
SQL: SELECT * FROM `sp_article` WHERE `cateid` = 3  [ RunTime:0.0002s ]
SQL: SELECT * FROM `sp_article` WHERE `cateid` = 4  [ RunTime:0.0002s ]
SQL: SELECT * FROM `sp_article` WHERE `cateid` = 5  [ RunTime:0.0002s ]
SQL: SHOW COLUMNS FROM `sp_nav` [ RunTime:0.0039s ]
SQL: SELECT * FROM `sp_nav`  [ RunTime:0.0002s ]
NOTIC: [8] Undefined offset: 3 G:\phpstudy\PHPTutorial\WWW\shop\Application\Home\Controller\CommonController.class.php 第 30 行.
SQL: SHOW COLUMNS FROM `sp_config` [ RunTime:0.0036s ]
SQL: SELECT `enname`,`value` FROM `sp_config`  [ RunTime:0.0002s ]
INFO: [ app_end ] --START--
INFO: Run Behavior\ShowPageTraceBehavior [ RunTime:0.000951s ]
INFO: [ app_end ] --END-- [ RunTime:0.000999s ]

[ 2018-04-10T11:14:20+08:00 ] 127.0.0.1 /shop/index.php/Home/goods/getgoodsnum/gid/1
INFO: [ app_begin ] --START--
INFO: Run Behavior\ReadHtmlCacheBehavior [ RunTime:0.000649s ]
INFO: [ app_begin ] --END-- [ RunTime:0.000996s ]
SQL: SHOW COLUMNS FROM `sp_category` [ RunTime:0.0061s ]
SQL: SELECT * FROM `sp_category` WHERE `type` = 1  [ RunTime:0.0003s ]
SQL: SHOW COLUMNS FROM `sp_article` [ RunTime:0.0039s ]
SQL: SELECT * FROM `sp_article` WHERE `cateid` = 1  [ RunTime:0.0002s ]
SQL: SELECT * FROM `sp_article` WHERE `cateid` = 3  [ RunTime:0.0002s ]
SQL: SELECT * FROM `sp_article` WHERE `cateid` = 4  [ RunTime:0.0002s ]
SQL: SELECT * FROM `sp_article` WHERE `cateid` = 5  [ RunTime:0.0002s ]
SQL: SHOW COLUMNS FROM `sp_nav` [ RunTime:0.0036s ]
SQL: SELECT * FROM `sp_nav`  [ RunTime:0.0002s ]
NOTIC: [8] Undefined offset: 3 G:\phpstudy\PHPTutorial\WWW\shop\Application\Home\Controller\CommonController.class.php 第 30 行.
SQL: SHOW COLUMNS FROM `sp_config` [ RunTime:0.0034s ]
SQL: SELECT `enname`,`value` FROM `sp_config`  [ RunTime:0.0004s ]
SQL: SHOW COLUMNS FROM `sp_goods` [ RunTime:0.0035s ]
SQL: SHOW COLUMNS FROM `sp_product` [ RunTime:0.0031s ]
SQL: SELECT `goods_number` FROM `sp_product` WHERE `goods_id` = 1 AND `goods_attr` = '' LIMIT 1   [ RunTime:0.0002s ]
INFO: [ app_end ] --START--
INFO: Run Behavior\ShowPageTraceBehavior [ RunTime:0.000658s ]
INFO: [ app_end ] --END-- [ RunTime:0.000686s ]

[ 2018-04-10T11:14:21+08:00 ] 127.0.0.1 /shop/index.php/Home/Flow/ajaxupdateGN/gi/1/gn/10
INFO: [ app_begin ] --START--
INFO: Run Behavior\ReadHtmlCacheBehavior [ RunTime:0.000408s ]
INFO: [ app_begin ] --END-- [ RunTime:0.000737s ]
SQL: SHOW COLUMNS FROM `sp_category` [ RunTime:0.0063s ]
SQL: SELECT * FROM `sp_category` WHERE `type` = 1  [ RunTime:0.0003s ]
SQL: SHOW COLUMNS FROM `sp_article` [ RunTime:0.0037s ]
SQL: SELECT * FROM `sp_article` WHERE `cateid` = 1  [ RunTime:0.0002s ]
SQL: SELECT * FROM `sp_article` WHERE `cateid` = 3  [ RunTime:0.0002s ]
SQL: SELECT * FROM `sp_article` WHERE `cateid` = 4  [ RunTime:0.0002s ]
SQL: SELECT * FROM `sp_article` WHERE `cateid` = 5  [ RunTime:0.0003s ]
SQL: SHOW COLUMNS FROM `sp_nav` [ RunTime:0.0038s ]
SQL: SELECT * FROM `sp_nav`  [ RunTime:0.0002s ]
NOTIC: [8] Undefined offset: 3 G:\phpstudy\PHPTutorial\WWW\shop\Application\Home\Controller\CommonController.class.php 第 30 行.
SQL: SHOW COLUMNS FROM `sp_config` [ RunTime:0.0035s ]
SQL: SELECT `enname`,`value` FROM `sp_config`  [ RunTime:0.0002s ]
INFO: [ app_end ] --START--
INFO: Run Behavior\ShowPageTraceBehavior [ RunTime:0.000409s ]
INFO: [ app_end ] --END-- [ RunTime:0.000443s ]

[ 2018-04-10T11:14:29+08:00 ] 127.0.0.1 /shop/index.php/Home/Flow/themes/ecmoban_suning/qq/images/qq.css
ERR: 非法操作:themes

[ 2018-04-10T11:14:30+08:00 ] 127.0.0.1 /shop/index.php/Home/Flow/ecmoban_qq/images/qq.css
ERR: 非法操作:ecmoban_qq

[ 2018-04-10T11:14:31+08:00 ] 127.0.0.1 /shop/index.php/Home/Flow/list_files/transport.js
ERR: 非法操作:list_files

[ 2018-04-10T11:14:32+08:00 ] 127.0.0.1 /shop/index.php/Home/Flow/list_files/utils.js
ERR: 非法操作:list_files

[ 2018-04-10T11:14:33+08:00 ] 127.0.0.1 /shop/index.php/Home/Flow/ecmoban_qq/images/qq.css
ERR: 非法操作:ecmoban_qq

[ 2018-04-10T11:14:34+08:00 ] 127.0.0.1 /shop/index.php/home/user/checklogin
INFO: [ app_begin ] --START--
INFO: Run Behavior\ReadHtmlCacheBehavior [ RunTime:0.000607s ]
INFO: [ app_begin ] --END-- [ RunTime:0.001069s ]
SQL: SHOW COLUMNS FROM `sp_category` [ RunTime:0.0034s ]
SQL: SELECT * FROM `sp_category` WHERE `type` = 1  [ RunTime:0.0002s ]
SQL: SHOW COLUMNS FROM `sp_article` [ RunTime:0.0035s ]
SQL: SELECT * FROM `sp_article` WHERE `cateid` = 1  [ RunTime:0.0002s ]
SQL: SELECT * FROM `sp_article` WHERE `cateid` = 3  [ RunTime:0.0002s ]
SQL: SELECT * FROM `sp_article` WHERE `cateid` = 4  [ RunTime:0.0002s ]
SQL: SELECT * FROM `sp_article` WHERE `cateid` = 5  [ RunTime:0.0002s ]
SQL: SHOW COLUMNS FROM `sp_nav` [ RunTime:0.0037s ]
SQL: SELECT * FROM `sp_nav`  [ RunTime:0.0002s ]
NOTIC: [8] Undefined offset: 3 G:\phpstudy\PHPTutorial\WWW\shop\Application\Home\Controller\CommonController.class.php 第 30 行.
SQL: SHOW COLUMNS FROM `sp_config` [ RunTime:0.0032s ]
SQL: SELECT `enname`,`value` FROM `sp_config`  [ RunTime:0.0002s ]
INFO: [ app_end ] --START--
INFO: Run Behavior\ShowPageTraceBehavior [ RunTime:0.000719s ]
INFO: [ app_end ] --END-- [ RunTime:0.000755s ]

[ 2018-04-10T11:59:40+08:00 ] 127.0.0.1 /shop/index.php/Home/Flow/ecmoban_qq/images/qq.css
ERR: 非法操作:ecmoban_qq

[ 2018-04-10T11:59:41+08:00 ] 127.0.0.1 /shop/index.php/Home/Flow/themes/ecmoban_suning/qq/images/qq.css
ERR: 非法操作:themes

[ 2018-04-10T11:59:42+08:00 ] 127.0.0.1 /shop/index.php/Home/Flow/list_files/transport.js
ERR: 非法操作:list_files

[ 2018-04-10T11:59:43+08:00 ] 127.0.0.1 /shop/index.php/Home/Flow/list_files/utils.js
ERR: 非法操作:list_files

[ 2018-04-10T11:59:44+08:00 ] 127.0.0.1 /shop/index.php/Home/Flow/ecmoban_qq/images/qq.css
ERR: 非法操作:ecmoban_qq

[ 2018-04-10T11:59:45+08:00 ] 127.0.0.1 /shop/index.php/home/user/checklogin
INFO: [ app_begin ] --START--
INFO: Run Behavior\ReadHtmlCacheBehavior [ RunTime:0.001310s ]
INFO: [ app_begin ] --END-- [ RunTime:0.001820s ]
SQL: SHOW COLUMNS FROM `sp_category` [ RunTime:0.0062s ]
SQL: SELECT * FROM `sp_category` WHERE `type` = 1  [ RunTime:0.0005s ]
SQL: SHOW COLUMNS FROM `sp_article` [ RunTime:0.0036s ]
SQL: SELECT * FROM `sp_article` WHERE `cateid` = 1  [ RunTime:0.0003s ]
SQL: SELECT * FROM `sp_article` WHERE `cateid` = 3  [ RunTime:0.0003s ]
SQL: SELECT * FROM `sp_article` WHERE `cateid` = 4  [ RunTime:0.0002s ]
SQL: SELECT * FROM `sp_article` WHERE `cateid` = 5  [ RunTime:0.0002s ]
SQL: SHOW COLUMNS FROM `sp_nav` [ RunTime:0.0042s ]
SQL: SELECT * FROM `sp_nav`  [ RunTime:0.0003s ]
NOTIC: [8] Undefined offset: 3 G:\phpstudy\PHPTutorial\WWW\shop\Application\Home\Controller\CommonController.class.php 第 30 行.
SQL: SHOW COLUMNS FROM `sp_config` [ RunTime:0.0035s ]
SQL: SELECT `enname`,`value` FROM `sp_config`  [ RunTime:0.0002s ]
INFO: [ app_end ] --START--
INFO: Run Behavior\ShowPageTraceBehavior [ RunTime:0.001223s ]
INFO: [ app_end ] --END-- [ RunTime:0.001283s ]

[ 2018-04-10T12:30:51+08:00 ] 127.0.0.1 /shop/index.php/home/user/checklogin
INFO: [ app_begin ] --START--
INFO: Run Behavior\ReadHtmlCacheBehavior [ RunTime:0.000798s ]
INFO: [ app_begin ] --END-- [ RunTime:0.001170s ]
SQL: SHOW COLUMNS FROM `sp_category` [ RunTime:0.0062s ]
SQL: SELECT * FROM `sp_category` WHERE `type` = 1  [ RunTime:0.0002s ]
SQL: SHOW COLUMNS FROM `sp_article` [ RunTime:0.0035s ]
SQL: SELECT * FROM `sp_article` WHERE `cateid` = 1  [ RunTime:0.0002s ]
SQL: SELECT * FROM `sp_article` WHERE `cateid` = 3  [ RunTime:0.0001s ]
SQL: SELECT * FROM `sp_article` WHERE `cateid` = 4  [ RunTime:0.0001s ]
SQL: SELECT * FROM `sp_article` WHERE `cateid` = 5  [ RunTime:0.0001s ]
SQL: SHOW COLUMNS FROM `sp_nav` [ RunTime:0.0032s ]
SQL: SELECT * FROM `sp_nav`  [ RunTime:0.0003s ]
NOTIC: [8] Undefined offset: 3 G:\phpstudy\PHPTutorial\WWW\shop\Application\Home\Controller\CommonController.class.php 第 30 行.
SQL: SHOW COLUMNS FROM `sp_config` [ RunTime:0.0035s ]
SQL: SELECT `enname`,`value` FROM `sp_config`  [ RunTime:0.0002s ]
INFO: [ app_end ] --START--
INFO: Run Behavior\ShowPageTraceBehavior [ RunTime:0.001206s ]
INFO: [ app_end ] --END-- [ RunTime:0.001289s ]

[ 2018-04-10T12:31:02+08:00 ] 127.0.0.1 /shop/index.php/home/user/checklogin
INFO: [ app_begin ] --START--
INFO: Run Behavior\ReadHtmlCacheBehavior [ RunTime:0.001413s ]
INFO: [ app_begin ] --END-- [ RunTime:0.002071s ]
SQL: SHOW COLUMNS FROM `sp_category` [ RunTime:0.0062s ]
SQL: SELECT * FROM `sp_category` WHERE `type` = 1  [ RunTime:0.0002s ]
SQL: SHOW COLUMNS FROM `sp_article` [ RunTime:0.0039s ]
SQL: SELECT * FROM `sp_article` WHERE `cateid` = 1  [ RunTime:0.0002s ]
SQL: SELECT * FROM `sp_article` WHERE `cateid` = 3  [ RunTime:0.0002s ]
SQL: SELECT * FROM `sp_article` WHERE `cateid` = 4  [ RunTime:0.0002s ]
SQL: SELECT * FROM `sp_article` WHERE `cateid` = 5  [ RunTime:0.0002s ]
SQL: SHOW COLUMNS FROM `sp_nav` [ RunTime:0.0039s ]
SQL: SELECT * FROM `sp_nav`  [ RunTime:0.0002s ]
NOTIC: [8] Undefined offset: 3 G:\phpstudy\PHPTutorial\WWW\shop\Application\Home\Controller\CommonController.class.php 第 30 行.
SQL: SHOW COLUMNS FROM `sp_config` [ RunTime:0.0034s ]
SQL: SELECT `enname`,`value` FROM `sp_config`  [ RunTime:0.0002s ]
INFO: [ app_end ] --START--
INFO: Run Behavior\ShowPageTraceBehavior [ RunTime:0.000801s ]
INFO: [ app_end ] --END-- [ RunTime:0.000831s ]

[ 2018-04-10T12:31:11+08:00 ] 127.0.0.1 /shop/index.php/home/user/checklogin
INFO: [ app_begin ] --START--
INFO: Run Behavior\ReadHtmlCacheBehavior [ RunTime:0.000696s ]
INFO: [ app_begin ] --END-- [ RunTime:0.001067s ]
SQL: SHOW COLUMNS FROM `sp_category` [ RunTime:0.0038s ]
SQL: SELECT * FROM `sp_category` WHERE `type` = 1  [ RunTime:0.0004s ]
SQL: SHOW COLUMNS FROM `sp_article` [ RunTime:0.0040s ]
SQL: SELECT * FROM `sp_article` WHERE `cateid` = 1  [ RunTime:0.0002s ]
SQL: SELECT * FROM `sp_article` WHERE `cateid` = 3  [ RunTime:0.0001s ]
SQL: SELECT * FROM `sp_article` WHERE `cateid` = 4  [ RunTime:0.0001s ]
SQL: SELECT * FROM `sp_article` WHERE `cateid` = 5  [ RunTime:0.0002s ]
SQL: SHOW COLUMNS FROM `sp_nav` [ RunTime:0.0042s ]
SQL: SELECT * FROM `sp_nav`  [ RunTime:0.0004s ]
NOTIC: [8] Undefined offset: 3 G:\phpstudy\PHPTutorial\WWW\shop\Application\Home\Controller\CommonController.class.php 第 30 行.
SQL: SHOW COLUMNS FROM `sp_config` [ RunTime:0.0047s ]
SQL: SELECT `enname`,`value` FROM `sp_config`  [ RunTime:0.0002s ]
INFO: [ app_end ] --START--
INFO: Run Behavior\ShowPageTraceBehavior [ RunTime:0.001117s ]
INFO: [ app_end ] --END-- [ RunTime:0.001168s ]

[ 2018-04-10T12:31:57+08:00 ] 127.0.0.1 /shop/index.php/home/user/checklogin
INFO: [ app_begin ] --START--
INFO: Run Behavior\ReadHtmlCacheBehavior [ RunTime:0.000550s ]
INFO: [ app_begin ] --END-- [ RunTime:0.000960s ]
SQL: SHOW COLUMNS FROM `sp_category` [ RunTime:0.0033s ]
SQL: SELECT * FROM `sp_category` WHERE `type` = 1  [ RunTime:0.0002s ]
SQL: SHOW COLUMNS FROM `sp_article` [ RunTime:0.0034s ]
SQL: SELECT * FROM `sp_article` WHERE `cateid` = 1  [ RunTime:0.0002s ]
SQL: SELECT * FROM `sp_article` WHERE `cateid` = 3  [ RunTime:0.0001s ]
SQL: SELECT * FROM `sp_article` WHERE `cateid` = 4  [ RunTime:0.0001s ]
SQL: SELECT * FROM `sp_article` WHERE `cateid` = 5  [ RunTime:0.0001s ]
SQL: SHOW COLUMNS FROM `sp_nav` [ RunTime:0.0035s ]
SQL: SELECT * FROM `sp_nav`  [ RunTime:0.0002s ]
NOTIC: [8] Undefined offset: 3 G:\phpstudy\PHPTutorial\WWW\shop\Application\Home\Controller\CommonController.class.php 第 30 行.
SQL: SHOW COLUMNS FROM `sp_config` [ RunTime:0.0042s ]
SQL: SELECT `enname`,`value` FROM `sp_config`  [ RunTime:0.0002s ]
INFO: [ app_end ] --START--
INFO: Run Behavior\ShowPageTraceBehavior [ RunTime:0.000644s ]
INFO: [ app_end ] --END-- [ RunTime:0.000674s ]

[ 2018-04-10T12:32:07+08:00 ] 127.0.0.1 /shop/index.php/home/index/list_files/transport.js
ERR: 非法操作:list_files

[ 2018-04-10T12:32:08+08:00 ] 127.0.0.1 /shop/index.php/home/index/list_files/utils.js
ERR: 非法操作:list_files

[ 2018-04-10T12:32:09+08:00 ] 127.0.0.1 /shop/index.php/home/user/checklogin
INFO: [ app_begin ] --START--
INFO: Run Behavior\ReadHtmlCacheBehavior [ RunTime:0.001079s ]
INFO: [ app_begin ] --END-- [ RunTime:0.001619s ]
SQL: SHOW COLUMNS FROM `sp_category` [ RunTime:0.0059s ]
SQL: SELECT * FROM `sp_category` WHERE `type` = 1  [ RunTime:0.0002s ]
SQL: SHOW COLUMNS FROM `sp_article` [ RunTime:0.0033s ]
SQL: SELECT * FROM `sp_article` WHERE `cateid` = 1  [ RunTime:0.0002s ]
SQL: SELECT * FROM `sp_article` WHERE `cateid` = 3  [ RunTime:0.0002s ]
SQL: SELECT * FROM `sp_article` WHERE `cateid` = 4  [ RunTime:0.0002s ]
SQL: SELECT * FROM `sp_article` WHERE `cateid` = 5  [ RunTime:0.0002s ]
SQL: SHOW COLUMNS FROM `sp_nav` [ RunTime:0.0038s ]
SQL: SELECT * FROM `sp_nav`  [ RunTime:0.0003s ]
NOTIC: [8] Undefined offset: 3 G:\phpstudy\PHPTutorial\WWW\shop\Application\Home\Controller\CommonController.class.php 第 30 行.
SQL: SHOW COLUMNS FROM `sp_config` [ RunTime:0.0035s ]
SQL: SELECT `enname`,`value` FROM `sp_config`  [ RunTime:0.0002s ]
INFO: [ app_end ] --START--
INFO: Run Behavior\ShowPageTraceBehavior [ RunTime:0.000774s ]
INFO: [ app_end ] --END-- [ RunTime:0.000805s ]

[ 2018-04-10T12:32:25+08:00 ] 127.0.0.1 /shop/index.php/Home/Goods/getgoodsnum/gid/1
INFO: [ app_begin ] --START--
INFO: Run Behavior\ReadHtmlCacheBehavior [ RunTime:0.000556s ]
INFO: [ app_begin ] --END-- [ RunTime:0.001091s ]
SQL: SHOW COLUMNS FROM `sp_category` [ RunTime:0.0060s ]
SQL: SELECT * FROM `sp_category` WHERE `type` = 1  [ RunTime:0.0002s ]
SQL: SHOW COLUMNS FROM `sp_article` [ RunTime:0.0033s ]
SQL: SELECT * FROM `sp_article` WHERE `cateid` = 1  [ RunTime:0.0002s ]
SQL: SELECT * FROM `sp_article` WHERE `cateid` = 3  [ RunTime:0.0002s ]
SQL: SELECT * FROM `sp_article` WHERE `cateid` = 4  [ RunTime:0.0002s ]
SQL: SELECT * FROM `sp_article` WHERE `cateid` = 5  [ RunTime:0.0002s ]
SQL: SHOW COLUMNS FROM `sp_nav` [ RunTime:0.0038s ]
SQL: SELECT * FROM `sp_nav`  [ RunTime:0.0002s ]
NOTIC: [8] Undefined offset: 3 G:\phpstudy\PHPTutorial\WWW\shop\Application\Home\Controller\CommonController.class.php 第 30 行.
SQL: SHOW COLUMNS FROM `sp_config` [ RunTime:0.0032s ]
SQL: SELECT `enname`,`value` FROM `sp_config`  [ RunTime:0.0002s ]
SQL: SHOW COLUMNS FROM `sp_goods` [ RunTime:0.0039s ]
SQL: SHOW COLUMNS FROM `sp_product` [ RunTime:0.0041s ]
SQL: SELECT `goods_number` FROM `sp_product` WHERE `goods_id` = 1 AND `goods_attr` = '' LIMIT 1   [ RunTime:0.0002s ]
INFO: [ app_end ] --START--
INFO: Run Behavior\ShowPageTraceBehavior [ RunTime:0.000712s ]
INFO: [ app_end ] --END-- [ RunTime:0.000740s ]

