[ 2018-03-04T23:00:35+08:00 ] 127.0.0.1 /shop/Application/Admin/Public/fonts/fontawesome-webfont.woff2?v=4.3.0
INFO: [ app_init ] --START--
INFO: Run Behavior\BuildLiteBehavior [ RunTime:0.000011s ]
INFO: [ app_init ] --END-- [ RunTime:0.000497s ]
ERR: 无法加载模块:Application

[ 2018-03-04T23:00:43+08:00 ] 127.0.0.1 /shop/Application/Admin/Public/fonts/fontawesome-webfont.woff2?v=4.3.0
INFO: [ app_init ] --START--
INFO: Run Behavior\BuildLiteBehavior [ RunTime:0.000011s ]
INFO: [ app_init ] --END-- [ RunTime:0.000372s ]
ERR: 无法加载模块:Application

[ 2018-03-04T23:00:47+08:00 ] 127.0.0.1 /shop/Application/Admin/Public/fonts/fontawesome-webfont.woff2?v=4.3.0
INFO: [ app_init ] --START--
INFO: Run Behavior\BuildLiteBehavior [ RunTime:0.000010s ]
INFO: [ app_init ] --END-- [ RunTime:0.000397s ]
ERR: 无法加载模块:Application

[ 2018-03-04T23:00:50+08:00 ] 127.0.0.1 /shop/Application/Admin/Public/fonts/fontawesome-webfont.woff2?v=4.3.0
INFO: [ app_init ] --START--
INFO: Run Behavior\BuildLiteBehavior [ RunTime:0.000012s ]
INFO: [ app_init ] --END-- [ RunTime:0.000450s ]
ERR: 无法加载模块:Application

[ 2018-03-04T23:01:20+08:00 ] 127.0.0.1 /shop/Application/Admin/Public/fonts/fontawesome-webfont.woff2?v=4.3.0
INFO: [ app_init ] --START--
INFO: Run Behavior\BuildLiteBehavior [ RunTime:0.000011s ]
INFO: [ app_init ] --END-- [ RunTime:0.000561s ]
ERR: 无法加载模块:Application

[ 2018-03-04T23:04:16+08:00 ] 127.0.0.1 /shop/Application/Admin/Public/fonts/fontawesome-webfont.woff2?v=4.3.0
INFO: [ app_init ] --START--
INFO: Run Behavior\BuildLiteBehavior [ RunTime:0.000013s ]
INFO: [ app_init ] --END-- [ RunTime:0.000512s ]
ERR: 无法加载模块:Application

[ 2018-03-04T23:04:23+08:00 ] 127.0.0.1 /shop/Application/Admin/Public/fonts/fontawesome-webfont.woff2?v=4.3.0
INFO: [ app_init ] --START--
INFO: Run Behavior\BuildLiteBehavior [ RunTime:0.000012s ]
INFO: [ app_init ] --END-- [ RunTime:0.000417s ]
ERR: 无法加载模块:Application

[ 2018-03-04T23:13:33+08:00 ] 127.0.0.1 /shop/Application/Admin/Public/fonts/fontawesome-webfont.woff2?v=4.3.0
INFO: [ app_init ] --START--
INFO: Run Behavior\BuildLiteBehavior [ RunTime:0.000025s ]
INFO: [ app_init ] --END-- [ RunTime:0.000468s ]
ERR: 无法加载模块:Application

[ 2018-03-04T23:34:02+08:00 ] 127.0.0.1 /shop/Application/Admin/Public/fonts/fontawesome-webfont.woff2?v=4.3.0
INFO: [ app_init ] --START--
INFO: Run Behavior\BuildLiteBehavior [ RunTime:0.000033s ]
INFO: [ app_init ] --END-- [ RunTime:0.000549s ]
ERR: 无法加载模块:Application

[ 2018-03-04T23:34:06+08:00 ] 127.0.0.1 /shop/Application/Admin/Public/fonts/fontawesome-webfont.woff2?v=4.3.0
INFO: [ app_init ] --START--
INFO: Run Behavior\BuildLiteBehavior [ RunTime:0.000011s ]
INFO: [ app_init ] --END-- [ RunTime:0.000355s ]
ERR: 无法加载模块:Application

[ 2018-03-04T23:35:04+08:00 ] 127.0.0.1 /shop/Application/Admin/Public/fonts/fontawesome-webfont.woff2?v=4.3.0
INFO: [ app_init ] --START--
INFO: Run Behavior\BuildLiteBehavior [ RunTime:0.000012s ]
INFO: [ app_init ] --END-- [ RunTime:0.000395s ]
ERR: 无法加载模块:Application

