[ 2018-03-14T10:02:56+08:00 ] 127.0.0.1 /shop/Application/Admin/Public/fonts/fontawesome-webfont.woff2?v=4.3.0
INFO: [ app_init ] --START--
INFO: Run Behavior\BuildLiteBehavior [ RunTime:0.000011s ]
INFO: [ app_init ] --END-- [ RunTime:0.000404s ]
ERR: 无法加载模块:Application

[ 2018-03-14T10:03:04+08:00 ] 127.0.0.1 /shop/Application/Admin/Public/fonts/fontawesome-webfont.woff2?v=4.3.0
INFO: [ app_init ] --START--
INFO: Run Behavior\BuildLiteBehavior [ RunTime:0.000011s ]
INFO: [ app_init ] --END-- [ RunTime:0.000288s ]
ERR: 无法加载模块:Application

[ 2018-03-14T10:03:07+08:00 ] 127.0.0.1 /shop/Application/Admin/Public/fonts/fontawesome-webfont.woff2?v=4.3.0
INFO: [ app_init ] --START--
INFO: Run Behavior\BuildLiteBehavior [ RunTime:0.000031s ]
INFO: [ app_init ] --END-- [ RunTime:0.000524s ]
ERR: 无法加载模块:Application

[ 2018-03-14T10:55:55+08:00 ] 127.0.0.1 /shop/Application/Admin/Public/fonts/fontawesome-webfont.woff2?v=4.3.0
INFO: [ app_init ] --START--
INFO: Run Behavior\BuildLiteBehavior [ RunTime:0.000047s ]
INFO: [ app_init ] --END-- [ RunTime:0.000629s ]
ERR: 无法加载模块:Application

[ 2018-03-14T11:39:20+08:00 ] 127.0.0.1 /shop/Application/Admin/Public/fonts/fontawesome-webfont.woff2?v=4.3.0
INFO: [ app_init ] --START--
INFO: Run Behavior\BuildLiteBehavior [ RunTime:0.000016s ]
INFO: [ app_init ] --END-- [ RunTime:0.000541s ]
ERR: 无法加载模块:Application

[ 2018-03-14T13:21:53+08:00 ] 127.0.0.1 /shop/Application/Admin/Public/fonts/fontawesome-webfont.woff2?v=4.3.0
INFO: [ app_init ] --START--
INFO: Run Behavior\BuildLiteBehavior [ RunTime:0.000017s ]
INFO: [ app_init ] --END-- [ RunTime:0.000591s ]
ERR: 无法加载模块:Application

[ 2018-03-14T13:21:56+08:00 ] 127.0.0.1 /shop/Application/Admin/Public/fonts/fontawesome-webfont.woff2?v=4.3.0
INFO: [ app_init ] --START--
INFO: Run Behavior\BuildLiteBehavior [ RunTime:0.000011s ]
INFO: [ app_init ] --END-- [ RunTime:0.000286s ]
ERR: 无法加载模块:Application

[ 2018-03-14T13:22:00+08:00 ] 127.0.0.1 /shop/Application/Admin/Public/fonts/fontawesome-webfont.woff2?v=4.3.0
INFO: [ app_init ] --START--
INFO: Run Behavior\BuildLiteBehavior [ RunTime:0.000011s ]
INFO: [ app_init ] --END-- [ RunTime:0.000315s ]
ERR: 无法加载模块:Application

[ 2018-03-14T13:22:20+08:00 ] 127.0.0.1 /shop/Application/Admin/Public/fonts/fontawesome-webfont.woff2?v=4.3.0
INFO: [ app_init ] --START--
INFO: Run Behavior\BuildLiteBehavior [ RunTime:0.000011s ]
INFO: [ app_init ] --END-- [ RunTime:0.000291s ]
ERR: 无法加载模块:Application

[ 2018-03-14T13:22:24+08:00 ] 127.0.0.1 /shop/Application/Admin/Public/fonts/fontawesome-webfont.woff2?v=4.3.0
INFO: [ app_init ] --START--
INFO: Run Behavior\BuildLiteBehavior [ RunTime:0.000012s ]
INFO: [ app_init ] --END-- [ RunTime:0.000321s ]
ERR: 无法加载模块:Application

[ 2018-03-14T13:22:29+08:00 ] 127.0.0.1 /shop/Application/Admin/Public/fonts/fontawesome-webfont.woff2?v=4.3.0
INFO: [ app_init ] --START--
INFO: Run Behavior\BuildLiteBehavior [ RunTime:0.000012s ]
INFO: [ app_init ] --END-- [ RunTime:0.000432s ]
ERR: 无法加载模块:Application

[ 2018-03-14T13:22:32+08:00 ] 127.0.0.1 /shop/Application/Admin/Public/fonts/fontawesome-webfont.woff2?v=4.3.0
INFO: [ app_init ] --START--
INFO: Run Behavior\BuildLiteBehavior [ RunTime:0.000028s ]
INFO: [ app_init ] --END-- [ RunTime:0.000584s ]
ERR: 无法加载模块:Application

[ 2018-03-14T13:22:39+08:00 ] 127.0.0.1 /shop/Application/Admin/Public/fonts/fontawesome-webfont.woff2?v=4.3.0
INFO: [ app_init ] --START--
INFO: Run Behavior\BuildLiteBehavior [ RunTime:0.000011s ]
INFO: [ app_init ] --END-- [ RunTime:0.000279s ]
ERR: 无法加载模块:Application

[ 2018-03-14T13:23:40+08:00 ] 127.0.0.1 /shop/Application/Admin/Public/fonts/fontawesome-webfont.woff2?v=4.3.0
INFO: [ app_init ] --START--
INFO: Run Behavior\BuildLiteBehavior [ RunTime:0.000019s ]
INFO: [ app_init ] --END-- [ RunTime:0.000426s ]
ERR: 无法加载模块:Application

[ 2018-03-14T13:23:43+08:00 ] 127.0.0.1 /shop/Application/Admin/Public/fonts/fontawesome-webfont.woff2?v=4.3.0
INFO: [ app_init ] --START--
INFO: Run Behavior\BuildLiteBehavior [ RunTime:0.000015s ]
INFO: [ app_init ] --END-- [ RunTime:0.000369s ]
ERR: 无法加载模块:Application

[ 2018-03-14T13:23:46+08:00 ] 127.0.0.1 /shop/Application/Admin/Public/fonts/fontawesome-webfont.woff2?v=4.3.0
INFO: [ app_init ] --START--
INFO: Run Behavior\BuildLiteBehavior [ RunTime:0.000012s ]
INFO: [ app_init ] --END-- [ RunTime:0.000365s ]
ERR: 无法加载模块:Application

[ 2018-03-14T13:23:51+08:00 ] 127.0.0.1 /shop/Application/Admin/Public/fonts/fontawesome-webfont.woff2?v=4.3.0
INFO: [ app_init ] --START--
INFO: Run Behavior\BuildLiteBehavior [ RunTime:0.000011s ]
INFO: [ app_init ] --END-- [ RunTime:0.000316s ]
ERR: 无法加载模块:Application

[ 2018-03-14T13:23:54+08:00 ] 127.0.0.1 /shop/Application/Admin/Public/fonts/fontawesome-webfont.woff2?v=4.3.0
INFO: [ app_init ] --START--
INFO: Run Behavior\BuildLiteBehavior [ RunTime:0.000025s ]
INFO: [ app_init ] --END-- [ RunTime:0.000344s ]
ERR: 无法加载模块:Application

[ 2018-03-14T13:23:58+08:00 ] 127.0.0.1 /shop/Application/Admin/Public/fonts/fontawesome-webfont.woff2?v=4.3.0
INFO: [ app_init ] --START--
INFO: Run Behavior\BuildLiteBehavior [ RunTime:0.000016s ]
INFO: [ app_init ] --END-- [ RunTime:0.000488s ]
ERR: 无法加载模块:Application

[ 2018-03-14T13:24:00+08:00 ] 127.0.0.1 /shop/Application/Admin/Public/fonts/fontawesome-webfont.woff2?v=4.3.0
INFO: [ app_init ] --START--
INFO: Run Behavior\BuildLiteBehavior [ RunTime:0.000014s ]
INFO: [ app_init ] --END-- [ RunTime:0.000479s ]
ERR: 无法加载模块:Application

[ 2018-03-14T13:24:23+08:00 ] 127.0.0.1 /shop/Application/Admin/Public/fonts/fontawesome-webfont.woff2?v=4.3.0
INFO: [ app_init ] --START--
INFO: Run Behavior\BuildLiteBehavior [ RunTime:0.000013s ]
INFO: [ app_init ] --END-- [ RunTime:0.000323s ]
ERR: 无法加载模块:Application

[ 2018-03-14T13:24:26+08:00 ] 127.0.0.1 /shop/Application/Admin/Public/fonts/fontawesome-webfont.woff2?v=4.3.0
INFO: [ app_init ] --START--
INFO: Run Behavior\BuildLiteBehavior [ RunTime:0.000012s ]
INFO: [ app_init ] --END-- [ RunTime:0.000347s ]
ERR: 无法加载模块:Application

[ 2018-03-14T13:24:31+08:00 ] 127.0.0.1 /shop/Application/Admin/Public/fonts/fontawesome-webfont.woff2?v=4.3.0
INFO: [ app_init ] --START--
INFO: Run Behavior\BuildLiteBehavior [ RunTime:0.000015s ]
INFO: [ app_init ] --END-- [ RunTime:0.000731s ]
ERR: 无法加载模块:Application

[ 2018-03-14T13:24:33+08:00 ] 127.0.0.1 /shop/Application/Admin/Public/fonts/fontawesome-webfont.woff2?v=4.3.0
INFO: [ app_init ] --START--
INFO: Run Behavior\BuildLiteBehavior [ RunTime:0.000015s ]
INFO: [ app_init ] --END-- [ RunTime:0.000381s ]
ERR: 无法加载模块:Application

[ 2018-03-14T13:25:53+08:00 ] 127.0.0.1 /shop/Application/Admin/Public/fonts/fontawesome-webfont.woff2?v=4.3.0
INFO: [ app_init ] --START--
INFO: Run Behavior\BuildLiteBehavior [ RunTime:0.000011s ]
INFO: [ app_init ] --END-- [ RunTime:0.000281s ]
ERR: 无法加载模块:Application

[ 2018-03-14T13:25:57+08:00 ] 127.0.0.1 /shop/Application/Admin/Public/fonts/fontawesome-webfont.woff2?v=4.3.0
INFO: [ app_init ] --START--
INFO: Run Behavior\BuildLiteBehavior [ RunTime:0.000014s ]
INFO: [ app_init ] --END-- [ RunTime:0.000392s ]
ERR: 无法加载模块:Application

[ 2018-03-14T13:26:02+08:00 ] 127.0.0.1 /shop/Application/Admin/Public/fonts/fontawesome-webfont.woff2?v=4.3.0
INFO: [ app_init ] --START--
INFO: Run Behavior\BuildLiteBehavior [ RunTime:0.000015s ]
INFO: [ app_init ] --END-- [ RunTime:0.000412s ]
ERR: 无法加载模块:Application

[ 2018-03-14T13:26:21+08:00 ] 127.0.0.1 /shop/Application/Admin/Public/fonts/fontawesome-webfont.woff2?v=4.3.0
INFO: [ app_init ] --START--
INFO: Run Behavior\BuildLiteBehavior [ RunTime:0.000019s ]
INFO: [ app_init ] --END-- [ RunTime:0.000439s ]
ERR: 无法加载模块:Application

[ 2018-03-14T13:26:23+08:00 ] 127.0.0.1 /shop/Application/Admin/Public/fonts/fontawesome-webfont.woff2?v=4.3.0
INFO: [ app_init ] --START--
INFO: Run Behavior\BuildLiteBehavior [ RunTime:0.000011s ]
INFO: [ app_init ] --END-- [ RunTime:0.000312s ]
ERR: 无法加载模块:Application

[ 2018-03-14T14:09:19+08:00 ] 127.0.0.1 /shop/Application/Admin/Public/fonts/fontawesome-webfont.woff2?v=4.3.0
INFO: [ app_init ] --START--
INFO: Run Behavior\BuildLiteBehavior [ RunTime:0.000015s ]
INFO: [ app_init ] --END-- [ RunTime:0.000510s ]
ERR: 无法加载模块:Application

[ 2018-03-14T14:09:26+08:00 ] 127.0.0.1 /shop/Application/Admin/Public/fonts/fontawesome-webfont.woff2?v=4.3.0
INFO: [ app_init ] --START--
INFO: Run Behavior\BuildLiteBehavior [ RunTime:0.000011s ]
INFO: [ app_init ] --END-- [ RunTime:0.000306s ]
ERR: 无法加载模块:Application

[ 2018-03-14T14:09:29+08:00 ] 127.0.0.1 /shop/Application/Admin/Public/fonts/fontawesome-webfont.woff2?v=4.3.0
INFO: [ app_init ] --START--
INFO: Run Behavior\BuildLiteBehavior [ RunTime:0.000015s ]
INFO: [ app_init ] --END-- [ RunTime:0.000392s ]
ERR: 无法加载模块:Application

[ 2018-03-14T14:33:20+08:00 ] 127.0.0.1 /shop/Application/Admin/Public/fonts/fontawesome-webfont.woff2?v=4.3.0
INFO: [ app_init ] --START--
INFO: Run Behavior\BuildLiteBehavior [ RunTime:0.000011s ]
INFO: [ app_init ] --END-- [ RunTime:0.000331s ]
ERR: 无法加载模块:Application

[ 2018-03-14T14:48:48+08:00 ] 127.0.0.1 /shop/Application/Admin/Public/fonts/fontawesome-webfont.woff2?v=4.3.0
INFO: [ app_init ] --START--
INFO: Run Behavior\BuildLiteBehavior [ RunTime:0.000034s ]
INFO: [ app_init ] --END-- [ RunTime:0.000547s ]
ERR: 无法加载模块:Application

[ 2018-03-14T14:48:50+08:00 ] 127.0.0.1 /shop/Application/Admin/Public/fonts/fontawesome-webfont.woff2?v=4.3.0
INFO: [ app_init ] --START--
INFO: Run Behavior\BuildLiteBehavior [ RunTime:0.000010s ]
INFO: [ app_init ] --END-- [ RunTime:0.000324s ]
ERR: 无法加载模块:Application

[ 2018-03-14T14:56:43+08:00 ] 127.0.0.1 /shop/Application/Admin/Public/fonts/fontawesome-webfont.woff2?v=4.3.0
INFO: [ app_init ] --START--
INFO: Run Behavior\BuildLiteBehavior [ RunTime:0.000015s ]
INFO: [ app_init ] --END-- [ RunTime:0.000472s ]
ERR: 无法加载模块:Application

[ 2018-03-14T14:57:02+08:00 ] 127.0.0.1 /shop/Application/Admin/Public/fonts/fontawesome-webfont.woff2?v=4.3.0
INFO: [ app_init ] --START--
INFO: Run Behavior\BuildLiteBehavior [ RunTime:0.000018s ]
INFO: [ app_init ] --END-- [ RunTime:0.000435s ]
ERR: 无法加载模块:Application

[ 2018-03-14T14:59:41+08:00 ] 127.0.0.1 /shop/Application/Admin/Public/fonts/fontawesome-webfont.woff2?v=4.3.0
INFO: [ app_init ] --START--
INFO: Run Behavior\BuildLiteBehavior [ RunTime:0.000017s ]
INFO: [ app_init ] --END-- [ RunTime:0.000498s ]
ERR: 无法加载模块:Application

[ 2018-03-14T14:59:46+08:00 ] 127.0.0.1 /shop/Application/Admin/Public/fonts/fontawesome-webfont.woff2?v=4.3.0
INFO: [ app_init ] --START--
INFO: Run Behavior\BuildLiteBehavior [ RunTime:0.000012s ]
INFO: [ app_init ] --END-- [ RunTime:0.000336s ]
ERR: 无法加载模块:Application

[ 2018-03-14T14:59:52+08:00 ] 127.0.0.1 /shop/Application/Admin/Public/fonts/fontawesome-webfont.woff2?v=4.3.0
INFO: [ app_init ] --START--
INFO: Run Behavior\BuildLiteBehavior [ RunTime:0.000011s ]
INFO: [ app_init ] --END-- [ RunTime:0.000286s ]
ERR: 无法加载模块:Application

[ 2018-03-14T14:59:58+08:00 ] 127.0.0.1 /shop/Application/Admin/Public/fonts/fontawesome-webfont.woff2?v=4.3.0
INFO: [ app_init ] --START--
INFO: Run Behavior\BuildLiteBehavior [ RunTime:0.000011s ]
INFO: [ app_init ] --END-- [ RunTime:0.000279s ]
ERR: 无法加载模块:Application

[ 2018-03-14T15:00:05+08:00 ] 127.0.0.1 /shop/Application/Admin/Public/fonts/fontawesome-webfont.woff2?v=4.3.0
INFO: [ app_init ] --START--
INFO: Run Behavior\BuildLiteBehavior [ RunTime:0.000012s ]
INFO: [ app_init ] --END-- [ RunTime:0.000293s ]
ERR: 无法加载模块:Application

[ 2018-03-14T15:00:08+08:00 ] 127.0.0.1 /shop/Application/Admin/Public/fonts/fontawesome-webfont.woff2?v=4.3.0
INFO: [ app_init ] --START--
INFO: Run Behavior\BuildLiteBehavior [ RunTime:0.000011s ]
INFO: [ app_init ] --END-- [ RunTime:0.000298s ]
ERR: 无法加载模块:Application

[ 2018-03-14T15:00:15+08:00 ] 127.0.0.1 /shop/Application/Admin/Public/fonts/fontawesome-webfont.woff2?v=4.3.0
INFO: [ app_init ] --START--
INFO: Run Behavior\BuildLiteBehavior [ RunTime:0.000010s ]
INFO: [ app_init ] --END-- [ RunTime:0.000351s ]
ERR: 无法加载模块:Application

[ 2018-03-14T15:00:18+08:00 ] 127.0.0.1 /shop/Application/Admin/Public/fonts/fontawesome-webfont.woff2?v=4.3.0
INFO: [ app_init ] --START--
INFO: Run Behavior\BuildLiteBehavior [ RunTime:0.000012s ]
INFO: [ app_init ] --END-- [ RunTime:0.000435s ]
ERR: 无法加载模块:Application

[ 2018-03-14T15:15:18+08:00 ] 127.0.0.1 /shop/Application/Admin/Public/fonts/fontawesome-webfont.woff2?v=4.3.0
INFO: [ app_init ] --START--
INFO: Run Behavior\BuildLiteBehavior [ RunTime:0.000012s ]
INFO: [ app_init ] --END-- [ RunTime:0.000338s ]
ERR: 无法加载模块:Application

[ 2018-03-14T15:15:23+08:00 ] 127.0.0.1 /shop/Application/Admin/Public/fonts/fontawesome-webfont.woff2?v=4.3.0
INFO: [ app_init ] --START--
INFO: Run Behavior\BuildLiteBehavior [ RunTime:0.000011s ]
INFO: [ app_init ] --END-- [ RunTime:0.000279s ]
ERR: 无法加载模块:Application

[ 2018-03-14T15:16:03+08:00 ] 127.0.0.1 /shop/Application/Admin/Public/fonts/fontawesome-webfont.woff2?v=4.3.0
INFO: [ app_init ] --START--
INFO: Run Behavior\BuildLiteBehavior [ RunTime:0.000011s ]
INFO: [ app_init ] --END-- [ RunTime:0.000332s ]
ERR: 无法加载模块:Application

[ 2018-03-14T15:42:39+08:00 ] 127.0.0.1 /shop/Application/Admin/Public/fonts/fontawesome-webfont.woff2?v=4.3.0
INFO: [ app_init ] --START--
INFO: Run Behavior\BuildLiteBehavior [ RunTime:0.000015s ]
INFO: [ app_init ] --END-- [ RunTime:0.000571s ]
ERR: 无法加载模块:Application

[ 2018-03-14T15:42:45+08:00 ] 127.0.0.1 /shop/Application/Admin/Public/fonts/fontawesome-webfont.woff2?v=4.3.0
INFO: [ app_init ] --START--
INFO: Run Behavior\BuildLiteBehavior [ RunTime:0.000012s ]
INFO: [ app_init ] --END-- [ RunTime:0.000462s ]
ERR: 无法加载模块:Application

[ 2018-03-14T15:48:11+08:00 ] 127.0.0.1 /shop/Application/Admin/Public/fonts/fontawesome-webfont.woff2?v=4.3.0
INFO: [ app_init ] --START--
INFO: Run Behavior\BuildLiteBehavior [ RunTime:0.000011s ]
INFO: [ app_init ] --END-- [ RunTime:0.000313s ]
ERR: 无法加载模块:Application

[ 2018-03-14T15:48:15+08:00 ] 127.0.0.1 /shop/Application/Admin/Public/fonts/fontawesome-webfont.woff2?v=4.3.0
INFO: [ app_init ] --START--
INFO: Run Behavior\BuildLiteBehavior [ RunTime:0.000018s ]
INFO: [ app_init ] --END-- [ RunTime:0.000558s ]
ERR: 无法加载模块:Application

[ 2018-03-14T15:50:39+08:00 ] 127.0.0.1 /shop/Application/Admin/Public/fonts/fontawesome-webfont.woff2?v=4.3.0
INFO: [ app_init ] --START--
INFO: Run Behavior\BuildLiteBehavior [ RunTime:0.000012s ]
INFO: [ app_init ] --END-- [ RunTime:0.000376s ]
ERR: 无法加载模块:Application

[ 2018-03-14T15:50:42+08:00 ] 127.0.0.1 /shop/Application/Admin/Public/fonts/fontawesome-webfont.woff2?v=4.3.0
INFO: [ app_init ] --START--
INFO: Run Behavior\BuildLiteBehavior [ RunTime:0.000017s ]
INFO: [ app_init ] --END-- [ RunTime:0.000422s ]
ERR: 无法加载模块:Application

[ 2018-03-14T15:59:06+08:00 ] 127.0.0.1 /shop/Application/Admin/Public/fonts/fontawesome-webfont.woff2?v=4.3.0
INFO: [ app_init ] --START--
INFO: Run Behavior\BuildLiteBehavior [ RunTime:0.000016s ]
INFO: [ app_init ] --END-- [ RunTime:0.000525s ]
ERR: 无法加载模块:Application

[ 2018-03-14T15:59:09+08:00 ] 127.0.0.1 /shop/Application/Admin/Public/fonts/fontawesome-webfont.woff2?v=4.3.0
INFO: [ app_init ] --START--
INFO: Run Behavior\BuildLiteBehavior [ RunTime:0.000030s ]
INFO: [ app_init ] --END-- [ RunTime:0.000396s ]
ERR: 无法加载模块:Application

[ 2018-03-14T15:59:12+08:00 ] 127.0.0.1 /shop/Application/Admin/Public/fonts/fontawesome-webfont.woff2?v=4.3.0
INFO: [ app_init ] --START--
INFO: Run Behavior\BuildLiteBehavior [ RunTime:0.000020s ]
INFO: [ app_init ] --END-- [ RunTime:0.000511s ]
ERR: 无法加载模块:Application

[ 2018-03-14T16:08:45+08:00 ] 127.0.0.1 /shop/Application/Admin/Public/fonts/fontawesome-webfont.woff2?v=4.3.0
INFO: [ app_init ] --START--
INFO: Run Behavior\BuildLiteBehavior [ RunTime:0.000046s ]
INFO: [ app_init ] --END-- [ RunTime:0.000381s ]
ERR: 无法加载模块:Application

[ 2018-03-14T16:08:49+08:00 ] 127.0.0.1 /shop/Application/Admin/Public/fonts/fontawesome-webfont.woff2?v=4.3.0
INFO: [ app_init ] --START--
INFO: Run Behavior\BuildLiteBehavior [ RunTime:0.000015s ]
INFO: [ app_init ] --END-- [ RunTime:0.000459s ]
ERR: 无法加载模块:Application

[ 2018-03-14T16:08:57+08:00 ] 127.0.0.1 /shop/Application/Admin/Public/fonts/fontawesome-webfont.woff2?v=4.3.0
INFO: [ app_init ] --START--
INFO: Run Behavior\BuildLiteBehavior [ RunTime:0.000015s ]
INFO: [ app_init ] --END-- [ RunTime:0.000418s ]
ERR: 无法加载模块:Application

[ 2018-03-14T16:09:00+08:00 ] 127.0.0.1 /shop/Application/Admin/Public/fonts/fontawesome-webfont.woff2?v=4.3.0
INFO: [ app_init ] --START--
INFO: Run Behavior\BuildLiteBehavior [ RunTime:0.000011s ]
INFO: [ app_init ] --END-- [ RunTime:0.000314s ]
ERR: 无法加载模块:Application

