[ 2018-03-22T00:32:54+08:00 ] 127.0.0.1 /shop/index.php/Admin/Category/lst.html
INFO: [ app_init ] --START--
INFO: Run Behavior\BuildLiteBehavior [ RunTime:0.000017s ]
INFO: [ app_init ] --END-- [ RunTime:0.000662s ]
INFO: [ app_begin ] --START--
INFO: Run Behavior\ReadHtmlCacheBehavior [ RunTime:0.001115s ]
INFO: [ app_begin ] --END-- [ RunTime:0.001156s ]
SQL: SHOW COLUMNS FROM `sp_category` [ RunTime:0.0069s ]
SQL: SELECT * FROM `sp_category` ORDER BY id desc  [ RunTime:0.0004s ]
INFO: [ view_parse ] --START--
INFO: [ template_filter ] --START--
INFO: Run Behavior\ContentReplaceBehavior [ RunTime:0.000081s ]
INFO: [ template_filter ] --END-- [ RunTime:0.000117s ]
NOTIC: [8] Undefined variable: page G:\phpstudy\PHPTutorial\WWW\shop\Application\Runtime\Cache\Admin\395c0ba78bddab9d6617dcec0f2fd9a9.php 第 321 行.
INFO: Run Behavior\ParseTemplateBehavior [ RunTime:0.012960s ]
INFO: [ view_parse ] --END-- [ RunTime:0.012995s ]
INFO: [ view_filter ] --START--
INFO: Run Behavior\WriteHtmlCacheBehavior [ RunTime:0.000798s ]
INFO: [ view_filter ] --END-- [ RunTime:0.000826s ]
INFO: [ app_end ] --START--
INFO: Run Behavior\ShowPageTraceBehavior [ RunTime:0.001342s ]
INFO: [ app_end ] --END-- [ RunTime:0.001391s ]

[ 2018-03-22T00:32:58+08:00 ] 127.0.0.1 /shop/index.php/Admin/Nav/lst
INFO: [ app_init ] --START--
INFO: Run Behavior\BuildLiteBehavior [ RunTime:0.000010s ]
INFO: [ app_init ] --END-- [ RunTime:0.000411s ]
INFO: [ app_begin ] --START--
INFO: Run Behavior\ReadHtmlCacheBehavior [ RunTime:0.001004s ]
INFO: [ app_begin ] --END-- [ RunTime:0.001039s ]
SQL: SHOW COLUMNS FROM `sp_nav` [ RunTime:0.0070s ]
SQL: SELECT COUNT(*) AS tp_count FROM `sp_nav` LIMIT 1   [ RunTime:0.0003s ]
SQL: SELECT * FROM `sp_nav` ORDER BY id desc LIMIT 0,6   [ RunTime:0.0002s ]
INFO: [ view_parse ] --START--
INFO: [ template_filter ] --START--
INFO: Run Behavior\ContentReplaceBehavior [ RunTime:0.000088s ]
INFO: [ template_filter ] --END-- [ RunTime:0.000126s ]
INFO: Run Behavior\ParseTemplateBehavior [ RunTime:0.012952s ]
INFO: [ view_parse ] --END-- [ RunTime:0.012993s ]
INFO: [ view_filter ] --START--
INFO: Run Behavior\WriteHtmlCacheBehavior [ RunTime:0.000861s ]
INFO: [ view_filter ] --END-- [ RunTime:0.000919s ]
INFO: [ app_end ] --START--
INFO: Run Behavior\ShowPageTraceBehavior [ RunTime:0.001902s ]
INFO: [ app_end ] --END-- [ RunTime:0.001988s ]

[ 2018-03-22T00:33:00+08:00 ] 127.0.0.1 /shop/index.php/Admin/Nav/add
INFO: [ app_init ] --START--
INFO: Run Behavior\BuildLiteBehavior [ RunTime:0.000011s ]
INFO: [ app_init ] --END-- [ RunTime:0.000378s ]
INFO: [ app_begin ] --START--
INFO: Run Behavior\ReadHtmlCacheBehavior [ RunTime:0.001148s ]
INFO: [ app_begin ] --END-- [ RunTime:0.001192s ]
SQL: SHOW COLUMNS FROM `sp_nav` [ RunTime:0.0067s ]
INFO: [ view_parse ] --START--
INFO: [ template_filter ] --START--
INFO: Run Behavior\ContentReplaceBehavior [ RunTime:0.000083s ]
INFO: [ template_filter ] --END-- [ RunTime:0.000122s ]
INFO: Run Behavior\ParseTemplateBehavior [ RunTime:0.013448s ]
INFO: [ view_parse ] --END-- [ RunTime:0.013490s ]
INFO: [ view_filter ] --START--
INFO: Run Behavior\WriteHtmlCacheBehavior [ RunTime:0.000877s ]
INFO: [ view_filter ] --END-- [ RunTime:0.000909s ]
INFO: [ app_end ] --START--
INFO: Run Behavior\ShowPageTraceBehavior [ RunTime:0.001578s ]
INFO: [ app_end ] --END-- [ RunTime:0.001631s ]

[ 2018-03-22T00:34:56+08:00 ] 127.0.0.1 /shop/index.php/Admin/Nav/add
INFO: [ app_init ] --START--
INFO: Run Behavior\BuildLiteBehavior [ RunTime:0.000011s ]
INFO: [ app_init ] --END-- [ RunTime:0.000380s ]
INFO: [ app_begin ] --START--
INFO: Run Behavior\ReadHtmlCacheBehavior [ RunTime:0.000628s ]
INFO: [ app_begin ] --END-- [ RunTime:0.000666s ]
SQL: SHOW COLUMNS FROM `sp_nav` [ RunTime:0.0072s ]
NOTIC: [8] Undefined index: validate G:\phpstudy\PHPTutorial\WWW\shop\ThinkPHP\Library\Think\Model.class.php 第 1185 行.
NOTIC: [8] Undefined index: auto G:\phpstudy\PHPTutorial\WWW\shop\ThinkPHP\Library\Think\Model.class.php 第 1128 行.
SQL: INSERT INTO `sp_nav` (`nav_name`,`nav_url`,`nav_blank`,`nav_pos`) VALUES ('补水','/','1','2') [ RunTime:0.0003s ]
INFO: [ view_parse ] --START--
INFO: [ template_filter ] --START--
INFO: Run Behavior\ContentReplaceBehavior [ RunTime:0.000032s ]
INFO: [ template_filter ] --END-- [ RunTime:0.000066s ]
INFO: Run Behavior\ParseTemplateBehavior [ RunTime:0.007584s ]
INFO: [ view_parse ] --END-- [ RunTime:0.007625s ]
INFO: [ view_filter ] --START--
INFO: Run Behavior\WriteHtmlCacheBehavior [ RunTime:0.000373s ]
INFO: [ view_filter ] --END-- [ RunTime:0.000401s ]
INFO: [ app_end ] --START--
INFO: Run Behavior\ShowPageTraceBehavior [ RunTime:0.000706s ]
INFO: [ app_end ] --END-- [ RunTime:0.000735s ]

[ 2018-03-22T00:34:58+08:00 ] 127.0.0.1 /shop/index.php/Admin/Nav/lst.html
INFO: [ app_init ] --START--
INFO: Run Behavior\BuildLiteBehavior [ RunTime:0.000010s ]
INFO: [ app_init ] --END-- [ RunTime:0.000299s ]
INFO: [ app_begin ] --START--
INFO: Run Behavior\ReadHtmlCacheBehavior [ RunTime:0.000434s ]
INFO: [ app_begin ] --END-- [ RunTime:0.000469s ]
SQL: SHOW COLUMNS FROM `sp_nav` [ RunTime:0.0064s ]
SQL: SELECT COUNT(*) AS tp_count FROM `sp_nav` LIMIT 1   [ RunTime:0.0002s ]
SQL: SELECT * FROM `sp_nav` ORDER BY id desc LIMIT 0,6   [ RunTime:0.0002s ]
INFO: [ view_parse ] --START--
INFO: [ template_filter ] --START--
INFO: Run Behavior\ContentReplaceBehavior [ RunTime:0.000084s ]
INFO: [ template_filter ] --END-- [ RunTime:0.000122s ]
NOTIC: [8] Undefined index: brand_name G:\phpstudy\PHPTutorial\WWW\shop\Application\Runtime\Cache\Admin\70e04a84d93202588d1717f6ef2f2e8e.php 第 303 行.
NOTIC: [8] Undefined index: brand_logo G:\phpstudy\PHPTutorial\WWW\shop\Application\Runtime\Cache\Admin\70e04a84d93202588d1717f6ef2f2e8e.php 第 305 行.
NOTIC: [8] Undefined index: brand_url G:\phpstudy\PHPTutorial\WWW\shop\Application\Runtime\Cache\Admin\70e04a84d93202588d1717f6ef2f2e8e.php 第 309 行.
NOTIC: [8] Undefined index: brand_url G:\phpstudy\PHPTutorial\WWW\shop\Application\Runtime\Cache\Admin\70e04a84d93202588d1717f6ef2f2e8e.php 第 309 行.
INFO: Run Behavior\ParseTemplateBehavior [ RunTime:0.010173s ]
INFO: [ view_parse ] --END-- [ RunTime:0.010206s ]
INFO: [ view_filter ] --START--
INFO: Run Behavior\WriteHtmlCacheBehavior [ RunTime:0.000225s ]
INFO: [ view_filter ] --END-- [ RunTime:0.000252s ]
INFO: [ app_end ] --START--
INFO: Run Behavior\ShowPageTraceBehavior [ RunTime:0.000673s ]
INFO: [ app_end ] --END-- [ RunTime:0.000709s ]

[ 2018-03-22T00:35:01+08:00 ] 127.0.0.1 /shop/index.php/Admin/Nav/add
INFO: [ app_init ] --START--
INFO: Run Behavior\BuildLiteBehavior [ RunTime:0.000011s ]
INFO: [ app_init ] --END-- [ RunTime:0.000319s ]
INFO: [ app_begin ] --START--
INFO: Run Behavior\ReadHtmlCacheBehavior [ RunTime:0.000458s ]
INFO: [ app_begin ] --END-- [ RunTime:0.000492s ]
SQL: SHOW COLUMNS FROM `sp_nav` [ RunTime:0.0070s ]
INFO: [ view_parse ] --START--
INFO: [ template_filter ] --START--
INFO: Run Behavior\ContentReplaceBehavior [ RunTime:0.000086s ]
INFO: [ template_filter ] --END-- [ RunTime:0.000125s ]
INFO: Run Behavior\ParseTemplateBehavior [ RunTime:0.009030s ]
INFO: [ view_parse ] --END-- [ RunTime:0.009069s ]
INFO: [ view_filter ] --START--
INFO: Run Behavior\WriteHtmlCacheBehavior [ RunTime:0.000231s ]
INFO: [ view_filter ] --END-- [ RunTime:0.000258s ]
INFO: [ app_end ] --START--
INFO: Run Behavior\ShowPageTraceBehavior [ RunTime:0.000815s ]
INFO: [ app_end ] --END-- [ RunTime:0.000858s ]

[ 2018-03-22T00:35:13+08:00 ] 127.0.0.1 /shop/index.php/Admin/Nav/add
INFO: [ app_init ] --START--
INFO: Run Behavior\BuildLiteBehavior [ RunTime:0.000011s ]
INFO: [ app_init ] --END-- [ RunTime:0.000306s ]
INFO: [ app_begin ] --START--
INFO: Run Behavior\ReadHtmlCacheBehavior [ RunTime:0.000424s ]
INFO: [ app_begin ] --END-- [ RunTime:0.000461s ]
SQL: SHOW COLUMNS FROM `sp_nav` [ RunTime:0.0067s ]
NOTIC: [8] Undefined index: validate G:\phpstudy\PHPTutorial\WWW\shop\ThinkPHP\Library\Think\Model.class.php 第 1185 行.
NOTIC: [8] Undefined index: auto G:\phpstudy\PHPTutorial\WWW\shop\ThinkPHP\Library\Think\Model.class.php 第 1128 行.
SQL: INSERT INTO `sp_nav` (`nav_name`,`nav_url`,`nav_blank`,`nav_pos`) VALUES ('美白','/','1','2') [ RunTime:0.0002s ]
INFO: [ view_parse ] --START--
INFO: [ template_filter ] --START--
INFO: Run Behavior\ContentReplaceBehavior [ RunTime:0.000033s ]
INFO: [ template_filter ] --END-- [ RunTime:0.000069s ]
INFO: Run Behavior\ParseTemplateBehavior [ RunTime:0.007222s ]
INFO: [ view_parse ] --END-- [ RunTime:0.007257s ]
INFO: [ view_filter ] --START--
INFO: Run Behavior\WriteHtmlCacheBehavior [ RunTime:0.000215s ]
INFO: [ view_filter ] --END-- [ RunTime:0.000241s ]
INFO: [ app_end ] --START--
INFO: Run Behavior\ShowPageTraceBehavior [ RunTime:0.000635s ]
INFO: [ app_end ] --END-- [ RunTime:0.000662s ]

[ 2018-03-22T00:35:15+08:00 ] 127.0.0.1 /shop/index.php/Admin/Nav/lst.html
INFO: [ app_init ] --START--
INFO: Run Behavior\BuildLiteBehavior [ RunTime:0.000010s ]
INFO: [ app_init ] --END-- [ RunTime:0.000311s ]
INFO: [ app_begin ] --START--
INFO: Run Behavior\ReadHtmlCacheBehavior [ RunTime:0.000434s ]
INFO: [ app_begin ] --END-- [ RunTime:0.000469s ]
SQL: SHOW COLUMNS FROM `sp_nav` [ RunTime:0.0065s ]
SQL: SELECT COUNT(*) AS tp_count FROM `sp_nav` LIMIT 1   [ RunTime:0.0003s ]
SQL: SELECT * FROM `sp_nav` ORDER BY id desc LIMIT 0,6   [ RunTime:0.0002s ]
INFO: [ view_parse ] --START--
INFO: [ template_filter ] --START--
INFO: Run Behavior\ContentReplaceBehavior [ RunTime:0.000084s ]
INFO: [ template_filter ] --END-- [ RunTime:0.000119s ]
NOTIC: [8] Undefined index: brand_name G:\phpstudy\PHPTutorial\WWW\shop\Application\Runtime\Cache\Admin\70e04a84d93202588d1717f6ef2f2e8e.php 第 303 行.
NOTIC: [8] Undefined index: brand_logo G:\phpstudy\PHPTutorial\WWW\shop\Application\Runtime\Cache\Admin\70e04a84d93202588d1717f6ef2f2e8e.php 第 305 行.
NOTIC: [8] Undefined index: brand_url G:\phpstudy\PHPTutorial\WWW\shop\Application\Runtime\Cache\Admin\70e04a84d93202588d1717f6ef2f2e8e.php 第 309 行.
NOTIC: [8] Undefined index: brand_url G:\phpstudy\PHPTutorial\WWW\shop\Application\Runtime\Cache\Admin\70e04a84d93202588d1717f6ef2f2e8e.php 第 309 行.
NOTIC: [8] Undefined index: brand_name G:\phpstudy\PHPTutorial\WWW\shop\Application\Runtime\Cache\Admin\70e04a84d93202588d1717f6ef2f2e8e.php 第 303 行.
NOTIC: [8] Undefined index: brand_logo G:\phpstudy\PHPTutorial\WWW\shop\Application\Runtime\Cache\Admin\70e04a84d93202588d1717f6ef2f2e8e.php 第 305 行.
NOTIC: [8] Undefined index: brand_url G:\phpstudy\PHPTutorial\WWW\shop\Application\Runtime\Cache\Admin\70e04a84d93202588d1717f6ef2f2e8e.php 第 309 行.
NOTIC: [8] Undefined index: brand_url G:\phpstudy\PHPTutorial\WWW\shop\Application\Runtime\Cache\Admin\70e04a84d93202588d1717f6ef2f2e8e.php 第 309 行.
INFO: Run Behavior\ParseTemplateBehavior [ RunTime:0.010028s ]
INFO: [ view_parse ] --END-- [ RunTime:0.010061s ]
INFO: [ view_filter ] --START--
INFO: Run Behavior\WriteHtmlCacheBehavior [ RunTime:0.000268s ]
INFO: [ view_filter ] --END-- [ RunTime:0.000294s ]
INFO: [ app_end ] --START--
INFO: Run Behavior\ShowPageTraceBehavior [ RunTime:0.000972s ]
INFO: [ app_end ] --END-- [ RunTime:0.001058s ]

[ 2018-03-22T00:35:24+08:00 ] 127.0.0.1 /shop/index.php/Admin/Nav/add
INFO: [ app_init ] --START--
INFO: Run Behavior\BuildLiteBehavior [ RunTime:0.000010s ]
INFO: [ app_init ] --END-- [ RunTime:0.000307s ]
INFO: [ app_begin ] --START--
INFO: Run Behavior\ReadHtmlCacheBehavior [ RunTime:0.000429s ]
INFO: [ app_begin ] --END-- [ RunTime:0.000465s ]
SQL: SHOW COLUMNS FROM `sp_nav` [ RunTime:0.0045s ]
INFO: [ view_parse ] --START--
INFO: [ template_filter ] --START--
INFO: Run Behavior\ContentReplaceBehavior [ RunTime:0.000079s ]
INFO: [ template_filter ] --END-- [ RunTime:0.000116s ]
INFO: Run Behavior\ParseTemplateBehavior [ RunTime:0.009267s ]
INFO: [ view_parse ] --END-- [ RunTime:0.009308s ]
INFO: [ view_filter ] --START--
INFO: Run Behavior\WriteHtmlCacheBehavior [ RunTime:0.000222s ]
INFO: [ view_filter ] --END-- [ RunTime:0.000248s ]
INFO: [ app_end ] --START--
INFO: Run Behavior\ShowPageTraceBehavior [ RunTime:0.000727s ]
INFO: [ app_end ] --END-- [ RunTime:0.000760s ]

[ 2018-03-22T00:35:31+08:00 ] 127.0.0.1 /shop/index.php/Admin/Nav/add
INFO: [ app_init ] --START--
INFO: Run Behavior\BuildLiteBehavior [ RunTime:0.000010s ]
INFO: [ app_init ] --END-- [ RunTime:0.000308s ]
INFO: [ app_begin ] --START--
INFO: Run Behavior\ReadHtmlCacheBehavior [ RunTime:0.000419s ]
INFO: [ app_begin ] --END-- [ RunTime:0.000453s ]
SQL: SHOW COLUMNS FROM `sp_nav` [ RunTime:0.0065s ]
NOTIC: [8] Undefined index: validate G:\phpstudy\PHPTutorial\WWW\shop\ThinkPHP\Library\Think\Model.class.php 第 1185 行.
NOTIC: [8] Undefined index: auto G:\phpstudy\PHPTutorial\WWW\shop\ThinkPHP\Library\Think\Model.class.php 第 1128 行.
SQL: INSERT INTO `sp_nav` (`nav_name`,`nav_url`,`nav_blank`,`nav_pos`) VALUES ('面膜','/','1','2') [ RunTime:0.0002s ]
INFO: [ view_parse ] --START--
INFO: [ template_filter ] --START--
INFO: Run Behavior\ContentReplaceBehavior [ RunTime:0.000030s ]
INFO: [ template_filter ] --END-- [ RunTime:0.000061s ]
INFO: Run Behavior\ParseTemplateBehavior [ RunTime:0.006017s ]
INFO: [ view_parse ] --END-- [ RunTime:0.006053s ]
INFO: [ view_filter ] --START--
INFO: Run Behavior\WriteHtmlCacheBehavior [ RunTime:0.000224s ]
INFO: [ view_filter ] --END-- [ RunTime:0.000251s ]
INFO: [ app_end ] --START--
INFO: Run Behavior\ShowPageTraceBehavior [ RunTime:0.000651s ]
INFO: [ app_end ] --END-- [ RunTime:0.000679s ]

[ 2018-03-22T00:35:34+08:00 ] 127.0.0.1 /shop/index.php/Admin/Nav/lst.html
INFO: [ app_init ] --START--
INFO: Run Behavior\BuildLiteBehavior [ RunTime:0.000010s ]
INFO: [ app_init ] --END-- [ RunTime:0.000297s ]
INFO: [ app_begin ] --START--
INFO: Run Behavior\ReadHtmlCacheBehavior [ RunTime:0.000445s ]
INFO: [ app_begin ] --END-- [ RunTime:0.000492s ]
SQL: SHOW COLUMNS FROM `sp_nav` [ RunTime:0.0067s ]
SQL: SELECT COUNT(*) AS tp_count FROM `sp_nav` LIMIT 1   [ RunTime:0.0001s ]
SQL: SELECT * FROM `sp_nav` ORDER BY id desc LIMIT 0,6   [ RunTime:0.0002s ]
INFO: [ view_parse ] --START--
INFO: [ template_filter ] --START--
INFO: Run Behavior\ContentReplaceBehavior [ RunTime:0.000084s ]
INFO: [ template_filter ] --END-- [ RunTime:0.000121s ]
NOTIC: [8] Undefined index: brand_name G:\phpstudy\PHPTutorial\WWW\shop\Application\Runtime\Cache\Admin\70e04a84d93202588d1717f6ef2f2e8e.php 第 303 行.
NOTIC: [8] Undefined index: brand_logo G:\phpstudy\PHPTutorial\WWW\shop\Application\Runtime\Cache\Admin\70e04a84d93202588d1717f6ef2f2e8e.php 第 305 行.
NOTIC: [8] Undefined index: brand_url G:\phpstudy\PHPTutorial\WWW\shop\Application\Runtime\Cache\Admin\70e04a84d93202588d1717f6ef2f2e8e.php 第 309 行.
NOTIC: [8] Undefined index: brand_url G:\phpstudy\PHPTutorial\WWW\shop\Application\Runtime\Cache\Admin\70e04a84d93202588d1717f6ef2f2e8e.php 第 309 行.
NOTIC: [8] Undefined index: brand_name G:\phpstudy\PHPTutorial\WWW\shop\Application\Runtime\Cache\Admin\70e04a84d93202588d1717f6ef2f2e8e.php 第 303 行.
NOTIC: [8] Undefined index: brand_logo G:\phpstudy\PHPTutorial\WWW\shop\Application\Runtime\Cache\Admin\70e04a84d93202588d1717f6ef2f2e8e.php 第 305 行.
NOTIC: [8] Undefined index: brand_url G:\phpstudy\PHPTutorial\WWW\shop\Application\Runtime\Cache\Admin\70e04a84d93202588d1717f6ef2f2e8e.php 第 309 行.
NOTIC: [8] Undefined index: brand_url G:\phpstudy\PHPTutorial\WWW\shop\Application\Runtime\Cache\Admin\70e04a84d93202588d1717f6ef2f2e8e.php 第 309 行.
NOTIC: [8] Undefined index: brand_name G:\phpstudy\PHPTutorial\WWW\shop\Application\Runtime\Cache\Admin\70e04a84d93202588d1717f6ef2f2e8e.php 第 303 行.
NOTIC: [8] Undefined index: brand_logo G:\phpstudy\PHPTutorial\WWW\shop\Application\Runtime\Cache\Admin\70e04a84d93202588d1717f6ef2f2e8e.php 第 305 行.
NOTIC: [8] Undefined index: brand_url G:\phpstudy\PHPTutorial\WWW\shop\Application\Runtime\Cache\Admin\70e04a84d93202588d1717f6ef2f2e8e.php 第 309 行.
NOTIC: [8] Undefined index: brand_url G:\phpstudy\PHPTutorial\WWW\shop\Application\Runtime\Cache\Admin\70e04a84d93202588d1717f6ef2f2e8e.php 第 309 行.
INFO: Run Behavior\ParseTemplateBehavior [ RunTime:0.011374s ]
INFO: [ view_parse ] --END-- [ RunTime:0.011407s ]
INFO: [ view_filter ] --START--
INFO: Run Behavior\WriteHtmlCacheBehavior [ RunTime:0.000263s ]
INFO: [ view_filter ] --END-- [ RunTime:0.000289s ]
INFO: [ app_end ] --START--
INFO: Run Behavior\ShowPageTraceBehavior [ RunTime:0.000655s ]
INFO: [ app_end ] --END-- [ RunTime:0.000686s ]

[ 2018-03-22T00:35:36+08:00 ] 127.0.0.1 /shop/index.php/Admin/Nav/add
INFO: [ app_init ] --START--
INFO: Run Behavior\BuildLiteBehavior [ RunTime:0.000011s ]
INFO: [ app_init ] --END-- [ RunTime:0.000314s ]
INFO: [ app_begin ] --START--
INFO: Run Behavior\ReadHtmlCacheBehavior [ RunTime:0.000434s ]
INFO: [ app_begin ] --END-- [ RunTime:0.000470s ]
SQL: SHOW COLUMNS FROM `sp_nav` [ RunTime:0.0069s ]
INFO: [ view_parse ] --START--
INFO: [ template_filter ] --START--
INFO: Run Behavior\ContentReplaceBehavior [ RunTime:0.000083s ]
INFO: [ template_filter ] --END-- [ RunTime:0.000121s ]
INFO: Run Behavior\ParseTemplateBehavior [ RunTime:0.009940s ]
INFO: [ view_parse ] --END-- [ RunTime:0.009982s ]
INFO: [ view_filter ] --START--
INFO: Run Behavior\WriteHtmlCacheBehavior [ RunTime:0.000256s ]
INFO: [ view_filter ] --END-- [ RunTime:0.000314s ]
INFO: [ app_end ] --START--
INFO: Run Behavior\ShowPageTraceBehavior [ RunTime:0.000949s ]
INFO: [ app_end ] --END-- [ RunTime:0.000998s ]

[ 2018-03-22T00:35:45+08:00 ] 127.0.0.1 /shop/index.php/Admin/Nav/add
INFO: [ app_init ] --START--
INFO: Run Behavior\BuildLiteBehavior [ RunTime:0.000011s ]
INFO: [ app_init ] --END-- [ RunTime:0.000332s ]
INFO: [ app_begin ] --START--
INFO: Run Behavior\ReadHtmlCacheBehavior [ RunTime:0.000433s ]
INFO: [ app_begin ] --END-- [ RunTime:0.000470s ]
SQL: SHOW COLUMNS FROM `sp_nav` [ RunTime:0.0065s ]
NOTIC: [8] Undefined index: validate G:\phpstudy\PHPTutorial\WWW\shop\ThinkPHP\Library\Think\Model.class.php 第 1185 行.
NOTIC: [8] Undefined index: auto G:\phpstudy\PHPTutorial\WWW\shop\ThinkPHP\Library\Think\Model.class.php 第 1128 行.
SQL: INSERT INTO `sp_nav` (`nav_name`,`nav_url`,`nav_blank`,`nav_pos`) VALUES ('乳液','/','1','2') [ RunTime:0.0002s ]
INFO: [ view_parse ] --START--
INFO: [ template_filter ] --START--
INFO: Run Behavior\ContentReplaceBehavior [ RunTime:0.000033s ]
INFO: [ template_filter ] --END-- [ RunTime:0.000069s ]
INFO: Run Behavior\ParseTemplateBehavior [ RunTime:0.006496s ]
INFO: [ view_parse ] --END-- [ RunTime:0.006534s ]
INFO: [ view_filter ] --START--
INFO: Run Behavior\WriteHtmlCacheBehavior [ RunTime:0.000225s ]
INFO: [ view_filter ] --END-- [ RunTime:0.000256s ]
INFO: [ app_end ] --START--
INFO: Run Behavior\ShowPageTraceBehavior [ RunTime:0.000656s ]
INFO: [ app_end ] --END-- [ RunTime:0.000685s ]

[ 2018-03-22T00:35:47+08:00 ] 127.0.0.1 /shop/index.php/Admin/Nav/lst.html
INFO: [ app_init ] --START--
INFO: Run Behavior\BuildLiteBehavior [ RunTime:0.000011s ]
INFO: [ app_init ] --END-- [ RunTime:0.000450s ]
INFO: [ app_begin ] --START--
INFO: Run Behavior\ReadHtmlCacheBehavior [ RunTime:0.000978s ]
INFO: [ app_begin ] --END-- [ RunTime:0.001155s ]
SQL: SHOW COLUMNS FROM `sp_nav` [ RunTime:0.0069s ]
SQL: SELECT COUNT(*) AS tp_count FROM `sp_nav` LIMIT 1   [ RunTime:0.0003s ]
SQL: SELECT * FROM `sp_nav` ORDER BY id desc LIMIT 0,6   [ RunTime:0.0004s ]
INFO: [ view_parse ] --START--
INFO: [ template_filter ] --START--
INFO: Run Behavior\ContentReplaceBehavior [ RunTime:0.000082s ]
INFO: [ template_filter ] --END-- [ RunTime:0.000117s ]
NOTIC: [8] Undefined index: brand_name G:\phpstudy\PHPTutorial\WWW\shop\Application\Runtime\Cache\Admin\70e04a84d93202588d1717f6ef2f2e8e.php 第 303 行.
NOTIC: [8] Undefined index: brand_logo G:\phpstudy\PHPTutorial\WWW\shop\Application\Runtime\Cache\Admin\70e04a84d93202588d1717f6ef2f2e8e.php 第 305 行.
NOTIC: [8] Undefined index: brand_url G:\phpstudy\PHPTutorial\WWW\shop\Application\Runtime\Cache\Admin\70e04a84d93202588d1717f6ef2f2e8e.php 第 309 行.
NOTIC: [8] Undefined index: brand_url G:\phpstudy\PHPTutorial\WWW\shop\Application\Runtime\Cache\Admin\70e04a84d93202588d1717f6ef2f2e8e.php 第 309 行.
NOTIC: [8] Undefined index: brand_name G:\phpstudy\PHPTutorial\WWW\shop\Application\Runtime\Cache\Admin\70e04a84d93202588d1717f6ef2f2e8e.php 第 303 行.
NOTIC: [8] Undefined index: brand_logo G:\phpstudy\PHPTutorial\WWW\shop\Application\Runtime\Cache\Admin\70e04a84d93202588d1717f6ef2f2e8e.php 第 305 行.
NOTIC: [8] Undefined index: brand_url G:\phpstudy\PHPTutorial\WWW\shop\Application\Runtime\Cache\Admin\70e04a84d93202588d1717f6ef2f2e8e.php 第 309 行.
NOTIC: [8] Undefined index: brand_url G:\phpstudy\PHPTutorial\WWW\shop\Application\Runtime\Cache\Admin\70e04a84d93202588d1717f6ef2f2e8e.php 第 309 行.
NOTIC: [8] Undefined index: brand_name G:\phpstudy\PHPTutorial\WWW\shop\Application\Runtime\Cache\Admin\70e04a84d93202588d1717f6ef2f2e8e.php 第 303 行.
NOTIC: [8] Undefined index: brand_logo G:\phpstudy\PHPTutorial\WWW\shop\Application\Runtime\Cache\Admin\70e04a84d93202588d1717f6ef2f2e8e.php 第 305 行.
NOTIC: [8] Undefined index: brand_url G:\phpstudy\PHPTutorial\WWW\shop\Application\Runtime\Cache\Admin\70e04a84d93202588d1717f6ef2f2e8e.php 第 309 行.
NOTIC: [8] Undefined index: brand_url G:\phpstudy\PHPTutorial\WWW\shop\Application\Runtime\Cache\Admin\70e04a84d93202588d1717f6ef2f2e8e.php 第 309 行.
NOTIC: [8] Undefined index: brand_name G:\phpstudy\PHPTutorial\WWW\shop\Application\Runtime\Cache\Admin\70e04a84d93202588d1717f6ef2f2e8e.php 第 303 行.
NOTIC: [8] Undefined index: brand_logo G:\phpstudy\PHPTutorial\WWW\shop\Application\Runtime\Cache\Admin\70e04a84d93202588d1717f6ef2f2e8e.php 第 305 行.
NOTIC: [8] Undefined index: brand_url G:\phpstudy\PHPTutorial\WWW\shop\Application\Runtime\Cache\Admin\70e04a84d93202588d1717f6ef2f2e8e.php 第 309 行.
NOTIC: [8] Undefined index: brand_url G:\phpstudy\PHPTutorial\WWW\shop\Application\Runtime\Cache\Admin\70e04a84d93202588d1717f6ef2f2e8e.php 第 309 行.
INFO: Run Behavior\ParseTemplateBehavior [ RunTime:0.009960s ]
INFO: [ view_parse ] --END-- [ RunTime:0.009994s ]
INFO: [ view_filter ] --START--
INFO: Run Behavior\WriteHtmlCacheBehavior [ RunTime:0.000272s ]
INFO: [ view_filter ] --END-- [ RunTime:0.000300s ]
INFO: [ app_end ] --START--
INFO: Run Behavior\ShowPageTraceBehavior [ RunTime:0.000985s ]
INFO: [ app_end ] --END-- [ RunTime:0.001029s ]

[ 2018-03-22T00:42:10+08:00 ] 127.0.0.1 /shop/index.php/Admin/Nav/lst.html
INFO: [ app_init ] --START--
INFO: Run Behavior\BuildLiteBehavior [ RunTime:0.000011s ]
INFO: [ app_init ] --END-- [ RunTime:0.000405s ]
INFO: [ app_begin ] --START--
INFO: Run Behavior\ReadHtmlCacheBehavior [ RunTime:0.000650s ]
INFO: [ app_begin ] --END-- [ RunTime:0.000686s ]
SQL: SHOW COLUMNS FROM `sp_nav` [ RunTime:0.0077s ]
SQL: SELECT COUNT(*) AS tp_count FROM `sp_nav` LIMIT 1   [ RunTime:0.0002s ]
SQL: SELECT * FROM `sp_nav` ORDER BY id desc LIMIT 0,6   [ RunTime:0.0004s ]
INFO: [ view_parse ] --START--
INFO: [ template_filter ] --START--
INFO: Run Behavior\ContentReplaceBehavior [ RunTime:0.000086s ]
INFO: [ template_filter ] --END-- [ RunTime:0.000123s ]
INFO: Run Behavior\ParseTemplateBehavior [ RunTime:0.013419s ]
INFO: [ view_parse ] --END-- [ RunTime:0.013466s ]
INFO: [ view_filter ] --START--
INFO: Run Behavior\WriteHtmlCacheBehavior [ RunTime:0.000431s ]
INFO: [ view_filter ] --END-- [ RunTime:0.000458s ]
INFO: [ app_end ] --START--
INFO: Run Behavior\ShowPageTraceBehavior [ RunTime:0.001076s ]
INFO: [ app_end ] --END-- [ RunTime:0.001117s ]

