[ 2018-05-26T13:20:03+08:00 ] 127.0.0.1 /shop/index.php/Admin/Goods/ajaxgetattr/typeid/2
INFO: [ app_begin ] --START--
INFO: Run Behavior\ReadHtmlCacheBehavior [ RunTime:0.000891s ]
INFO: [ app_begin ] --END-- [ RunTime:0.001401s ]
SQL: SHOW COLUMNS FROM `sp_attr` [ RunTime:0.0072s ]
SQL: SELECT * FROM `sp_attr` WHERE `type_id` = 2  [ RunTime:0.0005s ]
INFO: [ app_end ] --START--
INFO: Run Behavior\ShowPageTraceBehavior [ RunTime:0.000734s ]
INFO: [ app_end ] --END-- [ RunTime:0.000793s ]

[ 2018-05-26T13:28:10+08:00 ] 127.0.0.1 /shop/index.php/Admin/Goods/ajaxgetattr/typeid/2
INFO: [ app_begin ] --START--
INFO: Run Behavior\ReadHtmlCacheBehavior [ RunTime:0.000732s ]
INFO: [ app_begin ] --END-- [ RunTime:0.001082s ]
SQL: SHOW COLUMNS FROM `sp_attr` [ RunTime:0.0068s ]
SQL: SELECT * FROM `sp_attr` WHERE `type_id` = 2  [ RunTime:0.0003s ]
INFO: [ app_end ] --START--
INFO: Run Behavior\ShowPageTraceBehavior [ RunTime:0.000802s ]
INFO: [ app_end ] --END-- [ RunTime:0.000831s ]

[ 2018-05-26T13:46:20+08:00 ] 127.0.0.1 /shop/index.php/Admin/Goods/ajaxgetattr/typeid/2
INFO: [ app_begin ] --START--
INFO: Run Behavior\ReadHtmlCacheBehavior [ RunTime:0.000608s ]
INFO: [ app_begin ] --END-- [ RunTime:0.001010s ]
SQL: SHOW COLUMNS FROM `sp_attr` [ RunTime:0.0068s ]
SQL: SELECT * FROM `sp_attr` WHERE `type_id` = 2  [ RunTime:0.0004s ]
INFO: [ app_end ] --START--
INFO: Run Behavior\ShowPageTraceBehavior [ RunTime:0.006198s ]
INFO: [ app_end ] --END-- [ RunTime:0.006240s ]

[ 2018-05-26T14:19:25+08:00 ] 127.0.0.1 /shop/index.php/Admin/Goods/ajaxgetattr/typeid/2
INFO: [ app_begin ] --START--
INFO: Run Behavior\ReadHtmlCacheBehavior [ RunTime:0.000843s ]
INFO: [ app_begin ] --END-- [ RunTime:0.001325s ]
SQL: SHOW COLUMNS FROM `sp_attr` [ RunTime:0.0066s ]
SQL: SELECT * FROM `sp_attr` WHERE `type_id` = 2  [ RunTime:0.0003s ]
INFO: [ app_end ] --START--
INFO: Run Behavior\ShowPageTraceBehavior [ RunTime:0.000804s ]
INFO: [ app_end ] --END-- [ RunTime:0.000836s ]

[ 2018-05-26T14:26:31+08:00 ] 127.0.0.1 /shop/index.php/Admin/Goods/ajaxgetattr/typeid/2
INFO: [ app_begin ] --START--
INFO: Run Behavior\ReadHtmlCacheBehavior [ RunTime:0.001063s ]
INFO: [ app_begin ] --END-- [ RunTime:0.001414s ]
SQL: SHOW COLUMNS FROM `sp_attr` [ RunTime:0.0073s ]
SQL: SELECT * FROM `sp_attr` WHERE `type_id` = 2  [ RunTime:0.0003s ]
INFO: [ app_end ] --START--
INFO: Run Behavior\ShowPageTraceBehavior [ RunTime:0.001213s ]
INFO: [ app_end ] --END-- [ RunTime:0.001262s ]

[ 2018-05-26T14:43:20+08:00 ] 127.0.0.1 /shop/index.php/Admin/Goods/ajaxgetattr/typeid/2
INFO: [ app_begin ] --START--
INFO: Run Behavior\ReadHtmlCacheBehavior [ RunTime:0.001157s ]
INFO: [ app_begin ] --END-- [ RunTime:0.001602s ]
SQL: SHOW COLUMNS FROM `sp_attr` [ RunTime:0.0070s ]
SQL: SELECT * FROM `sp_attr` WHERE `type_id` = 2  [ RunTime:0.0003s ]
INFO: [ app_end ] --START--
INFO: Run Behavior\ShowPageTraceBehavior [ RunTime:0.000954s ]
INFO: [ app_end ] --END-- [ RunTime:0.000982s ]

[ 2018-05-26T15:27:40+08:00 ] 127.0.0.1 /shop/index.php/Admin/Goods/ajaxgetattr/typeid/2
INFO: [ app_begin ] --START--
INFO: Run Behavior\ReadHtmlCacheBehavior [ RunTime:0.002041s ]
INFO: [ app_begin ] --END-- [ RunTime:0.002643s ]
SQL: SHOW COLUMNS FROM `sp_attr` [ RunTime:0.0037s ]
SQL: SELECT * FROM `sp_attr` WHERE `type_id` = 2  [ RunTime:0.0004s ]
INFO: [ app_end ] --START--
INFO: Run Behavior\ShowPageTraceBehavior [ RunTime:0.001073s ]
INFO: [ app_end ] --END-- [ RunTime:0.001139s ]

[ 2018-05-26T15:54:24+08:00 ] 127.0.0.1 /shop/index.php/Admin/Goods/ajaxgetattr/typeid/2
INFO: [ app_begin ] --START--
INFO: Run Behavior\ReadHtmlCacheBehavior [ RunTime:0.001029s ]
INFO: [ app_begin ] --END-- [ RunTime:0.001372s ]
SQL: SHOW COLUMNS FROM `sp_attr` [ RunTime:0.0072s ]
SQL: SELECT * FROM `sp_attr` WHERE `type_id` = 2  [ RunTime:0.0003s ]
INFO: [ app_end ] --START--
INFO: Run Behavior\ShowPageTraceBehavior [ RunTime:0.001267s ]
INFO: [ app_end ] --END-- [ RunTime:0.001309s ]

